mode: set
github.cbhq.net/engineering/docstore/testdata/expected/coinbase/docstore/test/account/encryptedfields.pb.mongo.go:44.74,50.2 1 0
github.cbhq.net/engineering/docstore/testdata/expected/coinbase/docstore/test/account/encryptedfields.pb.mongo.go:52.126,62.2 4 0
github.cbhq.net/engineering/docstore/testdata/expected/coinbase/docstore/test/account/encryptedfields.pb.mongo.go:64.129,74.2 4 0
github.cbhq.net/engineering/docstore/testdata/expected/coinbase/docstore/test/account/encryptedfields.pb.mongo.go:76.129,86.2 4 0
github.cbhq.net/engineering/docstore/testdata/expected/coinbase/docstore/test/account/encryptedfields.pb.mongo.go:88.126,98.2 4 0
github.cbhq.net/engineering/docstore/testdata/expected/coinbase/docstore/test/account/encryptedfields.pb.mongo.go:100.126,110.2 4 0
github.cbhq.net/engineering/docstore/testdata/expected/coinbase/docstore/test/account/encryptedfields.pb.mongo.go:112.127,122.2 4 0
github.cbhq.net/engineering/docstore/testdata/expected/coinbase/docstore/test/account/encryptedfields.pb.mongo.go:124.127,134.2 4 0
github.cbhq.net/engineering/docstore/testdata/expected/coinbase/docstore/test/account/encryptedfields.pb.mongo.go:140.84,146.2 1 0
github.cbhq.net/engineering/docstore/testdata/expected/coinbase/docstore/test/account/encryptedfields.pb.mongo.go:148.136,158.2 4 0
github.cbhq.net/engineering/docstore/testdata/expected/coinbase/docstore/test/account/encryptedfields.pb.mongo.go:160.139,170.2 4 0
github.cbhq.net/engineering/docstore/testdata/expected/coinbase/docstore/test/account/encryptedfields.pb.mongo.go:172.139,182.2 4 0
github.cbhq.net/engineering/docstore/testdata/expected/coinbase/docstore/test/account/encryptedfields.pb.mongo.go:184.136,194.2 4 0
github.cbhq.net/engineering/docstore/testdata/expected/coinbase/docstore/test/account/encryptedfields.pb.mongo.go:196.136,206.2 4 0
github.cbhq.net/engineering/docstore/testdata/expected/coinbase/docstore/test/account/encryptedfields.pb.mongo.go:208.137,218.2 4 0
github.cbhq.net/engineering/docstore/testdata/expected/coinbase/docstore/test/account/encryptedfields.pb.mongo.go:220.137,230.2 4 0
github.cbhq.net/engineering/docstore/testdata/expected/coinbase/docstore/test/account/encryptedfields.pb.mongo.go:232.115,236.16 3 0
github.cbhq.net/engineering/docstore/testdata/expected/coinbase/docstore/test/account/encryptedfields.pb.mongo.go:240.2,245.10 2 0
github.cbhq.net/engineering/docstore/testdata/expected/coinbase/docstore/test/account/encryptedfields.pb.mongo.go:236.16,239.3 2 0
github.cbhq.net/engineering/docstore/testdata/expected/coinbase/docstore/test/account/encryptedfields.pb.mongo.go:248.118,252.16 3 0
github.cbhq.net/engineering/docstore/testdata/expected/coinbase/docstore/test/account/encryptedfields.pb.mongo.go:256.2,261.10 2 0
github.cbhq.net/engineering/docstore/testdata/expected/coinbase/docstore/test/account/encryptedfields.pb.mongo.go:252.16,255.3 2 0
github.cbhq.net/engineering/docstore/testdata/expected/coinbase/docstore/test/account/encryptedfields.pb.mongo.go:264.118,268.25 3 0
github.cbhq.net/engineering/docstore/testdata/expected/coinbase/docstore/test/account/encryptedfields.pb.mongo.go:276.2,281.10 2 0
github.cbhq.net/engineering/docstore/testdata/expected/coinbase/docstore/test/account/encryptedfields.pb.mongo.go:268.25,270.17 2 0
github.cbhq.net/engineering/docstore/testdata/expected/coinbase/docstore/test/account/encryptedfields.pb.mongo.go:274.3,274.23 1 0
github.cbhq.net/engineering/docstore/testdata/expected/coinbase/docstore/test/account/encryptedfields.pb.mongo.go:270.17,273.4 2 0
github.cbhq.net/engineering/docstore/testdata/expected/coinbase/docstore/test/account/encryptedfields.pb.mongo.go:284.115,288.16 3 0
github.cbhq.net/engineering/docstore/testdata/expected/coinbase/docstore/test/account/encryptedfields.pb.mongo.go:292.2,297.10 2 0
github.cbhq.net/engineering/docstore/testdata/expected/coinbase/docstore/test/account/encryptedfields.pb.mongo.go:288.16,291.3 2 0
github.cbhq.net/engineering/docstore/testdata/expected/coinbase/docstore/test/account/encryptedfields.pb.mongo.go:300.115,304.16 3 0
github.cbhq.net/engineering/docstore/testdata/expected/coinbase/docstore/test/account/encryptedfields.pb.mongo.go:308.2,313.10 2 0
github.cbhq.net/engineering/docstore/testdata/expected/coinbase/docstore/test/account/encryptedfields.pb.mongo.go:304.16,307.3 2 0
github.cbhq.net/engineering/docstore/testdata/expected/coinbase/docstore/test/account/encryptedfields.pb.mongo.go:316.116,320.16 3 0
github.cbhq.net/engineering/docstore/testdata/expected/coinbase/docstore/test/account/encryptedfields.pb.mongo.go:324.2,329.10 2 0
github.cbhq.net/engineering/docstore/testdata/expected/coinbase/docstore/test/account/encryptedfields.pb.mongo.go:320.16,323.3 2 0
github.cbhq.net/engineering/docstore/testdata/expected/coinbase/docstore/test/account/encryptedfields.pb.mongo.go:332.116,336.16 3 0
github.cbhq.net/engineering/docstore/testdata/expected/coinbase/docstore/test/account/encryptedfields.pb.mongo.go:340.2,345.10 2 0
github.cbhq.net/engineering/docstore/testdata/expected/coinbase/docstore/test/account/encryptedfields.pb.mongo.go:336.16,339.3 2 0
github.cbhq.net/engineering/docstore/testdata/expected/coinbase/docstore/test/account/encryptedfields.pb.mongo.go:352.72,358.2 1 0
github.cbhq.net/engineering/docstore/testdata/expected/coinbase/docstore/test/account/encryptedfields.pb.mongo.go:360.118,370.2 4 0
github.cbhq.net/engineering/docstore/testdata/expected/coinbase/docstore/test/account/encryptedfields.pb.mongo.go:372.121,382.2 4 0
github.cbhq.net/engineering/docstore/testdata/expected/coinbase/docstore/test/account/encryptedfields.pb.mongo.go:384.121,394.2 4 0
github.cbhq.net/engineering/docstore/testdata/expected/coinbase/docstore/test/account/encryptedfields.pb.mongo.go:396.118,406.2 4 0
github.cbhq.net/engineering/docstore/testdata/expected/coinbase/docstore/test/account/encryptedfields.pb.mongo.go:408.118,418.2 4 0
github.cbhq.net/engineering/docstore/testdata/expected/coinbase/docstore/test/account/encryptedfields.pb.mongo.go:420.119,430.2 4 0
github.cbhq.net/engineering/docstore/testdata/expected/coinbase/docstore/test/account/encryptedfields.pb.mongo.go:432.119,442.2 4 0
github.cbhq.net/engineering/docstore/testdata/expected/coinbase/docstore/test/account/encryptedfields.pb.mongo.go:448.58,454.2 1 0
github.cbhq.net/engineering/docstore/testdata/expected/coinbase/docstore/test/account/encryptedfields.pb.mongo.go:456.89,460.16 3 0
github.cbhq.net/engineering/docstore/testdata/expected/coinbase/docstore/test/account/encryptedfields.pb.mongo.go:464.2,469.10 2 0
github.cbhq.net/engineering/docstore/testdata/expected/coinbase/docstore/test/account/encryptedfields.pb.mongo.go:460.16,463.3 2 0
github.cbhq.net/engineering/docstore/testdata/expected/coinbase/docstore/test/account/encryptedfields.pb.mongo.go:472.92,476.16 3 0
github.cbhq.net/engineering/docstore/testdata/expected/coinbase/docstore/test/account/encryptedfields.pb.mongo.go:480.2,485.10 2 0
github.cbhq.net/engineering/docstore/testdata/expected/coinbase/docstore/test/account/encryptedfields.pb.mongo.go:476.16,479.3 2 0
github.cbhq.net/engineering/docstore/testdata/expected/coinbase/docstore/test/account/encryptedfields.pb.mongo.go:488.92,492.25 3 0
github.cbhq.net/engineering/docstore/testdata/expected/coinbase/docstore/test/account/encryptedfields.pb.mongo.go:500.2,505.10 2 0
github.cbhq.net/engineering/docstore/testdata/expected/coinbase/docstore/test/account/encryptedfields.pb.mongo.go:492.25,494.17 2 0
github.cbhq.net/engineering/docstore/testdata/expected/coinbase/docstore/test/account/encryptedfields.pb.mongo.go:498.3,498.23 1 0
github.cbhq.net/engineering/docstore/testdata/expected/coinbase/docstore/test/account/encryptedfields.pb.mongo.go:494.17,497.4 2 0
github.cbhq.net/engineering/docstore/testdata/expected/coinbase/docstore/test/account/encryptedfields.pb.mongo.go:508.89,512.16 3 0
github.cbhq.net/engineering/docstore/testdata/expected/coinbase/docstore/test/account/encryptedfields.pb.mongo.go:516.2,521.10 2 0
github.cbhq.net/engineering/docstore/testdata/expected/coinbase/docstore/test/account/encryptedfields.pb.mongo.go:512.16,515.3 2 0
github.cbhq.net/engineering/docstore/testdata/expected/coinbase/docstore/test/account/encryptedfields.pb.mongo.go:524.89,528.16 3 0
github.cbhq.net/engineering/docstore/testdata/expected/coinbase/docstore/test/account/encryptedfields.pb.mongo.go:532.2,537.10 2 0
github.cbhq.net/engineering/docstore/testdata/expected/coinbase/docstore/test/account/encryptedfields.pb.mongo.go:528.16,531.3 2 0
github.cbhq.net/engineering/docstore/testdata/expected/coinbase/docstore/test/account/encryptedfields.pb.mongo.go:540.90,544.16 3 0
github.cbhq.net/engineering/docstore/testdata/expected/coinbase/docstore/test/account/encryptedfields.pb.mongo.go:548.2,553.10 2 0
github.cbhq.net/engineering/docstore/testdata/expected/coinbase/docstore/test/account/encryptedfields.pb.mongo.go:544.16,547.3 2 0
github.cbhq.net/engineering/docstore/testdata/expected/coinbase/docstore/test/account/encryptedfields.pb.mongo.go:556.90,560.16 3 0
github.cbhq.net/engineering/docstore/testdata/expected/coinbase/docstore/test/account/encryptedfields.pb.mongo.go:564.2,569.10 2 0
github.cbhq.net/engineering/docstore/testdata/expected/coinbase/docstore/test/account/encryptedfields.pb.mongo.go:560.16,563.3 2 0
github.cbhq.net/engineering/docstore/testdata/expected/coinbase/docstore/test/account/encryptedfields.pb.mongo.go:610.167,612.16 2 0
github.cbhq.net/engineering/docstore/testdata/expected/coinbase/docstore/test/account/encryptedfields.pb.mongo.go:616.2,617.58 2 0
github.cbhq.net/engineering/docstore/testdata/expected/coinbase/docstore/test/account/encryptedfields.pb.mongo.go:625.2,628.59 3 0
github.cbhq.net/engineering/docstore/testdata/expected/coinbase/docstore/test/account/encryptedfields.pb.mongo.go:636.2,639.63 3 0
github.cbhq.net/engineering/docstore/testdata/expected/coinbase/docstore/test/account/encryptedfields.pb.mongo.go:648.2,649.63 2 0
github.cbhq.net/engineering/docstore/testdata/expected/coinbase/docstore/test/account/encryptedfields.pb.mongo.go:657.2,660.65 3 0
github.cbhq.net/engineering/docstore/testdata/expected/coinbase/docstore/test/account/encryptedfields.pb.mongo.go:668.2,670.22 2 0
github.cbhq.net/engineering/docstore/testdata/expected/coinbase/docstore/test/account/encryptedfields.pb.mongo.go:674.2,678.65 3 0
github.cbhq.net/engineering/docstore/testdata/expected/coinbase/docstore/test/account/encryptedfields.pb.mongo.go:682.2,682.18 1 0
github.cbhq.net/engineering/docstore/testdata/expected/coinbase/docstore/test/account/encryptedfields.pb.mongo.go:686.2,687.28 2 0
github.cbhq.net/engineering/docstore/testdata/expected/coinbase/docstore/test/account/encryptedfields.pb.mongo.go:690.2,690.25 1 0
github.cbhq.net/engineering/docstore/testdata/expected/coinbase/docstore/test/account/encryptedfields.pb.mongo.go:693.2,703.16 2 0
github.cbhq.net/engineering/docstore/testdata/expected/coinbase/docstore/test/account/encryptedfields.pb.mongo.go:708.2,711.16 3 0
github.cbhq.net/engineering/docstore/testdata/expected/coinbase/docstore/test/account/encryptedfields.pb.mongo.go:714.2,718.16 4 0
github.cbhq.net/engineering/docstore/testdata/expected/coinbase/docstore/test/account/encryptedfields.pb.mongo.go:721.2,733.16 5 0
github.cbhq.net/engineering/docstore/testdata/expected/coinbase/docstore/test/account/encryptedfields.pb.mongo.go:737.2,737.27 1 0
github.cbhq.net/engineering/docstore/testdata/expected/coinbase/docstore/test/account/encryptedfields.pb.mongo.go:612.16,614.3 1 0
github.cbhq.net/engineering/docstore/testdata/expected/coinbase/docstore/test/account/encryptedfields.pb.mongo.go:617.58,619.3 1 0
github.cbhq.net/engineering/docstore/testdata/expected/coinbase/docstore/test/account/encryptedfields.pb.mongo.go:619.8,621.16 2 0
github.cbhq.net/engineering/docstore/testdata/expected/coinbase/docstore/test/account/encryptedfields.pb.mongo.go:621.16,623.4 1 0
github.cbhq.net/engineering/docstore/testdata/expected/coinbase/docstore/test/account/encryptedfields.pb.mongo.go:628.59,630.3 1 0
github.cbhq.net/engineering/docstore/testdata/expected/coinbase/docstore/test/account/encryptedfields.pb.mongo.go:630.8,632.17 2 0
github.cbhq.net/engineering/docstore/testdata/expected/coinbase/docstore/test/account/encryptedfields.pb.mongo.go:632.17,634.4 1 0
github.cbhq.net/engineering/docstore/testdata/expected/coinbase/docstore/test/account/encryptedfields.pb.mongo.go:639.63,641.3 1 0
github.cbhq.net/engineering/docstore/testdata/expected/coinbase/docstore/test/account/encryptedfields.pb.mongo.go:641.8,643.17 2 0
github.cbhq.net/engineering/docstore/testdata/expected/coinbase/docstore/test/account/encryptedfields.pb.mongo.go:643.17,645.4 1 0
github.cbhq.net/engineering/docstore/testdata/expected/coinbase/docstore/test/account/encryptedfields.pb.mongo.go:649.63,651.3 1 0
github.cbhq.net/engineering/docstore/testdata/expected/coinbase/docstore/test/account/encryptedfields.pb.mongo.go:651.8,653.17 2 0
github.cbhq.net/engineering/docstore/testdata/expected/coinbase/docstore/test/account/encryptedfields.pb.mongo.go:653.17,655.4 1 0
github.cbhq.net/engineering/docstore/testdata/expected/coinbase/docstore/test/account/encryptedfields.pb.mongo.go:660.65,662.3 1 0
github.cbhq.net/engineering/docstore/testdata/expected/coinbase/docstore/test/account/encryptedfields.pb.mongo.go:662.8,664.17 2 0
github.cbhq.net/engineering/docstore/testdata/expected/coinbase/docstore/test/account/encryptedfields.pb.mongo.go:664.17,666.4 1 0
github.cbhq.net/engineering/docstore/testdata/expected/coinbase/docstore/test/account/encryptedfields.pb.mongo.go:670.22,672.3 1 0
github.cbhq.net/engineering/docstore/testdata/expected/coinbase/docstore/test/account/encryptedfields.pb.mongo.go:678.65,680.3 1 0
github.cbhq.net/engineering/docstore/testdata/expected/coinbase/docstore/test/account/encryptedfields.pb.mongo.go:682.18,684.3 1 0
github.cbhq.net/engineering/docstore/testdata/expected/coinbase/docstore/test/account/encryptedfields.pb.mongo.go:687.28,689.3 1 0
github.cbhq.net/engineering/docstore/testdata/expected/coinbase/docstore/test/account/encryptedfields.pb.mongo.go:690.25,692.3 1 0
github.cbhq.net/engineering/docstore/testdata/expected/coinbase/docstore/test/account/encryptedfields.pb.mongo.go:703.16,705.3 1 0
github.cbhq.net/engineering/docstore/testdata/expected/coinbase/docstore/test/account/encryptedfields.pb.mongo.go:711.16,713.3 1 0
github.cbhq.net/engineering/docstore/testdata/expected/coinbase/docstore/test/account/encryptedfields.pb.mongo.go:718.16,720.3 1 0
github.cbhq.net/engineering/docstore/testdata/expected/coinbase/docstore/test/account/encryptedfields.pb.mongo.go:733.16,736.3 2 0
github.cbhq.net/engineering/docstore/testdata/expected/coinbase/docstore/test/account/encryptedfields.pb.mongo.go:740.146,745.28 4 0
github.cbhq.net/engineering/docstore/testdata/expected/coinbase/docstore/test/account/encryptedfields.pb.mongo.go:748.2,749.18 2 0
github.cbhq.net/engineering/docstore/testdata/expected/coinbase/docstore/test/account/encryptedfields.pb.mongo.go:752.2,757.16 3 0
github.cbhq.net/engineering/docstore/testdata/expected/coinbase/docstore/test/account/encryptedfields.pb.mongo.go:761.2,761.27 1 0
github.cbhq.net/engineering/docstore/testdata/expected/coinbase/docstore/test/account/encryptedfields.pb.mongo.go:764.2,764.12 1 0
github.cbhq.net/engineering/docstore/testdata/expected/coinbase/docstore/test/account/encryptedfields.pb.mongo.go:745.28,747.3 1 0
github.cbhq.net/engineering/docstore/testdata/expected/coinbase/docstore/test/account/encryptedfields.pb.mongo.go:749.18,751.3 1 0
github.cbhq.net/engineering/docstore/testdata/expected/coinbase/docstore/test/account/encryptedfields.pb.mongo.go:757.16,760.3 2 0
github.cbhq.net/engineering/docstore/testdata/expected/coinbase/docstore/test/account/encryptedfields.pb.mongo.go:761.27,763.3 1 0
github.cbhq.net/engineering/docstore/testdata/expected/coinbase/docstore/test/account/encryptedfields.pb.mongo.go:767.122,773.22 5 0
github.cbhq.net/engineering/docstore/testdata/expected/coinbase/docstore/test/account/encryptedfields.pb.mongo.go:777.2,778.16 2 0
github.cbhq.net/engineering/docstore/testdata/expected/coinbase/docstore/test/account/encryptedfields.pb.mongo.go:783.2,784.37 2 0
github.cbhq.net/engineering/docstore/testdata/expected/coinbase/docstore/test/account/encryptedfields.pb.mongo.go:788.2,788.17 1 0
github.cbhq.net/engineering/docstore/testdata/expected/coinbase/docstore/test/account/encryptedfields.pb.mongo.go:773.22,775.3 1 0
github.cbhq.net/engineering/docstore/testdata/expected/coinbase/docstore/test/account/encryptedfields.pb.mongo.go:778.16,781.3 2 0
github.cbhq.net/engineering/docstore/testdata/expected/coinbase/docstore/test/account/encryptedfields.pb.mongo.go:784.37,786.3 1 0
github.cbhq.net/engineering/docstore/testdata/expected/coinbase/docstore/test/account/encryptedfields.pb.mongo.go:791.114,797.16 5 0
github.cbhq.net/engineering/docstore/testdata/expected/coinbase/docstore/test/account/encryptedfields.pb.mongo.go:801.2,803.64 2 0
github.cbhq.net/engineering/docstore/testdata/expected/coinbase/docstore/test/account/encryptedfields.pb.mongo.go:797.16,800.3 2 0
github.cbhq.net/engineering/docstore/testdata/expected/coinbase/docstore/test/account/encryptedfields.pb.mongo.go:909.59,911.2 1 0
github.cbhq.net/engineering/docstore/testdata/expected/coinbase/docstore/test/account/encryptedfields.pb.mongo.go:913.92,914.15 1 0
github.cbhq.net/engineering/docstore/testdata/expected/coinbase/docstore/test/account/encryptedfields.pb.mongo.go:918.2,919.55 2 0
github.cbhq.net/engineering/docstore/testdata/expected/coinbase/docstore/test/account/encryptedfields.pb.mongo.go:930.2,930.17 1 0
github.cbhq.net/engineering/docstore/testdata/expected/coinbase/docstore/test/account/encryptedfields.pb.mongo.go:914.15,916.3 1 0
github.cbhq.net/engineering/docstore/testdata/expected/coinbase/docstore/test/account/encryptedfields.pb.mongo.go:919.55,922.17 3 0
github.cbhq.net/engineering/docstore/testdata/expected/coinbase/docstore/test/account/encryptedfields.pb.mongo.go:922.17,925.4 2 0
github.cbhq.net/engineering/docstore/testdata/expected/coinbase/docstore/test/account/encryptedfields.pb.mongo.go:925.9,927.4 1 0
github.cbhq.net/engineering/docstore/testdata/expected/coinbase/docstore/test/account/encryptedfields.pb.mongo.go:933.159,938.2 4 0
github.cbhq.net/engineering/docstore/testdata/expected/coinbase/docstore/test/account/encryptedfields.pb.mongo.go:940.169,945.2 4 0
github.cbhq.net/engineering/docstore/testdata/expected/coinbase/docstore/test/account/encryptedfields.pb.mongo.go:947.170,952.2 4 0
github.cbhq.net/engineering/docstore/testdata/expected/coinbase/docstore/test/account/encryptedfields.pb.mongo.go:954.184,962.2 7 0
github.cbhq.net/engineering/docstore/testdata/expected/coinbase/docstore/test/account/encryptedfields.pb.mongo.go:964.156,969.2 4 0
github.cbhq.net/engineering/docstore/testdata/expected/coinbase/docstore/test/account/encryptedfields.pb.mongo.go:971.170,979.2 7 0
github.cbhq.net/engineering/docstore/testdata/expected/coinbase/docstore/test/account/encryptedfields.pb.mongo.go:981.163,985.16 3 0
github.cbhq.net/engineering/docstore/testdata/expected/coinbase/docstore/test/account/encryptedfields.pb.mongo.go:990.2,991.16 2 0
github.cbhq.net/engineering/docstore/testdata/expected/coinbase/docstore/test/account/encryptedfields.pb.mongo.go:996.2,999.27 1 0
github.cbhq.net/engineering/docstore/testdata/expected/coinbase/docstore/test/account/encryptedfields.pb.mongo.go:1004.2,1004.26 1 0
github.cbhq.net/engineering/docstore/testdata/expected/coinbase/docstore/test/account/encryptedfields.pb.mongo.go:985.16,988.3 2 0
github.cbhq.net/engineering/docstore/testdata/expected/coinbase/docstore/test/account/encryptedfields.pb.mongo.go:991.16,994.3 2 0
github.cbhq.net/engineering/docstore/testdata/expected/coinbase/docstore/test/account/encryptedfields.pb.mongo.go:999.27,1001.4 1 0
github.cbhq.net/engineering/docstore/testdata/expected/coinbase/docstore/test/account/encryptedfields.pb.mongo.go:1007.129,1016.34 6 0
github.cbhq.net/engineering/docstore/testdata/expected/coinbase/docstore/test/account/encryptedfields.pb.mongo.go:1024.2,1026.16 3 0
github.cbhq.net/engineering/docstore/testdata/expected/coinbase/docstore/test/account/encryptedfields.pb.mongo.go:1030.2,1030.18 1 0
github.cbhq.net/engineering/docstore/testdata/expected/coinbase/docstore/test/account/encryptedfields.pb.mongo.go:1016.34,1017.43 1 0
github.cbhq.net/engineering/docstore/testdata/expected/coinbase/docstore/test/account/encryptedfields.pb.mongo.go:1020.3,1021.18 2 0
github.cbhq.net/engineering/docstore/testdata/expected/coinbase/docstore/test/account/encryptedfields.pb.mongo.go:1017.43,1019.4 1 0
github.cbhq.net/engineering/docstore/testdata/expected/coinbase/docstore/test/account/encryptedfields.pb.mongo.go:1026.16,1029.3 2 0
github.cbhq.net/engineering/docstore/testdata/expected/coinbase/docstore/test/account/encryptedfields.pb.mongo.go:1033.156,1039.18 5 0
github.cbhq.net/engineering/docstore/testdata/expected/coinbase/docstore/test/account/encryptedfields.pb.mongo.go:1042.2,1047.34 3 0
github.cbhq.net/engineering/docstore/testdata/expected/coinbase/docstore/test/account/encryptedfields.pb.mongo.go:1055.2,1057.16 3 0
github.cbhq.net/engineering/docstore/testdata/expected/coinbase/docstore/test/account/encryptedfields.pb.mongo.go:1061.2,1061.18 1 0
github.cbhq.net/engineering/docstore/testdata/expected/coinbase/docstore/test/account/encryptedfields.pb.mongo.go:1039.18,1041.3 1 0
github.cbhq.net/engineering/docstore/testdata/expected/coinbase/docstore/test/account/encryptedfields.pb.mongo.go:1047.34,1048.43 1 0
github.cbhq.net/engineering/docstore/testdata/expected/coinbase/docstore/test/account/encryptedfields.pb.mongo.go:1051.3,1052.18 2 0
github.cbhq.net/engineering/docstore/testdata/expected/coinbase/docstore/test/account/encryptedfields.pb.mongo.go:1048.43,1050.4 1 0
github.cbhq.net/engineering/docstore/testdata/expected/coinbase/docstore/test/account/encryptedfields.pb.mongo.go:1057.16,1060.3 2 0
github.cbhq.net/engineering/docstore/testdata/expected/coinbase/docstore/test/account/encryptedfields.pb.mongo.go:1064.187,1070.37 5 0
github.cbhq.net/engineering/docstore/testdata/expected/coinbase/docstore/test/account/encryptedfields.pb.mongo.go:1079.2,1084.38 3 0
github.cbhq.net/engineering/docstore/testdata/expected/coinbase/docstore/test/account/encryptedfields.pb.mongo.go:1171.2,1172.16 2 0
github.cbhq.net/engineering/docstore/testdata/expected/coinbase/docstore/test/account/encryptedfields.pb.mongo.go:1175.2,1175.25 1 0
github.cbhq.net/engineering/docstore/testdata/expected/coinbase/docstore/test/account/encryptedfields.pb.mongo.go:1178.2,1178.12 1 0
github.cbhq.net/engineering/docstore/testdata/expected/coinbase/docstore/test/account/encryptedfields.pb.mongo.go:1070.37,1071.28 1 0
github.cbhq.net/engineering/docstore/testdata/expected/coinbase/docstore/test/account/encryptedfields.pb.mongo.go:1071.28,1072.30 1 0
github.cbhq.net/engineering/docstore/testdata/expected/coinbase/docstore/test/account/encryptedfields.pb.mongo.go:1075.4,1075.26 1 0
github.cbhq.net/engineering/docstore/testdata/expected/coinbase/docstore/test/account/encryptedfields.pb.mongo.go:1072.30,1074.5 1 0
github.cbhq.net/engineering/docstore/testdata/expected/coinbase/docstore/test/account/encryptedfields.pb.mongo.go:1084.38,1087.13 2 0
github.cbhq.net/engineering/docstore/testdata/expected/coinbase/docstore/test/account/encryptedfields.pb.mongo.go:1168.3,1168.75 1 0
github.cbhq.net/engineering/docstore/testdata/expected/coinbase/docstore/test/account/encryptedfields.pb.mongo.go:1088.16,1089.29 1 0
github.cbhq.net/engineering/docstore/testdata/expected/coinbase/docstore/test/account/encryptedfields.pb.mongo.go:1096.16,1097.29 1 0
github.cbhq.net/engineering/docstore/testdata/expected/coinbase/docstore/test/account/encryptedfields.pb.mongo.go:1124.21,1125.29 1 0
github.cbhq.net/engineering/docstore/testdata/expected/coinbase/docstore/test/account/encryptedfields.pb.mongo.go:1132.16,1133.29 1 0
github.cbhq.net/engineering/docstore/testdata/expected/coinbase/docstore/test/account/encryptedfields.pb.mongo.go:1140.16,1141.29 1 0
github.cbhq.net/engineering/docstore/testdata/expected/coinbase/docstore/test/account/encryptedfields.pb.mongo.go:1148.17,1149.29 1 0
github.cbhq.net/engineering/docstore/testdata/expected/coinbase/docstore/test/account/encryptedfields.pb.mongo.go:1156.21,1157.29 1 0
github.cbhq.net/engineering/docstore/testdata/expected/coinbase/docstore/test/account/encryptedfields.pb.mongo.go:1164.11,1165.124 1 0
github.cbhq.net/engineering/docstore/testdata/expected/coinbase/docstore/test/account/encryptedfields.pb.mongo.go:1089.29,1091.16 1 0
github.cbhq.net/engineering/docstore/testdata/expected/coinbase/docstore/test/account/encryptedfields.pb.mongo.go:1092.13,1093.136 1 0
github.cbhq.net/engineering/docstore/testdata/expected/coinbase/docstore/test/account/encryptedfields.pb.mongo.go:1097.29,1099.16 1 0
github.cbhq.net/engineering/docstore/testdata/expected/coinbase/docstore/test/account/encryptedfields.pb.mongo.go:1100.33,1101.132 1 0
github.cbhq.net/engineering/docstore/testdata/expected/coinbase/docstore/test/account/encryptedfields.pb.mongo.go:1102.40,1103.146 1 0
github.cbhq.net/engineering/docstore/testdata/expected/coinbase/docstore/test/account/encryptedfields.pb.mongo.go:1104.48,1105.162 1 0
github.cbhq.net/engineering/docstore/testdata/expected/coinbase/docstore/test/account/encryptedfields.pb.mongo.go:1106.47,1107.126 1 0
github.cbhq.net/engineering/docstore/testdata/expected/coinbase/docstore/test/account/encryptedfields.pb.mongo.go:1108.40,1109.112 1 0
github.cbhq.net/engineering/docstore/testdata/expected/coinbase/docstore/test/account/encryptedfields.pb.mongo.go:1110.42,1111.116 1 0
github.cbhq.net/engineering/docstore/testdata/expected/coinbase/docstore/test/account/encryptedfields.pb.mongo.go:1112.45,1113.122 1 0
github.cbhq.net/engineering/docstore/testdata/expected/coinbase/docstore/test/account/encryptedfields.pb.mongo.go:1114.29,1116.20 2 0
github.cbhq.net/engineering/docstore/testdata/expected/coinbase/docstore/test/account/encryptedfields.pb.mongo.go:1119.6,1119.83 1 0
github.cbhq.net/engineering/docstore/testdata/expected/coinbase/docstore/test/account/encryptedfields.pb.mongo.go:1120.13,1121.136 1 0
github.cbhq.net/engineering/docstore/testdata/expected/coinbase/docstore/test/account/encryptedfields.pb.mongo.go:1116.20,1118.7 1 0
github.cbhq.net/engineering/docstore/testdata/expected/coinbase/docstore/test/account/encryptedfields.pb.mongo.go:1125.29,1127.16 1 0
github.cbhq.net/engineering/docstore/testdata/expected/coinbase/docstore/test/account/encryptedfields.pb.mongo.go:1128.13,1129.136 1 0
github.cbhq.net/engineering/docstore/testdata/expected/coinbase/docstore/test/account/encryptedfields.pb.mongo.go:1133.29,1135.16 1 0
github.cbhq.net/engineering/docstore/testdata/expected/coinbase/docstore/test/account/encryptedfields.pb.mongo.go:1136.13,1137.136 1 0
github.cbhq.net/engineering/docstore/testdata/expected/coinbase/docstore/test/account/encryptedfields.pb.mongo.go:1141.29,1143.16 1 0
github.cbhq.net/engineering/docstore/testdata/expected/coinbase/docstore/test/account/encryptedfields.pb.mongo.go:1144.13,1145.136 1 0
github.cbhq.net/engineering/docstore/testdata/expected/coinbase/docstore/test/account/encryptedfields.pb.mongo.go:1149.29,1151.16 1 0
github.cbhq.net/engineering/docstore/testdata/expected/coinbase/docstore/test/account/encryptedfields.pb.mongo.go:1152.13,1153.136 1 0
github.cbhq.net/engineering/docstore/testdata/expected/coinbase/docstore/test/account/encryptedfields.pb.mongo.go:1157.29,1159.16 1 0
github.cbhq.net/engineering/docstore/testdata/expected/coinbase/docstore/test/account/encryptedfields.pb.mongo.go:1160.13,1161.136 1 0
github.cbhq.net/engineering/docstore/testdata/expected/coinbase/docstore/test/account/encryptedfields.pb.mongo.go:1172.16,1174.3 1 0
github.cbhq.net/engineering/docstore/testdata/expected/coinbase/docstore/test/account/encryptedfields.pb.mongo.go:1175.25,1177.3 1 0
github.cbhq.net/engineering/docstore/testdata/expected/coinbase/docstore/test/account/encryptedfields.pb.mongo.go:1181.115,1190.16 6 0
github.cbhq.net/engineering/docstore/testdata/expected/coinbase/docstore/test/account/encryptedfields.pb.mongo.go:1194.2,1194.33 1 0
github.cbhq.net/engineering/docstore/testdata/expected/coinbase/docstore/test/account/encryptedfields.pb.mongo.go:1197.2,1197.12 1 0
github.cbhq.net/engineering/docstore/testdata/expected/coinbase/docstore/test/account/encryptedfields.pb.mongo.go:1190.16,1193.3 2 0
github.cbhq.net/engineering/docstore/testdata/expected/coinbase/docstore/test/account/encryptedfields.pb.mongo.go:1194.33,1196.3 1 0
github.cbhq.net/engineering/docstore/testdata/expected/coinbase/docstore/test/account/encryptedfields.pb.mongo.go:1200.223,1206.37 5 0
github.cbhq.net/engineering/docstore/testdata/expected/coinbase/docstore/test/account/encryptedfields.pb.mongo.go:1215.2,1216.18 2 0
github.cbhq.net/engineering/docstore/testdata/expected/coinbase/docstore/test/account/encryptedfields.pb.mongo.go:1219.2,1225.38 3 0
github.cbhq.net/engineering/docstore/testdata/expected/coinbase/docstore/test/account/encryptedfields.pb.mongo.go:1318.2,1319.16 2 0
github.cbhq.net/engineering/docstore/testdata/expected/coinbase/docstore/test/account/encryptedfields.pb.mongo.go:1322.2,1322.25 1 0
github.cbhq.net/engineering/docstore/testdata/expected/coinbase/docstore/test/account/encryptedfields.pb.mongo.go:1325.2,1325.12 1 0
github.cbhq.net/engineering/docstore/testdata/expected/coinbase/docstore/test/account/encryptedfields.pb.mongo.go:1206.37,1207.28 1 0
github.cbhq.net/engineering/docstore/testdata/expected/coinbase/docstore/test/account/encryptedfields.pb.mongo.go:1207.28,1208.30 1 0
github.cbhq.net/engineering/docstore/testdata/expected/coinbase/docstore/test/account/encryptedfields.pb.mongo.go:1211.4,1211.26 1 0
github.cbhq.net/engineering/docstore/testdata/expected/coinbase/docstore/test/account/encryptedfields.pb.mongo.go:1208.30,1210.5 1 0
github.cbhq.net/engineering/docstore/testdata/expected/coinbase/docstore/test/account/encryptedfields.pb.mongo.go:1216.18,1218.3 1 0
github.cbhq.net/engineering/docstore/testdata/expected/coinbase/docstore/test/account/encryptedfields.pb.mongo.go:1225.38,1228.13 2 0
github.cbhq.net/engineering/docstore/testdata/expected/coinbase/docstore/test/account/encryptedfields.pb.mongo.go:1315.3,1315.75 1 0
github.cbhq.net/engineering/docstore/testdata/expected/coinbase/docstore/test/account/encryptedfields.pb.mongo.go:1229.16,1230.29 1 0
github.cbhq.net/engineering/docstore/testdata/expected/coinbase/docstore/test/account/encryptedfields.pb.mongo.go:1237.16,1238.29 1 0
github.cbhq.net/engineering/docstore/testdata/expected/coinbase/docstore/test/account/encryptedfields.pb.mongo.go:1271.21,1272.29 1 0
github.cbhq.net/engineering/docstore/testdata/expected/coinbase/docstore/test/account/encryptedfields.pb.mongo.go:1279.16,1280.29 1 0
github.cbhq.net/engineering/docstore/testdata/expected/coinbase/docstore/test/account/encryptedfields.pb.mongo.go:1287.16,1288.29 1 0
github.cbhq.net/engineering/docstore/testdata/expected/coinbase/docstore/test/account/encryptedfields.pb.mongo.go:1295.17,1296.29 1 0
github.cbhq.net/engineering/docstore/testdata/expected/coinbase/docstore/test/account/encryptedfields.pb.mongo.go:1303.21,1304.29 1 0
github.cbhq.net/engineering/docstore/testdata/expected/coinbase/docstore/test/account/encryptedfields.pb.mongo.go:1311.11,1312.124 1 0
github.cbhq.net/engineering/docstore/testdata/expected/coinbase/docstore/test/account/encryptedfields.pb.mongo.go:1230.29,1231.16 1 0
github.cbhq.net/engineering/docstore/testdata/expected/coinbase/docstore/test/account/encryptedfields.pb.mongo.go:1233.13,1234.141 1 0
github.cbhq.net/engineering/docstore/testdata/expected/coinbase/docstore/test/account/encryptedfields.pb.mongo.go:1238.29,1239.16 1 0
github.cbhq.net/engineering/docstore/testdata/expected/coinbase/docstore/test/account/encryptedfields.pb.mongo.go:1240.43,1241.142 1 0
github.cbhq.net/engineering/docstore/testdata/expected/coinbase/docstore/test/account/encryptedfields.pb.mongo.go:1242.51,1243.158 1 0
github.cbhq.net/engineering/docstore/testdata/expected/coinbase/docstore/test/account/encryptedfields.pb.mongo.go:1244.50,1245.156 1 0
github.cbhq.net/engineering/docstore/testdata/expected/coinbase/docstore/test/account/encryptedfields.pb.mongo.go:1246.58,1247.172 1 0
github.cbhq.net/engineering/docstore/testdata/expected/coinbase/docstore/test/account/encryptedfields.pb.mongo.go:1248.65,1249.142 1 0
github.cbhq.net/engineering/docstore/testdata/expected/coinbase/docstore/test/account/encryptedfields.pb.mongo.go:1250.57,1251.126 1 0
github.cbhq.net/engineering/docstore/testdata/expected/coinbase/docstore/test/account/encryptedfields.pb.mongo.go:1252.50,1253.112 1 0
github.cbhq.net/engineering/docstore/testdata/expected/coinbase/docstore/test/account/encryptedfields.pb.mongo.go:1254.51,1255.114 1 0
github.cbhq.net/engineering/docstore/testdata/expected/coinbase/docstore/test/account/encryptedfields.pb.mongo.go:1256.52,1257.116 1 0
github.cbhq.net/engineering/docstore/testdata/expected/coinbase/docstore/test/account/encryptedfields.pb.mongo.go:1258.55,1259.122 1 0
github.cbhq.net/engineering/docstore/testdata/expected/coinbase/docstore/test/account/encryptedfields.pb.mongo.go:1260.39,1262.20 2 0
github.cbhq.net/engineering/docstore/testdata/expected/coinbase/docstore/test/account/encryptedfields.pb.mongo.go:1265.6,1265.83 1 0
github.cbhq.net/engineering/docstore/testdata/expected/coinbase/docstore/test/account/encryptedfields.pb.mongo.go:1267.13,1268.141 1 0
github.cbhq.net/engineering/docstore/testdata/expected/coinbase/docstore/test/account/encryptedfields.pb.mongo.go:1262.20,1264.7 1 0
github.cbhq.net/engineering/docstore/testdata/expected/coinbase/docstore/test/account/encryptedfields.pb.mongo.go:1272.29,1273.16 1 0
github.cbhq.net/engineering/docstore/testdata/expected/coinbase/docstore/test/account/encryptedfields.pb.mongo.go:1275.13,1276.141 1 0
github.cbhq.net/engineering/docstore/testdata/expected/coinbase/docstore/test/account/encryptedfields.pb.mongo.go:1280.29,1281.16 1 0
github.cbhq.net/engineering/docstore/testdata/expected/coinbase/docstore/test/account/encryptedfields.pb.mongo.go:1283.13,1284.141 1 0
github.cbhq.net/engineering/docstore/testdata/expected/coinbase/docstore/test/account/encryptedfields.pb.mongo.go:1288.29,1289.16 1 0
github.cbhq.net/engineering/docstore/testdata/expected/coinbase/docstore/test/account/encryptedfields.pb.mongo.go:1291.13,1292.141 1 0
github.cbhq.net/engineering/docstore/testdata/expected/coinbase/docstore/test/account/encryptedfields.pb.mongo.go:1296.29,1297.16 1 0
github.cbhq.net/engineering/docstore/testdata/expected/coinbase/docstore/test/account/encryptedfields.pb.mongo.go:1299.13,1300.141 1 0
github.cbhq.net/engineering/docstore/testdata/expected/coinbase/docstore/test/account/encryptedfields.pb.mongo.go:1304.29,1305.16 1 0
github.cbhq.net/engineering/docstore/testdata/expected/coinbase/docstore/test/account/encryptedfields.pb.mongo.go:1307.13,1308.141 1 0
github.cbhq.net/engineering/docstore/testdata/expected/coinbase/docstore/test/account/encryptedfields.pb.mongo.go:1319.16,1321.3 1 0
github.cbhq.net/engineering/docstore/testdata/expected/coinbase/docstore/test/account/encryptedfields.pb.mongo.go:1322.25,1324.3 1 0
github.cbhq.net/engineering/docstore/testdata/expected/coinbase/docstore/test/account/encryptedfields.pb.mongo.go:1328.142,1334.18 5 0
github.cbhq.net/engineering/docstore/testdata/expected/coinbase/docstore/test/account/encryptedfields.pb.mongo.go:1337.2,1342.16 3 0
github.cbhq.net/engineering/docstore/testdata/expected/coinbase/docstore/test/account/encryptedfields.pb.mongo.go:1346.2,1346.33 1 0
github.cbhq.net/engineering/docstore/testdata/expected/coinbase/docstore/test/account/encryptedfields.pb.mongo.go:1349.2,1349.12 1 0
github.cbhq.net/engineering/docstore/testdata/expected/coinbase/docstore/test/account/encryptedfields.pb.mongo.go:1334.18,1336.3 1 0
github.cbhq.net/engineering/docstore/testdata/expected/coinbase/docstore/test/account/encryptedfields.pb.mongo.go:1342.16,1345.3 2 0
github.cbhq.net/engineering/docstore/testdata/expected/coinbase/docstore/test/account/encryptedfields.pb.mongo.go:1346.33,1348.3 1 0
github.cbhq.net/engineering/docstore/testdata/expected/coinbase/docstore/test/account/encryptedfields.pb.mongo.go:1352.210,1358.37 5 0
github.cbhq.net/engineering/docstore/testdata/expected/coinbase/docstore/test/account/encryptedfields.pb.mongo.go:1367.2,1368.18 2 0
github.cbhq.net/engineering/docstore/testdata/expected/coinbase/docstore/test/account/encryptedfields.pb.mongo.go:1371.2,1377.38 3 0
github.cbhq.net/engineering/docstore/testdata/expected/coinbase/docstore/test/account/encryptedfields.pb.mongo.go:1470.2,1471.16 2 0
github.cbhq.net/engineering/docstore/testdata/expected/coinbase/docstore/test/account/encryptedfields.pb.mongo.go:1474.2,1474.25 1 0
github.cbhq.net/engineering/docstore/testdata/expected/coinbase/docstore/test/account/encryptedfields.pb.mongo.go:1477.2,1477.12 1 0
github.cbhq.net/engineering/docstore/testdata/expected/coinbase/docstore/test/account/encryptedfields.pb.mongo.go:1358.37,1359.28 1 0
github.cbhq.net/engineering/docstore/testdata/expected/coinbase/docstore/test/account/encryptedfields.pb.mongo.go:1359.28,1360.30 1 0
github.cbhq.net/engineering/docstore/testdata/expected/coinbase/docstore/test/account/encryptedfields.pb.mongo.go:1363.4,1363.26 1 0
github.cbhq.net/engineering/docstore/testdata/expected/coinbase/docstore/test/account/encryptedfields.pb.mongo.go:1360.30,1362.5 1 0
github.cbhq.net/engineering/docstore/testdata/expected/coinbase/docstore/test/account/encryptedfields.pb.mongo.go:1368.18,1370.3 1 0
github.cbhq.net/engineering/docstore/testdata/expected/coinbase/docstore/test/account/encryptedfields.pb.mongo.go:1377.38,1380.13 2 0
github.cbhq.net/engineering/docstore/testdata/expected/coinbase/docstore/test/account/encryptedfields.pb.mongo.go:1467.3,1467.75 1 0
github.cbhq.net/engineering/docstore/testdata/expected/coinbase/docstore/test/account/encryptedfields.pb.mongo.go:1381.16,1382.29 1 0
github.cbhq.net/engineering/docstore/testdata/expected/coinbase/docstore/test/account/encryptedfields.pb.mongo.go:1389.16,1390.29 1 0
github.cbhq.net/engineering/docstore/testdata/expected/coinbase/docstore/test/account/encryptedfields.pb.mongo.go:1423.21,1424.29 1 0
github.cbhq.net/engineering/docstore/testdata/expected/coinbase/docstore/test/account/encryptedfields.pb.mongo.go:1431.16,1432.29 1 0
github.cbhq.net/engineering/docstore/testdata/expected/coinbase/docstore/test/account/encryptedfields.pb.mongo.go:1439.16,1440.29 1 0
github.cbhq.net/engineering/docstore/testdata/expected/coinbase/docstore/test/account/encryptedfields.pb.mongo.go:1447.17,1448.29 1 0
github.cbhq.net/engineering/docstore/testdata/expected/coinbase/docstore/test/account/encryptedfields.pb.mongo.go:1455.21,1456.29 1 0
github.cbhq.net/engineering/docstore/testdata/expected/coinbase/docstore/test/account/encryptedfields.pb.mongo.go:1463.11,1464.124 1 0
github.cbhq.net/engineering/docstore/testdata/expected/coinbase/docstore/test/account/encryptedfields.pb.mongo.go:1382.29,1383.16 1 0
github.cbhq.net/engineering/docstore/testdata/expected/coinbase/docstore/test/account/encryptedfields.pb.mongo.go:1385.13,1386.128 1 0
github.cbhq.net/engineering/docstore/testdata/expected/coinbase/docstore/test/account/encryptedfields.pb.mongo.go:1390.29,1391.16 1 0
github.cbhq.net/engineering/docstore/testdata/expected/coinbase/docstore/test/account/encryptedfields.pb.mongo.go:1392.43,1393.142 1 0
github.cbhq.net/engineering/docstore/testdata/expected/coinbase/docstore/test/account/encryptedfields.pb.mongo.go:1394.51,1395.158 1 0
github.cbhq.net/engineering/docstore/testdata/expected/coinbase/docstore/test/account/encryptedfields.pb.mongo.go:1396.50,1397.156 1 0
github.cbhq.net/engineering/docstore/testdata/expected/coinbase/docstore/test/account/encryptedfields.pb.mongo.go:1398.58,1399.172 1 0
github.cbhq.net/engineering/docstore/testdata/expected/coinbase/docstore/test/account/encryptedfields.pb.mongo.go:1400.65,1401.142 1 0
github.cbhq.net/engineering/docstore/testdata/expected/coinbase/docstore/test/account/encryptedfields.pb.mongo.go:1402.57,1403.126 1 0
github.cbhq.net/engineering/docstore/testdata/expected/coinbase/docstore/test/account/encryptedfields.pb.mongo.go:1404.50,1405.112 1 0
github.cbhq.net/engineering/docstore/testdata/expected/coinbase/docstore/test/account/encryptedfields.pb.mongo.go:1406.51,1407.114 1 0
github.cbhq.net/engineering/docstore/testdata/expected/coinbase/docstore/test/account/encryptedfields.pb.mongo.go:1408.52,1409.116 1 0
github.cbhq.net/engineering/docstore/testdata/expected/coinbase/docstore/test/account/encryptedfields.pb.mongo.go:1410.55,1411.122 1 0
github.cbhq.net/engineering/docstore/testdata/expected/coinbase/docstore/test/account/encryptedfields.pb.mongo.go:1412.39,1414.20 2 0
github.cbhq.net/engineering/docstore/testdata/expected/coinbase/docstore/test/account/encryptedfields.pb.mongo.go:1417.6,1417.83 1 0
github.cbhq.net/engineering/docstore/testdata/expected/coinbase/docstore/test/account/encryptedfields.pb.mongo.go:1419.13,1420.128 1 0
github.cbhq.net/engineering/docstore/testdata/expected/coinbase/docstore/test/account/encryptedfields.pb.mongo.go:1414.20,1416.7 1 0
github.cbhq.net/engineering/docstore/testdata/expected/coinbase/docstore/test/account/encryptedfields.pb.mongo.go:1424.29,1425.16 1 0
github.cbhq.net/engineering/docstore/testdata/expected/coinbase/docstore/test/account/encryptedfields.pb.mongo.go:1427.13,1428.128 1 0
github.cbhq.net/engineering/docstore/testdata/expected/coinbase/docstore/test/account/encryptedfields.pb.mongo.go:1432.29,1433.16 1 0
github.cbhq.net/engineering/docstore/testdata/expected/coinbase/docstore/test/account/encryptedfields.pb.mongo.go:1435.13,1436.128 1 0
github.cbhq.net/engineering/docstore/testdata/expected/coinbase/docstore/test/account/encryptedfields.pb.mongo.go:1440.29,1441.16 1 0
github.cbhq.net/engineering/docstore/testdata/expected/coinbase/docstore/test/account/encryptedfields.pb.mongo.go:1443.13,1444.128 1 0
github.cbhq.net/engineering/docstore/testdata/expected/coinbase/docstore/test/account/encryptedfields.pb.mongo.go:1448.29,1449.16 1 0
github.cbhq.net/engineering/docstore/testdata/expected/coinbase/docstore/test/account/encryptedfields.pb.mongo.go:1451.13,1452.128 1 0
github.cbhq.net/engineering/docstore/testdata/expected/coinbase/docstore/test/account/encryptedfields.pb.mongo.go:1456.29,1457.16 1 0
github.cbhq.net/engineering/docstore/testdata/expected/coinbase/docstore/test/account/encryptedfields.pb.mongo.go:1459.13,1460.128 1 0
github.cbhq.net/engineering/docstore/testdata/expected/coinbase/docstore/test/account/encryptedfields.pb.mongo.go:1471.16,1473.3 1 0
github.cbhq.net/engineering/docstore/testdata/expected/coinbase/docstore/test/account/encryptedfields.pb.mongo.go:1474.25,1476.3 1 0
github.cbhq.net/engineering/docstore/testdata/expected/coinbase/docstore/test/account/encryptedfields.pb.mongo.go:1480.129,1486.18 5 0
github.cbhq.net/engineering/docstore/testdata/expected/coinbase/docstore/test/account/encryptedfields.pb.mongo.go:1489.2,1494.16 3 0
github.cbhq.net/engineering/docstore/testdata/expected/coinbase/docstore/test/account/encryptedfields.pb.mongo.go:1498.2,1498.33 1 0
github.cbhq.net/engineering/docstore/testdata/expected/coinbase/docstore/test/account/encryptedfields.pb.mongo.go:1501.2,1501.12 1 0
github.cbhq.net/engineering/docstore/testdata/expected/coinbase/docstore/test/account/encryptedfields.pb.mongo.go:1486.18,1488.3 1 0
github.cbhq.net/engineering/docstore/testdata/expected/coinbase/docstore/test/account/encryptedfields.pb.mongo.go:1494.16,1497.3 2 0
github.cbhq.net/engineering/docstore/testdata/expected/coinbase/docstore/test/account/encryptedfields.pb.mongo.go:1498.33,1500.3 1 0
github.cbhq.net/engineering/docstore/testdata/expected/coinbase/docstore/test/account/encryptedfields.pb.mongo.go:1504.57,1506.2 1 0
github.cbhq.net/engineering/docstore/testdata/expected/coinbase/docstore/test/account/encryptedfields.pb.mongo.go:1508.58,1510.2 1 0
github.cbhq.net/engineering/docstore/testdata/expected/coinbase/docstore/test/account/encryptedfields.pb.mongo.go:1512.80,1521.2 4 0
github.cbhq.net/engineering/docstore/testdata/expected/coinbase/docstore/test/account/encryptedfields.pb.mongo.go:1523.71,1528.16 4 0
github.cbhq.net/engineering/docstore/testdata/expected/coinbase/docstore/test/account/encryptedfields.pb.mongo.go:1533.2,1533.12 1 0
github.cbhq.net/engineering/docstore/testdata/expected/coinbase/docstore/test/account/encryptedfields.pb.mongo.go:1528.16,1531.3 2 0
github.cbhq.net/engineering/docstore/testdata/expected/coinbase/docstore/test/account/liquidations.pb.go:53.54,57.2 3 0
github.cbhq.net/engineering/docstore/testdata/expected/coinbase/docstore/test/account/liquidations.pb.go:59.44,61.2 1 0
github.cbhq.net/engineering/docstore/testdata/expected/coinbase/docstore/test/account/liquidations.pb.go:63.67,65.2 1 0
github.cbhq.net/engineering/docstore/testdata/expected/coinbase/docstore/test/account/liquidations.pb.go:67.55,69.2 1 0
github.cbhq.net/engineering/docstore/testdata/expected/coinbase/docstore/test/account/liquidations.pb.go:71.61,73.2 1 0
github.cbhq.net/engineering/docstore/testdata/expected/coinbase/docstore/test/account/liquidations.pb.go:76.59,78.2 1 0
github.cbhq.net/engineering/docstore/testdata/expected/coinbase/docstore/test/account/liquidations.pb.go:106.46,110.2 3 0
github.cbhq.net/engineering/docstore/testdata/expected/coinbase/docstore/test/account/liquidations.pb.go:112.40,114.2 1 0
github.cbhq.net/engineering/docstore/testdata/expected/coinbase/docstore/test/account/liquidations.pb.go:116.63,118.2 1 0
github.cbhq.net/engineering/docstore/testdata/expected/coinbase/docstore/test/account/liquidations.pb.go:120.51,122.2 1 0
github.cbhq.net/engineering/docstore/testdata/expected/coinbase/docstore/test/account/liquidations.pb.go:124.57,126.2 1 0
github.cbhq.net/engineering/docstore/testdata/expected/coinbase/docstore/test/account/liquidations.pb.go:129.55,131.2 1 0
github.cbhq.net/engineering/docstore/testdata/expected/coinbase/docstore/test/account/liquidations.pb.go:156.54,160.2 3 0
github.cbhq.net/engineering/docstore/testdata/expected/coinbase/docstore/test/account/liquidations.pb.go:162.44,164.2 1 0
github.cbhq.net/engineering/docstore/testdata/expected/coinbase/docstore/test/account/liquidations.pb.go:166.67,168.2 1 0
github.cbhq.net/engineering/docstore/testdata/expected/coinbase/docstore/test/account/liquidations.pb.go:170.55,172.2 1 0
github.cbhq.net/engineering/docstore/testdata/expected/coinbase/docstore/test/account/liquidations.pb.go:174.61,176.2 1 0
github.cbhq.net/engineering/docstore/testdata/expected/coinbase/docstore/test/account/liquidations.pb.go:179.59,181.2 1 0
github.cbhq.net/engineering/docstore/testdata/expected/coinbase/docstore/test/account/liquidations.pb.go:209.54,213.2 3 0
github.cbhq.net/engineering/docstore/testdata/expected/coinbase/docstore/test/account/liquidations.pb.go:215.44,217.2 1 0
github.cbhq.net/engineering/docstore/testdata/expected/coinbase/docstore/test/account/liquidations.pb.go:219.67,221.2 1 0
github.cbhq.net/engineering/docstore/testdata/expected/coinbase/docstore/test/account/liquidations.pb.go:223.55,225.2 1 0
github.cbhq.net/engineering/docstore/testdata/expected/coinbase/docstore/test/account/liquidations.pb.go:227.61,229.2 1 0
github.cbhq.net/engineering/docstore/testdata/expected/coinbase/docstore/test/account/liquidations.pb.go:232.59,234.2 1 0
github.cbhq.net/engineering/docstore/testdata/expected/coinbase/docstore/test/account/liquidations.pb.go:252.38,254.29 2 0
github.cbhq.net/engineering/docstore/testdata/expected/coinbase/docstore/test/account/liquidations.pb.go:254.29,258.3 3 0
github.cbhq.net/engineering/docstore/testdata/expected/coinbase/docstore/test/account/liquidations.pb.go:261.46,263.2 1 0
github.cbhq.net/engineering/docstore/testdata/expected/coinbase/docstore/test/account/liquidations.pb.go:265.44,265.45 0 0
github.cbhq.net/engineering/docstore/testdata/expected/coinbase/docstore/test/account/liquidations.pb.go:267.66,269.41 2 0
github.cbhq.net/engineering/docstore/testdata/expected/coinbase/docstore/test/account/liquidations.pb.go:276.2,276.24 1 0
github.cbhq.net/engineering/docstore/testdata/expected/coinbase/docstore/test/account/liquidations.pb.go:269.41,271.34 2 0
github.cbhq.net/engineering/docstore/testdata/expected/coinbase/docstore/test/account/liquidations.pb.go:274.3,274.12 1 0
github.cbhq.net/engineering/docstore/testdata/expected/coinbase/docstore/test/account/liquidations.pb.go:271.34,273.4 1 0
github.cbhq.net/engineering/docstore/testdata/expected/coinbase/docstore/test/account/liquidations.pb.go:280.57,282.2 1 0
github.cbhq.net/engineering/docstore/testdata/expected/coinbase/docstore/test/account/liquidations.pb.go:284.61,285.14 1 0
github.cbhq.net/engineering/docstore/testdata/expected/coinbase/docstore/test/account/liquidations.pb.go:288.2,288.11 1 0
github.cbhq.net/engineering/docstore/testdata/expected/coinbase/docstore/test/account/liquidations.pb.go:285.14,287.3 1 0
github.cbhq.net/engineering/docstore/testdata/expected/coinbase/docstore/test/account/liquidations.pb.go:291.56,292.14 1 0
github.cbhq.net/engineering/docstore/testdata/expected/coinbase/docstore/test/account/liquidations.pb.go:295.2,295.11 1 0
github.cbhq.net/engineering/docstore/testdata/expected/coinbase/docstore/test/account/liquidations.pb.go:292.14,294.3 1 0
github.cbhq.net/engineering/docstore/testdata/expected/coinbase/docstore/test/account/liquidations.pb.go:298.50,299.14 1 0
github.cbhq.net/engineering/docstore/testdata/expected/coinbase/docstore/test/account/liquidations.pb.go:302.2,302.11 1 0
github.cbhq.net/engineering/docstore/testdata/expected/coinbase/docstore/test/account/liquidations.pb.go:299.14,301.3 1 0
github.cbhq.net/engineering/docstore/testdata/expected/coinbase/docstore/test/account/liquidations.pb.go:305.52,306.14 1 0
github.cbhq.net/engineering/docstore/testdata/expected/coinbase/docstore/test/account/liquidations.pb.go:309.2,309.11 1 0
github.cbhq.net/engineering/docstore/testdata/expected/coinbase/docstore/test/account/liquidations.pb.go:306.14,308.3 1 0
github.cbhq.net/engineering/docstore/testdata/expected/coinbase/docstore/test/account/liquidations.pb.go:312.49,313.14 1 0
github.cbhq.net/engineering/docstore/testdata/expected/coinbase/docstore/test/account/liquidations.pb.go:316.2,316.11 1 0
github.cbhq.net/engineering/docstore/testdata/expected/coinbase/docstore/test/account/liquidations.pb.go:313.14,315.3 1 0
github.cbhq.net/engineering/docstore/testdata/expected/coinbase/docstore/test/account/liquidations.pb.go:319.60,320.14 1 0
github.cbhq.net/engineering/docstore/testdata/expected/coinbase/docstore/test/account/liquidations.pb.go:323.2,323.57 1 0
github.cbhq.net/engineering/docstore/testdata/expected/coinbase/docstore/test/account/liquidations.pb.go:320.14,322.3 1 0
github.cbhq.net/engineering/docstore/testdata/expected/coinbase/docstore/test/account/liquidations.pb.go:326.68,327.14 1 0
github.cbhq.net/engineering/docstore/testdata/expected/coinbase/docstore/test/account/liquidations.pb.go:330.2,330.12 1 0
github.cbhq.net/engineering/docstore/testdata/expected/coinbase/docstore/test/account/liquidations.pb.go:327.14,329.3 1 0
github.cbhq.net/engineering/docstore/testdata/expected/coinbase/docstore/test/account/liquidations.pb.go:333.68,334.14 1 0
github.cbhq.net/engineering/docstore/testdata/expected/coinbase/docstore/test/account/liquidations.pb.go:337.2,337.12 1 0
github.cbhq.net/engineering/docstore/testdata/expected/coinbase/docstore/test/account/liquidations.pb.go:334.14,336.3 1 0
github.cbhq.net/engineering/docstore/testdata/expected/coinbase/docstore/test/account/liquidations.pb.go:354.25,356.29 2 0
github.cbhq.net/engineering/docstore/testdata/expected/coinbase/docstore/test/account/liquidations.pb.go:356.29,360.3 3 0
github.cbhq.net/engineering/docstore/testdata/expected/coinbase/docstore/test/account/liquidations.pb.go:363.33,365.2 1 0
github.cbhq.net/engineering/docstore/testdata/expected/coinbase/docstore/test/account/liquidations.pb.go:367.31,367.32 0 0
github.cbhq.net/engineering/docstore/testdata/expected/coinbase/docstore/test/account/liquidations.pb.go:369.53,371.41 2 0
github.cbhq.net/engineering/docstore/testdata/expected/coinbase/docstore/test/account/liquidations.pb.go:378.2,378.24 1 0
github.cbhq.net/engineering/docstore/testdata/expected/coinbase/docstore/test/account/liquidations.pb.go:371.41,373.34 2 0
github.cbhq.net/engineering/docstore/testdata/expected/coinbase/docstore/test/account/liquidations.pb.go:376.3,376.12 1 0
github.cbhq.net/engineering/docstore/testdata/expected/coinbase/docstore/test/account/liquidations.pb.go:373.34,375.4 1 0
github.cbhq.net/engineering/docstore/testdata/expected/coinbase/docstore/test/account/liquidations.pb.go:382.44,384.2 1 0
github.cbhq.net/engineering/docstore/testdata/expected/coinbase/docstore/test/account/liquidations.pb.go:386.48,387.14 1 0
github.cbhq.net/engineering/docstore/testdata/expected/coinbase/docstore/test/account/liquidations.pb.go:390.2,390.11 1 0
github.cbhq.net/engineering/docstore/testdata/expected/coinbase/docstore/test/account/liquidations.pb.go:387.14,389.3 1 0
github.cbhq.net/engineering/docstore/testdata/expected/coinbase/docstore/test/account/liquidations.pb.go:393.37,394.14 1 0
github.cbhq.net/engineering/docstore/testdata/expected/coinbase/docstore/test/account/liquidations.pb.go:397.2,397.11 1 0
github.cbhq.net/engineering/docstore/testdata/expected/coinbase/docstore/test/account/liquidations.pb.go:394.14,396.3 1 0
github.cbhq.net/engineering/docstore/testdata/expected/coinbase/docstore/test/account/liquidations.pb.go:400.39,401.14 1 0
github.cbhq.net/engineering/docstore/testdata/expected/coinbase/docstore/test/account/liquidations.pb.go:404.2,404.11 1 0
github.cbhq.net/engineering/docstore/testdata/expected/coinbase/docstore/test/account/liquidations.pb.go:401.14,403.3 1 0
github.cbhq.net/engineering/docstore/testdata/expected/coinbase/docstore/test/account/liquidations.pb.go:407.47,408.14 1 0
github.cbhq.net/engineering/docstore/testdata/expected/coinbase/docstore/test/account/liquidations.pb.go:411.2,411.57 1 0
github.cbhq.net/engineering/docstore/testdata/expected/coinbase/docstore/test/account/liquidations.pb.go:408.14,410.3 1 0
github.cbhq.net/engineering/docstore/testdata/expected/coinbase/docstore/test/account/liquidations.pb.go:414.55,415.14 1 0
github.cbhq.net/engineering/docstore/testdata/expected/coinbase/docstore/test/account/liquidations.pb.go:418.2,418.12 1 0
github.cbhq.net/engineering/docstore/testdata/expected/coinbase/docstore/test/account/liquidations.pb.go:415.14,417.3 1 0
github.cbhq.net/engineering/docstore/testdata/expected/coinbase/docstore/test/account/liquidations.pb.go:421.55,422.14 1 0
github.cbhq.net/engineering/docstore/testdata/expected/coinbase/docstore/test/account/liquidations.pb.go:425.2,425.12 1 0
github.cbhq.net/engineering/docstore/testdata/expected/coinbase/docstore/test/account/liquidations.pb.go:422.14,424.3 1 0
github.cbhq.net/engineering/docstore/testdata/expected/coinbase/docstore/test/account/liquidations.pb.go:452.36,454.29 2 0
github.cbhq.net/engineering/docstore/testdata/expected/coinbase/docstore/test/account/liquidations.pb.go:454.29,458.3 3 0
github.cbhq.net/engineering/docstore/testdata/expected/coinbase/docstore/test/account/liquidations.pb.go:461.44,463.2 1 0
github.cbhq.net/engineering/docstore/testdata/expected/coinbase/docstore/test/account/liquidations.pb.go:465.42,465.43 0 0
github.cbhq.net/engineering/docstore/testdata/expected/coinbase/docstore/test/account/liquidations.pb.go:467.64,469.41 2 0
github.cbhq.net/engineering/docstore/testdata/expected/coinbase/docstore/test/account/liquidations.pb.go:476.2,476.24 1 0
github.cbhq.net/engineering/docstore/testdata/expected/coinbase/docstore/test/account/liquidations.pb.go:469.41,471.34 2 0
github.cbhq.net/engineering/docstore/testdata/expected/coinbase/docstore/test/account/liquidations.pb.go:474.3,474.12 1 0
github.cbhq.net/engineering/docstore/testdata/expected/coinbase/docstore/test/account/liquidations.pb.go:471.34,473.4 1 0
github.cbhq.net/engineering/docstore/testdata/expected/coinbase/docstore/test/account/liquidations.pb.go:480.55,482.2 1 0
github.cbhq.net/engineering/docstore/testdata/expected/coinbase/docstore/test/account/liquidations.pb.go:484.54,485.14 1 0
github.cbhq.net/engineering/docstore/testdata/expected/coinbase/docstore/test/account/liquidations.pb.go:488.2,488.12 1 0
github.cbhq.net/engineering/docstore/testdata/expected/coinbase/docstore/test/account/liquidations.pb.go:485.14,487.3 1 0
github.cbhq.net/engineering/docstore/testdata/expected/coinbase/docstore/test/account/liquidations.pb.go:491.54,492.14 1 0
github.cbhq.net/engineering/docstore/testdata/expected/coinbase/docstore/test/account/liquidations.pb.go:495.2,495.11 1 0
github.cbhq.net/engineering/docstore/testdata/expected/coinbase/docstore/test/account/liquidations.pb.go:492.14,494.3 1 0
github.cbhq.net/engineering/docstore/testdata/expected/coinbase/docstore/test/account/liquidations.pb.go:498.47,499.14 1 0
github.cbhq.net/engineering/docstore/testdata/expected/coinbase/docstore/test/account/liquidations.pb.go:502.2,502.11 1 0
github.cbhq.net/engineering/docstore/testdata/expected/coinbase/docstore/test/account/liquidations.pb.go:499.14,501.3 1 0
github.cbhq.net/engineering/docstore/testdata/expected/coinbase/docstore/test/account/liquidations.pb.go:505.58,506.14 1 0
github.cbhq.net/engineering/docstore/testdata/expected/coinbase/docstore/test/account/liquidations.pb.go:509.2,509.57 1 0
github.cbhq.net/engineering/docstore/testdata/expected/coinbase/docstore/test/account/liquidations.pb.go:506.14,508.3 1 0
github.cbhq.net/engineering/docstore/testdata/expected/coinbase/docstore/test/account/liquidations.pb.go:512.69,513.14 1 0
github.cbhq.net/engineering/docstore/testdata/expected/coinbase/docstore/test/account/liquidations.pb.go:516.2,516.57 1 0
github.cbhq.net/engineering/docstore/testdata/expected/coinbase/docstore/test/account/liquidations.pb.go:513.14,515.3 1 0
github.cbhq.net/engineering/docstore/testdata/expected/coinbase/docstore/test/account/liquidations.pb.go:519.58,520.14 1 0
github.cbhq.net/engineering/docstore/testdata/expected/coinbase/docstore/test/account/liquidations.pb.go:523.2,523.57 1 0
github.cbhq.net/engineering/docstore/testdata/expected/coinbase/docstore/test/account/liquidations.pb.go:520.14,522.3 1 0
github.cbhq.net/engineering/docstore/testdata/expected/coinbase/docstore/test/account/liquidations.pb.go:526.47,527.14 1 0
github.cbhq.net/engineering/docstore/testdata/expected/coinbase/docstore/test/account/liquidations.pb.go:530.2,530.11 1 0
github.cbhq.net/engineering/docstore/testdata/expected/coinbase/docstore/test/account/liquidations.pb.go:527.14,529.3 1 0
github.cbhq.net/engineering/docstore/testdata/expected/coinbase/docstore/test/account/liquidations.pb.go:533.73,534.14 1 0
github.cbhq.net/engineering/docstore/testdata/expected/coinbase/docstore/test/account/liquidations.pb.go:537.2,537.12 1 0
github.cbhq.net/engineering/docstore/testdata/expected/coinbase/docstore/test/account/liquidations.pb.go:534.14,536.3 1 0
github.cbhq.net/engineering/docstore/testdata/expected/coinbase/docstore/test/account/liquidations.pb.go:540.66,541.14 1 0
github.cbhq.net/engineering/docstore/testdata/expected/coinbase/docstore/test/account/liquidations.pb.go:544.2,544.12 1 0
github.cbhq.net/engineering/docstore/testdata/expected/coinbase/docstore/test/account/liquidations.pb.go:541.14,543.3 1 0
github.cbhq.net/engineering/docstore/testdata/expected/coinbase/docstore/test/account/liquidations.pb.go:547.66,548.14 1 0
github.cbhq.net/engineering/docstore/testdata/expected/coinbase/docstore/test/account/liquidations.pb.go:551.2,551.12 1 0
github.cbhq.net/engineering/docstore/testdata/expected/coinbase/docstore/test/account/liquidations.pb.go:548.14,550.3 1 0
github.cbhq.net/engineering/docstore/testdata/expected/coinbase/docstore/test/account/liquidations.pb.go:554.61,555.14 1 0
github.cbhq.net/engineering/docstore/testdata/expected/coinbase/docstore/test/account/liquidations.pb.go:558.2,558.49 1 0
github.cbhq.net/engineering/docstore/testdata/expected/coinbase/docstore/test/account/liquidations.pb.go:555.14,557.3 1 0
github.cbhq.net/engineering/docstore/testdata/expected/coinbase/docstore/test/account/liquidations.pb.go:561.49,562.14 1 0
github.cbhq.net/engineering/docstore/testdata/expected/coinbase/docstore/test/account/liquidations.pb.go:565.2,565.12 1 0
github.cbhq.net/engineering/docstore/testdata/expected/coinbase/docstore/test/account/liquidations.pb.go:562.14,564.3 1 0
github.cbhq.net/engineering/docstore/testdata/expected/coinbase/docstore/test/account/liquidations.pb.go:568.65,569.14 1 0
github.cbhq.net/engineering/docstore/testdata/expected/coinbase/docstore/test/account/liquidations.pb.go:572.2,572.12 1 0
github.cbhq.net/engineering/docstore/testdata/expected/coinbase/docstore/test/account/liquidations.pb.go:569.14,571.3 1 0
github.cbhq.net/engineering/docstore/testdata/expected/coinbase/docstore/test/account/liquidations.pb.go:575.68,576.14 1 0
github.cbhq.net/engineering/docstore/testdata/expected/coinbase/docstore/test/account/liquidations.pb.go:579.2,579.12 1 0
github.cbhq.net/engineering/docstore/testdata/expected/coinbase/docstore/test/account/liquidations.pb.go:576.14,578.3 1 0
github.cbhq.net/engineering/docstore/testdata/expected/coinbase/docstore/test/account/liquidations.pb.go:759.82,760.79 1 0
github.cbhq.net/engineering/docstore/testdata/expected/coinbase/docstore/test/account/liquidations.pb.go:763.2,763.75 1 0
github.cbhq.net/engineering/docstore/testdata/expected/coinbase/docstore/test/account/liquidations.pb.go:760.79,762.3 1 0
github.cbhq.net/engineering/docstore/testdata/expected/coinbase/docstore/test/account/liquidations.pb.go:804.13,804.78 1 1
github.cbhq.net/engineering/docstore/testdata/expected/coinbase/docstore/test/account/liquidations.pb.go:805.68,806.67 1 1
github.cbhq.net/engineering/docstore/testdata/expected/coinbase/docstore/test/account/liquidations.pb.go:809.2,809.30 1 1
github.cbhq.net/engineering/docstore/testdata/expected/coinbase/docstore/test/account/liquidations.pb.go:847.2,865.70 6 1
github.cbhq.net/engineering/docstore/testdata/expected/coinbase/docstore/test/account/liquidations.pb.go:806.67,808.3 1 0
github.cbhq.net/engineering/docstore/testdata/expected/coinbase/docstore/test/account/liquidations.pb.go:809.30,810.120 1 0
github.cbhq.net/engineering/docstore/testdata/expected/coinbase/docstore/test/account/liquidations.pb.go:822.3,822.120 1 0
github.cbhq.net/engineering/docstore/testdata/expected/coinbase/docstore/test/account/liquidations.pb.go:834.3,834.120 1 0
github.cbhq.net/engineering/docstore/testdata/expected/coinbase/docstore/test/account/liquidations.pb.go:810.120,811.43 1 0
github.cbhq.net/engineering/docstore/testdata/expected/coinbase/docstore/test/account/liquidations.pb.go:812.11,813.20 1 0
github.cbhq.net/engineering/docstore/testdata/expected/coinbase/docstore/test/account/liquidations.pb.go:814.11,815.24 1 0
github.cbhq.net/engineering/docstore/testdata/expected/coinbase/docstore/test/account/liquidations.pb.go:816.11,817.28 1 0
github.cbhq.net/engineering/docstore/testdata/expected/coinbase/docstore/test/account/liquidations.pb.go:818.12,819.15 1 0
github.cbhq.net/engineering/docstore/testdata/expected/coinbase/docstore/test/account/liquidations.pb.go:822.120,823.30 1 0
github.cbhq.net/engineering/docstore/testdata/expected/coinbase/docstore/test/account/liquidations.pb.go:824.11,825.20 1 0
github.cbhq.net/engineering/docstore/testdata/expected/coinbase/docstore/test/account/liquidations.pb.go:826.11,827.24 1 0
github.cbhq.net/engineering/docstore/testdata/expected/coinbase/docstore/test/account/liquidations.pb.go:828.11,829.28 1 0
github.cbhq.net/engineering/docstore/testdata/expected/coinbase/docstore/test/account/liquidations.pb.go:830.12,831.15 1 0
github.cbhq.net/engineering/docstore/testdata/expected/coinbase/docstore/test/account/liquidations.pb.go:834.120,835.41 1 0
github.cbhq.net/engineering/docstore/testdata/expected/coinbase/docstore/test/account/liquidations.pb.go:836.11,837.20 1 0
github.cbhq.net/engineering/docstore/testdata/expected/coinbase/docstore/test/account/liquidations.pb.go:838.11,839.24 1 0
github.cbhq.net/engineering/docstore/testdata/expected/coinbase/docstore/test/account/liquidations.pb.go:840.11,841.28 1 0
github.cbhq.net/engineering/docstore/testdata/expected/coinbase/docstore/test/account/liquidations.pb.go:842.12,843.15 1 0
github.cbhq.net/engineering/docstore/testdata/expected/coinbase/docstore/test/account/bytesid.pb.go:35.27,37.29 2 0
github.cbhq.net/engineering/docstore/testdata/expected/coinbase/docstore/test/account/bytesid.pb.go:37.29,41.3 3 0
github.cbhq.net/engineering/docstore/testdata/expected/coinbase/docstore/test/account/bytesid.pb.go:44.35,46.2 1 0
github.cbhq.net/engineering/docstore/testdata/expected/coinbase/docstore/test/account/bytesid.pb.go:48.33,48.34 0 0
github.cbhq.net/engineering/docstore/testdata/expected/coinbase/docstore/test/account/bytesid.pb.go:50.55,52.41 2 0
github.cbhq.net/engineering/docstore/testdata/expected/coinbase/docstore/test/account/bytesid.pb.go:59.2,59.24 1 0
github.cbhq.net/engineering/docstore/testdata/expected/coinbase/docstore/test/account/bytesid.pb.go:52.41,54.34 2 0
github.cbhq.net/engineering/docstore/testdata/expected/coinbase/docstore/test/account/bytesid.pb.go:57.3,57.12 1 0
github.cbhq.net/engineering/docstore/testdata/expected/coinbase/docstore/test/account/bytesid.pb.go:54.34,56.4 1 0
github.cbhq.net/engineering/docstore/testdata/expected/coinbase/docstore/test/account/bytesid.pb.go:63.46,65.2 1 0
github.cbhq.net/engineering/docstore/testdata/expected/coinbase/docstore/test/account/bytesid.pb.go:67.34,68.14 1 0
github.cbhq.net/engineering/docstore/testdata/expected/coinbase/docstore/test/account/bytesid.pb.go:71.2,71.12 1 0
github.cbhq.net/engineering/docstore/testdata/expected/coinbase/docstore/test/account/bytesid.pb.go:68.14,70.3 1 0
github.cbhq.net/engineering/docstore/testdata/expected/coinbase/docstore/test/account/bytesid.pb.go:103.77,104.74 1 0
github.cbhq.net/engineering/docstore/testdata/expected/coinbase/docstore/test/account/bytesid.pb.go:107.2,107.70 1 0
github.cbhq.net/engineering/docstore/testdata/expected/coinbase/docstore/test/account/bytesid.pb.go:104.74,106.3 1 0
github.cbhq.net/engineering/docstore/testdata/expected/coinbase/docstore/test/account/bytesid.pb.go:122.13,122.73 1 1
github.cbhq.net/engineering/docstore/testdata/expected/coinbase/docstore/test/account/bytesid.pb.go:123.63,124.62 1 1
github.cbhq.net/engineering/docstore/testdata/expected/coinbase/docstore/test/account/bytesid.pb.go:127.2,127.30 1 1
github.cbhq.net/engineering/docstore/testdata/expected/coinbase/docstore/test/account/bytesid.pb.go:141.2,158.65 6 1
github.cbhq.net/engineering/docstore/testdata/expected/coinbase/docstore/test/account/bytesid.pb.go:124.62,126.3 1 0
github.cbhq.net/engineering/docstore/testdata/expected/coinbase/docstore/test/account/bytesid.pb.go:127.30,128.115 1 0
github.cbhq.net/engineering/docstore/testdata/expected/coinbase/docstore/test/account/bytesid.pb.go:128.115,129.32 1 0
github.cbhq.net/engineering/docstore/testdata/expected/coinbase/docstore/test/account/bytesid.pb.go:130.11,131.20 1 0
github.cbhq.net/engineering/docstore/testdata/expected/coinbase/docstore/test/account/bytesid.pb.go:132.11,133.24 1 0
github.cbhq.net/engineering/docstore/testdata/expected/coinbase/docstore/test/account/bytesid.pb.go:134.11,135.28 1 0
github.cbhq.net/engineering/docstore/testdata/expected/coinbase/docstore/test/account/bytesid.pb.go:136.12,137.15 1 0
github.cbhq.net/engineering/docstore/testdata/expected/coinbase/docstore/test/account/bytesid.pb.mongo.go:40.42,46.2 1 0
github.cbhq.net/engineering/docstore/testdata/expected/coinbase/docstore/test/account/bytesid.pb.mongo.go:48.62,58.2 4 0
github.cbhq.net/engineering/docstore/testdata/expected/coinbase/docstore/test/account/bytesid.pb.mongo.go:60.65,70.2 4 0
github.cbhq.net/engineering/docstore/testdata/expected/coinbase/docstore/test/account/bytesid.pb.mongo.go:72.71,82.2 4 0
github.cbhq.net/engineering/docstore/testdata/expected/coinbase/docstore/test/account/bytesid.pb.mongo.go:84.71,94.2 4 0
github.cbhq.net/engineering/docstore/testdata/expected/coinbase/docstore/test/account/bytesid.pb.mongo.go:96.63,106.2 4 0
github.cbhq.net/engineering/docstore/testdata/expected/coinbase/docstore/test/account/bytesid.pb.mongo.go:136.121,138.16 2 0
github.cbhq.net/engineering/docstore/testdata/expected/coinbase/docstore/test/account/bytesid.pb.mongo.go:142.2,143.58 2 0
github.cbhq.net/engineering/docstore/testdata/expected/coinbase/docstore/test/account/bytesid.pb.mongo.go:151.2,154.59 3 0
github.cbhq.net/engineering/docstore/testdata/expected/coinbase/docstore/test/account/bytesid.pb.mongo.go:162.2,165.63 3 0
github.cbhq.net/engineering/docstore/testdata/expected/coinbase/docstore/test/account/bytesid.pb.mongo.go:174.2,175.63 2 0
github.cbhq.net/engineering/docstore/testdata/expected/coinbase/docstore/test/account/bytesid.pb.mongo.go:183.2,186.65 3 0
github.cbhq.net/engineering/docstore/testdata/expected/coinbase/docstore/test/account/bytesid.pb.mongo.go:194.2,197.28 3 0
github.cbhq.net/engineering/docstore/testdata/expected/coinbase/docstore/test/account/bytesid.pb.mongo.go:200.2,200.25 1 0
github.cbhq.net/engineering/docstore/testdata/expected/coinbase/docstore/test/account/bytesid.pb.mongo.go:203.2,204.16 2 0
github.cbhq.net/engineering/docstore/testdata/expected/coinbase/docstore/test/account/bytesid.pb.mongo.go:207.2,211.16 4 0
github.cbhq.net/engineering/docstore/testdata/expected/coinbase/docstore/test/account/bytesid.pb.mongo.go:214.2,224.16 4 0
github.cbhq.net/engineering/docstore/testdata/expected/coinbase/docstore/test/account/bytesid.pb.mongo.go:228.2,228.27 1 0
github.cbhq.net/engineering/docstore/testdata/expected/coinbase/docstore/test/account/bytesid.pb.mongo.go:138.16,140.3 1 0
github.cbhq.net/engineering/docstore/testdata/expected/coinbase/docstore/test/account/bytesid.pb.mongo.go:143.58,145.3 1 0
github.cbhq.net/engineering/docstore/testdata/expected/coinbase/docstore/test/account/bytesid.pb.mongo.go:145.8,147.16 2 0
github.cbhq.net/engineering/docstore/testdata/expected/coinbase/docstore/test/account/bytesid.pb.mongo.go:147.16,149.4 1 0
github.cbhq.net/engineering/docstore/testdata/expected/coinbase/docstore/test/account/bytesid.pb.mongo.go:154.59,156.3 1 0
github.cbhq.net/engineering/docstore/testdata/expected/coinbase/docstore/test/account/bytesid.pb.mongo.go:156.8,158.17 2 0
github.cbhq.net/engineering/docstore/testdata/expected/coinbase/docstore/test/account/bytesid.pb.mongo.go:158.17,160.4 1 0
github.cbhq.net/engineering/docstore/testdata/expected/coinbase/docstore/test/account/bytesid.pb.mongo.go:165.63,167.3 1 0
github.cbhq.net/engineering/docstore/testdata/expected/coinbase/docstore/test/account/bytesid.pb.mongo.go:167.8,169.17 2 0
github.cbhq.net/engineering/docstore/testdata/expected/coinbase/docstore/test/account/bytesid.pb.mongo.go:169.17,171.4 1 0
github.cbhq.net/engineering/docstore/testdata/expected/coinbase/docstore/test/account/bytesid.pb.mongo.go:175.63,177.3 1 0
github.cbhq.net/engineering/docstore/testdata/expected/coinbase/docstore/test/account/bytesid.pb.mongo.go:177.8,179.17 2 0
github.cbhq.net/engineering/docstore/testdata/expected/coinbase/docstore/test/account/bytesid.pb.mongo.go:179.17,181.4 1 0
github.cbhq.net/engineering/docstore/testdata/expected/coinbase/docstore/test/account/bytesid.pb.mongo.go:186.65,188.3 1 0
github.cbhq.net/engineering/docstore/testdata/expected/coinbase/docstore/test/account/bytesid.pb.mongo.go:188.8,190.17 2 0
github.cbhq.net/engineering/docstore/testdata/expected/coinbase/docstore/test/account/bytesid.pb.mongo.go:190.17,192.4 1 0
github.cbhq.net/engineering/docstore/testdata/expected/coinbase/docstore/test/account/bytesid.pb.mongo.go:197.28,199.3 1 0
github.cbhq.net/engineering/docstore/testdata/expected/coinbase/docstore/test/account/bytesid.pb.mongo.go:200.25,202.3 1 0
github.cbhq.net/engineering/docstore/testdata/expected/coinbase/docstore/test/account/bytesid.pb.mongo.go:204.16,206.3 1 0
github.cbhq.net/engineering/docstore/testdata/expected/coinbase/docstore/test/account/bytesid.pb.mongo.go:211.16,213.3 1 0
github.cbhq.net/engineering/docstore/testdata/expected/coinbase/docstore/test/account/bytesid.pb.mongo.go:224.16,227.3 2 0
github.cbhq.net/engineering/docstore/testdata/expected/coinbase/docstore/test/account/bytesid.pb.mongo.go:231.92,236.34 4 0
github.cbhq.net/engineering/docstore/testdata/expected/coinbase/docstore/test/account/bytesid.pb.mongo.go:239.2,243.16 3 0
github.cbhq.net/engineering/docstore/testdata/expected/coinbase/docstore/test/account/bytesid.pb.mongo.go:247.2,247.27 1 0
github.cbhq.net/engineering/docstore/testdata/expected/coinbase/docstore/test/account/bytesid.pb.mongo.go:250.2,250.12 1 0
github.cbhq.net/engineering/docstore/testdata/expected/coinbase/docstore/test/account/bytesid.pb.mongo.go:236.34,238.3 1 0
github.cbhq.net/engineering/docstore/testdata/expected/coinbase/docstore/test/account/bytesid.pb.mongo.go:243.16,246.3 2 0
github.cbhq.net/engineering/docstore/testdata/expected/coinbase/docstore/test/account/bytesid.pb.mongo.go:247.27,249.3 1 0
github.cbhq.net/engineering/docstore/testdata/expected/coinbase/docstore/test/account/bytesid.pb.mongo.go:253.95,259.22 5 0
github.cbhq.net/engineering/docstore/testdata/expected/coinbase/docstore/test/account/bytesid.pb.mongo.go:266.2,267.16 2 0
github.cbhq.net/engineering/docstore/testdata/expected/coinbase/docstore/test/account/bytesid.pb.mongo.go:272.2,273.37 2 0
github.cbhq.net/engineering/docstore/testdata/expected/coinbase/docstore/test/account/bytesid.pb.mongo.go:277.2,277.17 1 0
github.cbhq.net/engineering/docstore/testdata/expected/coinbase/docstore/test/account/bytesid.pb.mongo.go:259.22,260.36 1 0
github.cbhq.net/engineering/docstore/testdata/expected/coinbase/docstore/test/account/bytesid.pb.mongo.go:263.3,263.27 1 0
github.cbhq.net/engineering/docstore/testdata/expected/coinbase/docstore/test/account/bytesid.pb.mongo.go:260.36,262.4 1 0
github.cbhq.net/engineering/docstore/testdata/expected/coinbase/docstore/test/account/bytesid.pb.mongo.go:267.16,270.3 2 0
github.cbhq.net/engineering/docstore/testdata/expected/coinbase/docstore/test/account/bytesid.pb.mongo.go:273.37,275.3 1 0
github.cbhq.net/engineering/docstore/testdata/expected/coinbase/docstore/test/account/bytesid.pb.mongo.go:280.87,285.35 4 0
github.cbhq.net/engineering/docstore/testdata/expected/coinbase/docstore/test/account/bytesid.pb.mongo.go:288.2,289.16 2 0
github.cbhq.net/engineering/docstore/testdata/expected/coinbase/docstore/test/account/bytesid.pb.mongo.go:293.2,295.40 2 0
github.cbhq.net/engineering/docstore/testdata/expected/coinbase/docstore/test/account/bytesid.pb.mongo.go:285.35,287.3 1 0
github.cbhq.net/engineering/docstore/testdata/expected/coinbase/docstore/test/account/bytesid.pb.mongo.go:289.16,292.3 2 0
github.cbhq.net/engineering/docstore/testdata/expected/coinbase/docstore/test/account/bytesid.pb.mongo.go:326.51,328.2 1 0
github.cbhq.net/engineering/docstore/testdata/expected/coinbase/docstore/test/account/bytesid.pb.mongo.go:330.76,331.15 1 0
github.cbhq.net/engineering/docstore/testdata/expected/coinbase/docstore/test/account/bytesid.pb.mongo.go:335.2,336.55 2 0
github.cbhq.net/engineering/docstore/testdata/expected/coinbase/docstore/test/account/bytesid.pb.mongo.go:347.2,347.17 1 0
github.cbhq.net/engineering/docstore/testdata/expected/coinbase/docstore/test/account/bytesid.pb.mongo.go:331.15,333.3 1 0
github.cbhq.net/engineering/docstore/testdata/expected/coinbase/docstore/test/account/bytesid.pb.mongo.go:336.55,339.17 3 0
github.cbhq.net/engineering/docstore/testdata/expected/coinbase/docstore/test/account/bytesid.pb.mongo.go:339.17,342.4 2 0
github.cbhq.net/engineering/docstore/testdata/expected/coinbase/docstore/test/account/bytesid.pb.mongo.go:342.9,344.4 1 0
github.cbhq.net/engineering/docstore/testdata/expected/coinbase/docstore/test/account/bytesid.pb.mongo.go:350.132,355.2 4 0
github.cbhq.net/engineering/docstore/testdata/expected/coinbase/docstore/test/account/bytesid.pb.mongo.go:357.147,361.16 3 0
github.cbhq.net/engineering/docstore/testdata/expected/coinbase/docstore/test/account/bytesid.pb.mongo.go:366.2,367.16 2 0
github.cbhq.net/engineering/docstore/testdata/expected/coinbase/docstore/test/account/bytesid.pb.mongo.go:372.2,375.27 1 0
github.cbhq.net/engineering/docstore/testdata/expected/coinbase/docstore/test/account/bytesid.pb.mongo.go:380.2,380.26 1 0
github.cbhq.net/engineering/docstore/testdata/expected/coinbase/docstore/test/account/bytesid.pb.mongo.go:361.16,364.3 2 0
github.cbhq.net/engineering/docstore/testdata/expected/coinbase/docstore/test/account/bytesid.pb.mongo.go:367.16,370.3 2 0
github.cbhq.net/engineering/docstore/testdata/expected/coinbase/docstore/test/account/bytesid.pb.mongo.go:375.27,377.4 1 0
github.cbhq.net/engineering/docstore/testdata/expected/coinbase/docstore/test/account/bytesid.pb.mongo.go:383.89,392.34 6 0
github.cbhq.net/engineering/docstore/testdata/expected/coinbase/docstore/test/account/bytesid.pb.mongo.go:400.2,402.16 3 0
github.cbhq.net/engineering/docstore/testdata/expected/coinbase/docstore/test/account/bytesid.pb.mongo.go:406.2,406.18 1 0
github.cbhq.net/engineering/docstore/testdata/expected/coinbase/docstore/test/account/bytesid.pb.mongo.go:392.34,393.43 1 0
github.cbhq.net/engineering/docstore/testdata/expected/coinbase/docstore/test/account/bytesid.pb.mongo.go:396.3,397.18 2 0
github.cbhq.net/engineering/docstore/testdata/expected/coinbase/docstore/test/account/bytesid.pb.mongo.go:393.43,395.4 1 0
github.cbhq.net/engineering/docstore/testdata/expected/coinbase/docstore/test/account/bytesid.pb.mongo.go:402.16,405.3 2 0
github.cbhq.net/engineering/docstore/testdata/expected/coinbase/docstore/test/account/bytesid.pb.mongo.go:409.139,415.37 5 0
github.cbhq.net/engineering/docstore/testdata/expected/coinbase/docstore/test/account/bytesid.pb.mongo.go:424.2,429.38 3 0
github.cbhq.net/engineering/docstore/testdata/expected/coinbase/docstore/test/account/bytesid.pb.mongo.go:498.2,499.16 2 0
github.cbhq.net/engineering/docstore/testdata/expected/coinbase/docstore/test/account/bytesid.pb.mongo.go:502.2,502.25 1 0
github.cbhq.net/engineering/docstore/testdata/expected/coinbase/docstore/test/account/bytesid.pb.mongo.go:505.2,505.12 1 0
github.cbhq.net/engineering/docstore/testdata/expected/coinbase/docstore/test/account/bytesid.pb.mongo.go:415.37,416.28 1 0
github.cbhq.net/engineering/docstore/testdata/expected/coinbase/docstore/test/account/bytesid.pb.mongo.go:416.28,417.30 1 0
github.cbhq.net/engineering/docstore/testdata/expected/coinbase/docstore/test/account/bytesid.pb.mongo.go:420.4,420.26 1 0
github.cbhq.net/engineering/docstore/testdata/expected/coinbase/docstore/test/account/bytesid.pb.mongo.go:417.30,419.5 1 0
github.cbhq.net/engineering/docstore/testdata/expected/coinbase/docstore/test/account/bytesid.pb.mongo.go:429.38,432.13 2 0
github.cbhq.net/engineering/docstore/testdata/expected/coinbase/docstore/test/account/bytesid.pb.mongo.go:495.3,495.75 1 0
github.cbhq.net/engineering/docstore/testdata/expected/coinbase/docstore/test/account/bytesid.pb.mongo.go:433.16,434.29 1 0
github.cbhq.net/engineering/docstore/testdata/expected/coinbase/docstore/test/account/bytesid.pb.mongo.go:441.16,442.29 1 0
[...]
github.cbhq.net/engineering/docstore/testdata/expected/coinbase/docstore/test/account/provisioner.pb.go:1013.11,1014.24 1 0
github.cbhq.net/engineering/docstore/testdata/expected/coinbase/docstore/test/account/provisioner.pb.go:1015.11,1016.28 1 0
github.cbhq.net/engineering/docstore/testdata/expected/coinbase/docstore/test/account/provisioner.pb.go:1017.12,1018.15 1 0
github.cbhq.net/engineering/docstore/testdata/expected/coinbase/docstore/test/account/provisioner.pb.go:1021.119,1022.29 1 0
github.cbhq.net/engineering/docstore/testdata/expected/coinbase/docstore/test/account/provisioner.pb.go:1023.11,1024.20 1 0
github.cbhq.net/engineering/docstore/testdata/expected/coinbase/docstore/test/account/provisioner.pb.go:1025.11,1026.24 1 0
github.cbhq.net/engineering/docstore/testdata/expected/coinbase/docstore/test/account/provisioner.pb.go:1027.11,1028.28 1 0
github.cbhq.net/engineering/docstore/testdata/expected/coinbase/docstore/test/account/provisioner.pb.go:1029.12,1030.15 1 0
github.cbhq.net/engineering/docstore/testdata/expected/coinbase/docstore/test/account/provisioner.pb.go:1033.119,1034.42 1 0
github.cbhq.net/engineering/docstore/testdata/expected/coinbase/docstore/test/account/provisioner.pb.go:1035.11,1036.20 1 0
github.cbhq.net/engineering/docstore/testdata/expected/coinbase/docstore/test/account/provisioner.pb.go:1037.11,1038.24 1 0
github.cbhq.net/engineering/docstore/testdata/expected/coinbase/docstore/test/account/provisioner.pb.go:1039.11,1040.28 1 0
github.cbhq.net/engineering/docstore/testdata/expected/coinbase/docstore/test/account/provisioner.pb.go:1041.12,1042.15 1 0
github.cbhq.net/engineering/docstore/testdata/expected/coinbase/docstore/test/account/timestampUnindexed.pb.mongo.go:44.64,50.2 1 0
github.cbhq.net/engineering/docstore/testdata/expected/coinbase/docstore/test/account/timestampUnindexed.pb.mongo.go:52.84,62.2 4 0
github.cbhq.net/engineering/docstore/testdata/expected/coinbase/docstore/test/account/timestampUnindexed.pb.mongo.go:64.87,74.2 4 0
github.cbhq.net/engineering/docstore/testdata/expected/coinbase/docstore/test/account/timestampUnindexed.pb.mongo.go:76.87,86.2 4 0
github.cbhq.net/engineering/docstore/testdata/expected/coinbase/docstore/test/account/timestampUnindexed.pb.mongo.go:88.84,98.2 4 0
github.cbhq.net/engineering/docstore/testdata/expected/coinbase/docstore/test/account/timestampUnindexed.pb.mongo.go:100.84,110.2 4 0
github.cbhq.net/engineering/docstore/testdata/expected/coinbase/docstore/test/account/timestampUnindexed.pb.mongo.go:112.85,122.2 4 0
github.cbhq.net/engineering/docstore/testdata/expected/coinbase/docstore/test/account/timestampUnindexed.pb.mongo.go:124.85,134.2 4 0
github.cbhq.net/engineering/docstore/testdata/expected/coinbase/docstore/test/account/timestampUnindexed.pb.mongo.go:164.143,166.16 2 0
github.cbhq.net/engineering/docstore/testdata/expected/coinbase/docstore/test/account/timestampUnindexed.pb.mongo.go:170.2,171.58 2 0
github.cbhq.net/engineering/docstore/testdata/expected/coinbase/docstore/test/account/timestampUnindexed.pb.mongo.go:179.2,182.59 3 0
github.cbhq.net/engineering/docstore/testdata/expected/coinbase/docstore/test/account/timestampUnindexed.pb.mongo.go:190.2,193.63 3 0
github.cbhq.net/engineering/docstore/testdata/expected/coinbase/docstore/test/account/timestampUnindexed.pb.mongo.go:202.2,203.63 2 0
github.cbhq.net/engineering/docstore/testdata/expected/coinbase/docstore/test/account/timestampUnindexed.pb.mongo.go:211.2,214.65 3 0
github.cbhq.net/engineering/docstore/testdata/expected/coinbase/docstore/test/account/timestampUnindexed.pb.mongo.go:222.2,225.28 3 0
github.cbhq.net/engineering/docstore/testdata/expected/coinbase/docstore/test/account/timestampUnindexed.pb.mongo.go:228.2,228.25 1 0
github.cbhq.net/engineering/docstore/testdata/expected/coinbase/docstore/test/account/timestampUnindexed.pb.mongo.go:231.2,232.16 2 0
github.cbhq.net/engineering/docstore/testdata/expected/coinbase/docstore/test/account/timestampUnindexed.pb.mongo.go:235.2,239.16 4 0
github.cbhq.net/engineering/docstore/testdata/expected/coinbase/docstore/test/account/timestampUnindexed.pb.mongo.go:242.2,252.16 4 0
github.cbhq.net/engineering/docstore/testdata/expected/coinbase/docstore/test/account/timestampUnindexed.pb.mongo.go:256.2,256.27 1 0
github.cbhq.net/engineering/docstore/testdata/expected/coinbase/docstore/test/account/timestampUnindexed.pb.mongo.go:166.16,168.3 1 0
github.cbhq.net/engineering/docstore/testdata/expected/coinbase/docstore/test/account/timestampUnindexed.pb.mongo.go:171.58,173.3 1 0
github.cbhq.net/engineering/docstore/testdata/expected/coinbase/docstore/test/account/timestampUnindexed.pb.mongo.go:173.8,175.17 2 0
github.cbhq.net/engineering/docstore/testdata/expected/coinbase/docstore/test/account/timestampUnindexed.pb.mongo.go:175.17,177.4 1 0
github.cbhq.net/engineering/docstore/testdata/expected/coinbase/docstore/test/account/timestampUnindexed.pb.mongo.go:182.59,184.3 1 0
github.cbhq.net/engineering/docstore/testdata/expected/coinbase/docstore/test/account/timestampUnindexed.pb.mongo.go:184.8,186.17 2 0
github.cbhq.net/engineering/docstore/testdata/expected/coinbase/docstore/test/account/timestampUnindexed.pb.mongo.go:186.17,188.4 1 0
github.cbhq.net/engineering/docstore/testdata/expected/coinbase/docstore/test/account/timestampUnindexed.pb.mongo.go:193.63,195.3 1 0
github.cbhq.net/engineering/docstore/testdata/expected/coinbase/docstore/test/account/timestampUnindexed.pb.mongo.go:195.8,197.17 2 0
github.cbhq.net/engineering/docstore/testdata/expected/coinbase/docstore/test/account/timestampUnindexed.pb.mongo.go:197.17,199.4 1 0
github.cbhq.net/engineering/docstore/testdata/expected/coinbase/docstore/test/account/timestampUnindexed.pb.mongo.go:203.63,205.3 1 0
github.cbhq.net/engineering/docstore/testdata/expected/coinbase/docstore/test/account/timestampUnindexed.pb.mongo.go:205.8,207.17 2 0
github.cbhq.net/engineering/docstore/testdata/expected/coinbase/docstore/test/account/timestampUnindexed.pb.mongo.go:207.17,209.4 1 0
github.cbhq.net/engineering/docstore/testdata/expected/coinbase/docstore/test/account/timestampUnindexed.pb.mongo.go:214.65,216.3 1 0
github.cbhq.net/engineering/docstore/testdata/expected/coinbase/docstore/test/account/timestampUnindexed.pb.mongo.go:216.8,218.17 2 0
github.cbhq.net/engineering/docstore/testdata/expected/coinbase/docstore/test/account/timestampUnindexed.pb.mongo.go:218.17,220.4 1 0
github.cbhq.net/engineering/docstore/testdata/expected/coinbase/docstore/test/account/timestampUnindexed.pb.mongo.go:225.28,227.3 1 0
github.cbhq.net/engineering/docstore/testdata/expected/coinbase/docstore/test/account/timestampUnindexed.pb.mongo.go:228.25,230.3 1 0
github.cbhq.net/engineering/docstore/testdata/expected/coinbase/docstore/test/account/timestampUnindexed.pb.mongo.go:232.16,234.3 1 0
github.cbhq.net/engineering/docstore/testdata/expected/coinbase/docstore/test/account/timestampUnindexed.pb.mongo.go:239.16,241.3 1 0
github.cbhq.net/engineering/docstore/testdata/expected/coinbase/docstore/test/account/timestampUnindexed.pb.mongo.go:252.16,255.3 2 0
github.cbhq.net/engineering/docstore/testdata/expected/coinbase/docstore/test/account/timestampUnindexed.pb.mongo.go:259.114,264.16 4 0
github.cbhq.net/engineering/docstore/testdata/expected/coinbase/docstore/test/account/timestampUnindexed.pb.mongo.go:267.2,271.16 3 0
github.cbhq.net/engineering/docstore/testdata/expected/coinbase/docstore/test/account/timestampUnindexed.pb.mongo.go:275.2,275.27 1 0
github.cbhq.net/engineering/docstore/testdata/expected/coinbase/docstore/test/account/timestampUnindexed.pb.mongo.go:278.2,278.12 1 0
github.cbhq.net/engineering/docstore/testdata/expected/coinbase/docstore/test/account/timestampUnindexed.pb.mongo.go:264.16,266.3 1 0
github.cbhq.net/engineering/docstore/testdata/expected/coinbase/docstore/test/account/timestampUnindexed.pb.mongo.go:271.16,274.3 2 0
github.cbhq.net/engineering/docstore/testdata/expected/coinbase/docstore/test/account/timestampUnindexed.pb.mongo.go:275.27,277.3 1 0
github.cbhq.net/engineering/docstore/testdata/expected/coinbase/docstore/test/account/timestampUnindexed.pb.mongo.go:281.117,287.22 5 0
github.cbhq.net/engineering/docstore/testdata/expected/coinbase/docstore/test/account/timestampUnindexed.pb.mongo.go:294.2,295.16 2 0
github.cbhq.net/engineering/docstore/testdata/expected/coinbase/docstore/test/account/timestampUnindexed.pb.mongo.go:300.2,301.37 2 0
github.cbhq.net/engineering/docstore/testdata/expected/coinbase/docstore/test/account/timestampUnindexed.pb.mongo.go:305.2,305.17 1 0
github.cbhq.net/engineering/docstore/testdata/expected/coinbase/docstore/test/account/timestampUnindexed.pb.mongo.go:287.22,288.17 1 0
github.cbhq.net/engineering/docstore/testdata/expected/coinbase/docstore/test/account/timestampUnindexed.pb.mongo.go:291.3,291.27 1 0
github.cbhq.net/engineering/docstore/testdata/expected/coinbase/docstore/test/account/timestampUnindexed.pb.mongo.go:288.17,290.4 1 0
github.cbhq.net/engineering/docstore/testdata/expected/coinbase/docstore/test/account/timestampUnindexed.pb.mongo.go:295.16,298.3 2 0
github.cbhq.net/engineering/docstore/testdata/expected/coinbase/docstore/test/account/timestampUnindexed.pb.mongo.go:301.37,303.3 1 0
github.cbhq.net/engineering/docstore/testdata/expected/coinbase/docstore/test/account/timestampUnindexed.pb.mongo.go:308.109,313.16 4 0
github.cbhq.net/engineering/docstore/testdata/expected/coinbase/docstore/test/account/timestampUnindexed.pb.mongo.go:316.2,317.16 2 0
github.cbhq.net/engineering/docstore/testdata/expected/coinbase/docstore/test/account/timestampUnindexed.pb.mongo.go:321.2,323.25 2 0
github.cbhq.net/engineering/docstore/testdata/expected/coinbase/docstore/test/account/timestampUnindexed.pb.mongo.go:313.16,315.3 1 0
github.cbhq.net/engineering/docstore/testdata/expected/coinbase/docstore/test/account/timestampUnindexed.pb.mongo.go:317.16,320.3 2 0
github.cbhq.net/engineering/docstore/testdata/expected/coinbase/docstore/test/account/timestampUnindexed.pb.mongo.go:355.62,357.2 1 0
github.cbhq.net/engineering/docstore/testdata/expected/coinbase/docstore/test/account/timestampUnindexed.pb.mongo.go:359.98,360.15 1 0
github.cbhq.net/engineering/docstore/testdata/expected/coinbase/docstore/test/account/timestampUnindexed.pb.mongo.go:364.2,365.55 2 0
github.cbhq.net/engineering/docstore/testdata/expected/coinbase/docstore/test/account/timestampUnindexed.pb.mongo.go:376.2,376.17 1 0
github.cbhq.net/engineering/docstore/testdata/expected/coinbase/docstore/test/account/timestampUnindexed.pb.mongo.go:360.15,362.3 1 0
github.cbhq.net/engineering/docstore/testdata/expected/coinbase/docstore/test/account/timestampUnindexed.pb.mongo.go:365.55,368.17 3 0
github.cbhq.net/engineering/docstore/testdata/expected/coinbase/docstore/test/account/timestampUnindexed.pb.mongo.go:368.17,371.4 2 0
github.cbhq.net/engineering/docstore/testdata/expected/coinbase/docstore/test/account/timestampUnindexed.pb.mongo.go:371.9,373.4 1 0
github.cbhq.net/engineering/docstore/testdata/expected/coinbase/docstore/test/account/timestampUnindexed.pb.mongo.go:379.165,384.2 4 0
github.cbhq.net/engineering/docstore/testdata/expected/coinbase/docstore/test/account/timestampUnindexed.pb.mongo.go:386.169,390.16 3 0
github.cbhq.net/engineering/docstore/testdata/expected/coinbase/docstore/test/account/timestampUnindexed.pb.mongo.go:395.2,396.16 2 0
github.cbhq.net/engineering/docstore/testdata/expected/coinbase/docstore/test/account/timestampUnindexed.pb.mongo.go:401.2,404.27 1 0
github.cbhq.net/engineering/docstore/testdata/expected/coinbase/docstore/test/account/timestampUnindexed.pb.mongo.go:409.2,409.26 1 0
github.cbhq.net/engineering/docstore/testdata/expected/coinbase/docstore/test/account/timestampUnindexed.pb.mongo.go:390.16,393.3 2 0
github.cbhq.net/engineering/docstore/testdata/expected/coinbase/docstore/test/account/timestampUnindexed.pb.mongo.go:396.16,399.3 2 0
github.cbhq.net/engineering/docstore/testdata/expected/coinbase/docstore/test/account/timestampUnindexed.pb.mongo.go:404.27,406.4 1 0
github.cbhq.net/engineering/docstore/testdata/expected/coinbase/docstore/test/account/timestampUnindexed.pb.mongo.go:412.111,421.34 6 0
github.cbhq.net/engineering/docstore/testdata/expected/coinbase/docstore/test/account/timestampUnindexed.pb.mongo.go:429.2,431.16 3 0
github.cbhq.net/engineering/docstore/testdata/expected/coinbase/docstore/test/account/timestampUnindexed.pb.mongo.go:435.2,435.18 1 0
github.cbhq.net/engineering/docstore/testdata/expected/coinbase/docstore/test/account/timestampUnindexed.pb.mongo.go:421.34,422.43 1 0
github.cbhq.net/engineering/docstore/testdata/expected/coinbase/docstore/test/account/timestampUnindexed.pb.mongo.go:425.3,426.18 2 0
github.cbhq.net/engineering/docstore/testdata/expected/coinbase/docstore/test/account/timestampUnindexed.pb.mongo.go:422.43,424.4 1 0
github.cbhq.net/engineering/docstore/testdata/expected/coinbase/docstore/test/account/timestampUnindexed.pb.mongo.go:431.16,434.3 2 0
github.cbhq.net/engineering/docstore/testdata/expected/coinbase/docstore/test/account/timestampUnindexed.pb.mongo.go:438.172,444.37 5 0
github.cbhq.net/engineering/docstore/testdata/expected/coinbase/docstore/test/account/timestampUnindexed.pb.mongo.go:453.2,458.38 3 0
github.cbhq.net/engineering/docstore/testdata/expected/coinbase/docstore/test/account/timestampUnindexed.pb.mongo.go:535.2,536.16 2 0
github.cbhq.net/engineering/docstore/testdata/expected/coinbase/docstore/test/account/timestampUnindexed.pb.mongo.go:539.2,539.25 1 0
github.cbhq.net/engineering/docstore/testdata/expected/coinbase/docstore/test/account/timestampUnindexed.pb.mongo.go:542.2,542.12 1 0
github.cbhq.net/engineering/docstore/testdata/expected/coinbase/docstore/test/account/timestampUnindexed.pb.mongo.go:444.37,445.28 1 0
github.cbhq.net/engineering/docstore/testdata/expected/coinbase/docstore/test/account/timestampUnindexed.pb.mongo.go:445.28,446.30 1 0
github.cbhq.net/engineering/docstore/testdata/expected/coinbase/docstore/test/account/timestampUnindexed.pb.mongo.go:449.4,449.26 1 0
github.cbhq.net/engineering/docstore/testdata/expected/coinbase/docstore/test/account/timestampUnindexed.pb.mongo.go:446.30,448.5 1 0
github.cbhq.net/engineering/docstore/testdata/expected/coinbase/docstore/test/account/timestampUnindexed.pb.mongo.go:458.38,461.13 2 0
github.cbhq.net/engineering/docstore/testdata/expected/coinbase/docstore/test/account/timestampUnindexed.pb.mongo.go:532.3,532.75 1 0
github.cbhq.net/engineering/docstore/testdata/expected/coinbase/docstore/test/account/timestampUnindexed.pb.mongo.go:462.16,463.29 1 0
github.cbhq.net/engineering/docstore/testdata/expected/coinbase/docstore/test/account/timestampUnindexed.pb.mongo.go:470.16,471.29 1 0
github.cbhq.net/engineering/docstore/testdata/expected/coinbase/docstore/test/account/timestampUnindexed.pb.mongo.go:482.21,483.29 1 0
github.cbhq.net/engineering/docstore/testdata/expected/coinbase/docstore/test/account/timestampUnindexed.pb.mongo.go:492.16,493.29 1 0
github.cbhq.net/engineering/docstore/testdata/expected/coinbase/docstore/test/account/timestampUnindexed.pb.mongo.go:502.16,503.29 1 0
github.cbhq.net/engineering/docstore/testdata/expected/coinbase/docstore/test/account/timestampUnindexed.pb.mongo.go:512.17,513.29 1 0
github.cbhq.net/engineering/docstore/testdata/expected/coinbase/docstore/test/account/timestampUnindexed.pb.mongo.go:520.21,521.29 1 0
github.cbhq.net/engineering/docstore/testdata/expected/coinbase/docstore/test/account/timestampUnindexed.pb.mongo.go:528.11,529.124 1 0
github.cbhq.net/engineering/docstore/testdata/expected/coinbase/docstore/test/account/timestampUnindexed.pb.mongo.go:463.29,465.16 1 0
github.cbhq.net/engineering/docstore/testdata/expected/coinbase/docstore/test/account/timestampUnindexed.pb.mongo.go:466.13,467.128 1 0
github.cbhq.net/engineering/docstore/testdata/expected/coinbase/docstore/test/account/timestampUnindexed.pb.mongo.go:471.29,473.16 1 0
github.cbhq.net/engineering/docstore/testdata/expected/coinbase/docstore/test/account/timestampUnindexed.pb.mongo.go:474.39,475.147 1 0
github.cbhq.net/engineering/docstore/testdata/expected/coinbase/docstore/test/account/timestampUnindexed.pb.mongo.go:476.32,477.93 1 0
github.cbhq.net/engineering/docstore/testdata/expected/coinbase/docstore/test/account/timestampUnindexed.pb.mongo.go:478.13,479.128 1 0
github.cbhq.net/engineering/docstore/testdata/expected/coinbase/docstore/test/account/timestampUnindexed.pb.mongo.go:483.29,485.16 1 0
github.cbhq.net/engineering/docstore/testdata/expected/coinbase/docstore/test/account/timestampUnindexed.pb.mongo.go:486.39,487.95 1 0
github.cbhq.net/engineering/docstore/testdata/expected/coinbase/docstore/test/account/timestampUnindexed.pb.mongo.go:488.13,489.128 1 0
github.cbhq.net/engineering/docstore/testdata/expected/coinbase/docstore/test/account/timestampUnindexed.pb.mongo.go:493.29,495.16 1 0
github.cbhq.net/engineering/docstore/testdata/expected/coinbase/docstore/test/account/timestampUnindexed.pb.mongo.go:496.39,497.147 1 0
github.cbhq.net/engineering/docstore/testdata/expected/coinbase/docstore/test/account/timestampUnindexed.pb.mongo.go:498.13,499.128 1 0
github.cbhq.net/engineering/docstore/testdata/expected/coinbase/docstore/test/account/timestampUnindexed.pb.mongo.go:503.29,505.16 1 0
github.cbhq.net/engineering/docstore/testdata/expected/coinbase/docstore/test/account/timestampUnindexed.pb.mongo.go:506.39,507.147 1 0
github.cbhq.net/engineering/docstore/testdata/expected/coinbase/docstore/test/account/timestampUnindexed.pb.mongo.go:508.13,509.128 1 0
github.cbhq.net/engineering/docstore/testdata/expected/coinbase/docstore/test/account/timestampUnindexed.pb.mongo.go:513.29,515.16 1 0
github.cbhq.net/engineering/docstore/testdata/expected/coinbase/docstore/test/account/timestampUnindexed.pb.mongo.go:516.13,517.128 1 0
github.cbhq.net/engineering/docstore/testdata/expected/coinbase/docstore/test/account/timestampUnindexed.pb.mongo.go:521.29,523.16 1 0
github.cbhq.net/engineering/docstore/testdata/expected/coinbase/docstore/test/account/timestampUnindexed.pb.mongo.go:524.13,525.128 1 0
github.cbhq.net/engineering/docstore/testdata/expected/coinbase/docstore/test/account/timestampUnindexed.pb.mongo.go:536.16,538.3 1 0
github.cbhq.net/engineering/docstore/testdata/expected/coinbase/docstore/test/account/timestampUnindexed.pb.mongo.go:539.25,541.3 1 0
github.cbhq.net/engineering/docstore/testdata/expected/coinbase/docstore/test/account/timestampUnindexed.pb.mongo.go:545.94,554.16 6 0
github.cbhq.net/engineering/docstore/testdata/expected/coinbase/docstore/test/account/timestampUnindexed.pb.mongo.go:558.2,558.33 1 0
github.cbhq.net/engineering/docstore/testdata/expected/coinbase/docstore/test/account/timestampUnindexed.pb.mongo.go:561.2,561.12 1 0
github.cbhq.net/engineering/docstore/testdata/expected/coinbase/docstore/test/account/timestampUnindexed.pb.mongo.go:554.16,557.3 2 0
github.cbhq.net/engineering/docstore/testdata/expected/coinbase/docstore/test/account/timestampUnindexed.pb.mongo.go:558.33,560.3 1 0
github.cbhq.net/engineering/docstore/testdata/expected/coinbase/docstore/test/account/timestampUnindexed.pb.mongo.go:564.60,566.2 1 0
github.cbhq.net/engineering/docstore/testdata/expected/coinbase/docstore/test/account/timestampUnindexed.pb.mongo.go:568.61,570.2 1 0
github.cbhq.net/engineering/docstore/testdata/expected/coinbase/docstore/test/account/timestampUnindexed.pb.mongo.go:572.83,577.2 4 0
github.cbhq.net/engineering/docstore/testdata/expected/coinbase/docstore/test/account/timestampUnindexed.pb.mongo.go:579.74,584.16 4 0
github.cbhq.net/engineering/docstore/testdata/expected/coinbase/docstore/test/account/timestampUnindexed.pb.mongo.go:589.2,589.12 1 0
github.cbhq.net/engineering/docstore/testdata/expected/coinbase/docstore/test/account/timestampUnindexed.pb.mongo.go:584.16,587.3 2 0
