mode: set
github.cbhq.net/risk/data-tracker-backend/internal/util/kafka.go:13.76,15.2 1 0
github.cbhq.net/risk/data-tracker-backend/internal/util/kafka.go:17.89,20.44 2 0
github.cbhq.net/risk/data-tracker-backend/internal/util/kafka.go:27.2,27.72 1 0
github.cbhq.net/risk/data-tracker-backend/internal/util/kafka.go:31.2,39.40 8 0
github.cbhq.net/risk/data-tracker-backend/internal/util/kafka.go:20.44,23.3 2 0
github.cbhq.net/risk/data-tracker-backend/internal/util/kafka.go:23.8,25.3 1 0
github.cbhq.net/risk/data-tracker-backend/internal/util/kafka.go:27.72,29.3 1 0
github.cbhq.net/risk/data-tracker-backend/internal/util/kafka.go:42.13,45.2 2 1
github.cbhq.net/risk/data-tracker-backend/pkg/cadence/creditriskmonitor/credit_risk_monitor_alert_rules.go:10.58,17.2 1 0
github.cbhq.net/risk/data-tracker-backend/pkg/loan_service/repository/borrower_summary.go:37.85,38.23 1 0
github.cbhq.net/risk/data-tracker-backend/pkg/loan_service/repository/borrower_summary.go:42.2,43.16 2 0
github.cbhq.net/risk/data-tracker-backend/pkg/loan_service/repository/borrower_summary.go:47.2,49.8 1 0
github.cbhq.net/risk/data-tracker-backend/pkg/loan_service/repository/borrower_summary.go:38.23,40.3 1 0
github.cbhq.net/risk/data-tracker-backend/pkg/loan_service/repository/borrower_summary.go:43.16,45.3 1 0
github.cbhq.net/risk/data-tracker-backend/pkg/loan_service/repository/borrower_summary.go:52.104,57.65 2 0
github.cbhq.net/risk/data-tracker-backend/pkg/loan_service/repository/borrower_summary.go:133.2,133.16 1 0
github.cbhq.net/risk/data-tracker-backend/pkg/loan_service/repository/borrower_summary.go:137.2,137.27 1 0
github.cbhq.net/risk/data-tracker-backend/pkg/loan_service/repository/borrower_summary.go:141.2,142.19 2 0
github.cbhq.net/risk/data-tracker-backend/pkg/loan_service/repository/borrower_summary.go:57.65,126.40 4 0
github.cbhq.net/risk/data-tracker-backend/pkg/loan_service/repository/borrower_summary.go:130.3,130.93 1 0
github.cbhq.net/risk/data-tracker-backend/pkg/loan_service/repository/borrower_summary.go:126.40,129.4 1 0
github.cbhq.net/risk/data-tracker-backend/pkg/loan_service/repository/borrower_summary.go:133.16,136.3 2 0
github.cbhq.net/risk/data-tracker-backend/pkg/loan_service/repository/borrower_summary.go:137.27,140.3 2 0
github.cbhq.net/risk/data-tracker-backend/pkg/loan_service/repository/borrower_summary.go:145.120,200.65 6 0
github.cbhq.net/risk/data-tracker-backend/pkg/loan_service/repository/borrower_summary.go:204.2,204.16 1 0
github.cbhq.net/risk/data-tracker-backend/pkg/loan_service/repository/borrower_summary.go:209.2,210.31 2 0
github.cbhq.net/risk/data-tracker-backend/pkg/loan_service/repository/borrower_summary.go:200.65,202.3 1 0
github.cbhq.net/risk/data-tracker-backend/pkg/loan_service/repository/borrower_summary.go:204.16,207.3 2 0
github.cbhq.net/risk/data-tracker-backend/pkg/loan_service/repository/borrower_summary.go:214.104,222.65 3 0
github.cbhq.net/risk/data-tracker-backend/pkg/loan_service/repository/borrower_summary.go:229.2,229.16 1 0
github.cbhq.net/risk/data-tracker-backend/pkg/loan_service/repository/borrower_summary.go:233.2,234.18 2 0
github.cbhq.net/risk/data-tracker-backend/pkg/loan_service/repository/borrower_summary.go:222.65,227.3 2 0
github.cbhq.net/risk/data-tracker-backend/pkg/loan_service/repository/borrower_summary.go:229.16,232.3 2 0
github.cbhq.net/risk/data-tracker-backend/pkg/loan_service/repository/borrower_summary.go:237.155,238.19 1 0
github.cbhq.net/risk/data-tracker-backend/pkg/loan_service/repository/borrower_summary.go:242.2,242.21 1 0
github.cbhq.net/risk/data-tracker-backend/pkg/loan_service/repository/borrower_summary.go:246.2,248.24 3 0
github.cbhq.net/risk/data-tracker-backend/pkg/loan_service/repository/borrower_summary.go:253.2,254.21 2 0
github.cbhq.net/risk/data-tracker-backend/pkg/loan_service/repository/borrower_summary.go:260.2,266.65 2 0
github.cbhq.net/risk/data-tracker-backend/pkg/loan_service/repository/borrower_summary.go:280.2,280.16 1 0
github.cbhq.net/risk/data-tracker-backend/pkg/loan_service/repository/borrower_summary.go:285.2,286.22 2 0
github.cbhq.net/risk/data-tracker-backend/pkg/loan_service/repository/borrower_summary.go:289.2,290.32 2 0
github.cbhq.net/risk/data-tracker-backend/pkg/loan_service/repository/borrower_summary.go:238.19,240.3 1 0
github.cbhq.net/risk/data-tracker-backend/pkg/loan_service/repository/borrower_summary.go:242.21,244.3 1 0
github.cbhq.net/risk/data-tracker-backend/pkg/loan_service/repository/borrower_summary.go:248.24,251.3 2 0
github.cbhq.net/risk/data-tracker-backend/pkg/loan_service/repository/borrower_summary.go:254.21,255.68 1 0
github.cbhq.net/risk/data-tracker-backend/pkg/loan_service/repository/borrower_summary.go:255.68,257.4 1 0
github.cbhq.net/risk/data-tracker-backend/pkg/loan_service/repository/borrower_summary.go:266.65,268.17 2 0
github.cbhq.net/risk/data-tracker-backend/pkg/loan_service/repository/borrower_summary.go:271.3,271.57 1 0
github.cbhq.net/risk/data-tracker-backend/pkg/loan_service/repository/borrower_summary.go:277.3,277.34 1 0
github.cbhq.net/risk/data-tracker-backend/pkg/loan_service/repository/borrower_summary.go:268.17,270.4 1 0
github.cbhq.net/risk/data-tracker-backend/pkg/loan_service/repository/borrower_summary.go:271.57,273.18 2 0
github.cbhq.net/risk/data-tracker-backend/pkg/loan_service/repository/borrower_summary.go:273.18,275.5 1 0
github.cbhq.net/risk/data-tracker-backend/pkg/loan_service/repository/borrower_summary.go:280.16,283.3 2 0
github.cbhq.net/risk/data-tracker-backend/pkg/loan_service/repository/borrower_summary.go:286.22,288.3 1 0
github.cbhq.net/risk/data-tracker-backend/pkg/loan_service/repository/borrower_summary.go:293.125,303.65 5 0
github.cbhq.net/risk/data-tracker-backend/pkg/loan_service/repository/borrower_summary.go:307.2,307.16 1 0
github.cbhq.net/risk/data-tracker-backend/pkg/loan_service/repository/borrower_summary.go:311.2,311.53 1 0
github.cbhq.net/risk/data-tracker-backend/pkg/loan_service/repository/borrower_summary.go:315.2,316.12 2 0
github.cbhq.net/risk/data-tracker-backend/pkg/loan_service/repository/borrower_summary.go:303.65,305.3 1 0
github.cbhq.net/risk/data-tracker-backend/pkg/loan_service/repository/borrower_summary.go:307.16,310.3 2 0
github.cbhq.net/risk/data-tracker-backend/pkg/loan_service/repository/borrower_summary.go:311.53,314.3 2 0
github.cbhq.net/risk/data-tracker-backend/pkg/loan_service/repository/borrower_summary.go:319.69,323.2 3 0
github.cbhq.net/risk/data-tracker-backend/internal/loan_service/common.go:15.105,25.16 5 0
github.cbhq.net/risk/data-tracker-backend/internal/loan_service/common.go:30.2,31.33 2 0
github.cbhq.net/risk/data-tracker-backend/internal/loan_service/common.go:38.2,39.24 2 0
github.cbhq.net/risk/data-tracker-backend/internal/loan_service/common.go:25.16,28.3 2 0
github.cbhq.net/risk/data-tracker-backend/internal/loan_service/common.go:31.33,33.58 2 0
github.cbhq.net/risk/data-tracker-backend/internal/loan_service/common.go:33.58,35.4 1 0
github.cbhq.net/risk/data-tracker-backend/internal/validator/request.go:14.81,15.33 1 0
github.cbhq.net/risk/data-tracker-backend/internal/validator/request.go:19.2,19.70 1 0
github.cbhq.net/risk/data-tracker-backend/internal/validator/request.go:23.2,23.12 1 0
github.cbhq.net/risk/data-tracker-backend/internal/validator/request.go:15.33,17.3 1 0
github.cbhq.net/risk/data-tracker-backend/internal/validator/request.go:19.70,21.3 1 0
github.cbhq.net/risk/data-tracker-backend/internal/validator/request.go:26.36,28.2 1 0
github.cbhq.net/risk/data-tracker-backend/internal/config/cadence.go:25.39,39.2 4 0
github.cbhq.net/risk/data-tracker-backend/pkg/cadence/creditriskmonitor/child_workflow.go:21.126,23.2 1 0
github.cbhq.net/risk/data-tracker-backend/pkg/cadence/creditriskmonitor/child_workflow.go:25.128,27.2 1 0
github.cbhq.net/risk/data-tracker-backend/pkg/cadence/creditriskmonitor/child_workflow.go:29.112,42.16 7 0
github.cbhq.net/risk/data-tracker-backend/pkg/cadence/creditriskmonitor/child_workflow.go:48.2,54.57 4 0
github.cbhq.net/risk/data-tracker-backend/pkg/cadence/creditriskmonitor/child_workflow.go:42.16,46.3 3 0
github.cbhq.net/risk/data-tracker-backend/pkg/cadence/creditriskmonitor/child_workflow.go:57.130,59.2 1 0
github.cbhq.net/risk/data-tracker-backend/pkg/cadence/creditriskmonitor/child_workflow.go:61.132,63.2 1 0
github.cbhq.net/risk/data-tracker-backend/pkg/cadence/creditriskmonitor/child_workflow.go:65.116,74.45 6 0
github.cbhq.net/risk/data-tracker-backend/pkg/cadence/creditriskmonitor/child_workflow.go:78.2,80.12 2 0
github.cbhq.net/risk/data-tracker-backend/pkg/cadence/creditriskmonitor/child_workflow.go:74.45,76.3 1 0
github.cbhq.net/risk/data-tracker-backend/pkg/cadence/creditriskmonitor/child_workflow.go:83.134,85.2 1 0
github.cbhq.net/risk/data-tracker-backend/pkg/cadence/creditriskmonitor/child_workflow.go:87.136,89.2 1 0
github.cbhq.net/risk/data-tracker-backend/pkg/cadence/creditriskmonitor/child_workflow.go:91.120,104.16 7 0
github.cbhq.net/risk/data-tracker-backend/pkg/cadence/creditriskmonitor/child_workflow.go:110.2,116.12 4 0
github.cbhq.net/risk/data-tracker-backend/pkg/cadence/creditriskmonitor/child_workflow.go:104.16,108.3 3 0
github.cbhq.net/risk/data-tracker-backend/pkg/cadence/creditriskmonitor/child_workflow.go:119.152,121.2 1 0
github.cbhq.net/risk/data-tracker-backend/pkg/cadence/creditriskmonitor/child_workflow.go:123.154,125.2 1 0
github.cbhq.net/risk/data-tracker-backend/pkg/cadence/creditriskmonitor/child_workflow.go:127.138,140.16 7 0
github.cbhq.net/risk/data-tracker-backend/pkg/cadence/creditriskmonitor/child_workflow.go:146.2,152.12 4 0
github.cbhq.net/risk/data-tracker-backend/pkg/cadence/creditriskmonitor/child_workflow.go:140.16,144.3 3 0
github.cbhq.net/risk/data-tracker-backend/pkg/cadence/creditriskmonitor/child_workflow.go:155.161,160.40 4 0
github.cbhq.net/risk/data-tracker-backend/pkg/cadence/creditriskmonitor/child_workflow.go:164.2,173.50 4 0
github.cbhq.net/risk/data-tracker-backend/pkg/cadence/creditriskmonitor/child_workflow.go:179.2,179.33 1 0
github.cbhq.net/risk/data-tracker-backend/pkg/cadence/creditriskmonitor/child_workflow.go:190.2,192.24 2 0
github.cbhq.net/risk/data-tracker-backend/pkg/cadence/creditriskmonitor/child_workflow.go:160.40,162.3 1 0
github.cbhq.net/risk/data-tracker-backend/pkg/cadence/creditriskmonitor/child_workflow.go:173.50,176.3 2 0
github.cbhq.net/risk/data-tracker-backend/pkg/cadence/creditriskmonitor/child_workflow.go:179.33,181.48 2 0
github.cbhq.net/risk/data-tracker-backend/pkg/cadence/creditriskmonitor/child_workflow.go:185.3,185.34 1 0
github.cbhq.net/risk/data-tracker-backend/pkg/cadence/creditriskmonitor/child_workflow.go:181.48,184.4 2 0
github.cbhq.net/risk/data-tracker-backend/pkg/cadence/creditriskmonitor/child_workflow.go:185.34,187.4 1 0
github.cbhq.net/risk/data-tracker-backend/pkg/cadence/creditriskmonitor/credit_risk_monitor_activities.go:47.124,51.2 3 0
github.cbhq.net/risk/data-tracker-backend/pkg/cadence/creditriskmonitor/credit_risk_monitor_activities.go:53.142,62.16 3 0
github.cbhq.net/risk/data-tracker-backend/pkg/cadence/creditriskmonitor/credit_risk_monitor_activities.go:66.2,68.40 3 0
github.cbhq.net/risk/data-tracker-backend/pkg/cadence/creditriskmonitor/credit_risk_monitor_activities.go:71.2,71.41 1 0
github.cbhq.net/risk/data-tracker-backend/pkg/cadence/creditriskmonitor/credit_risk_monitor_activities.go:83.2,83.29 1 0
github.cbhq.net/risk/data-tracker-backend/pkg/cadence/creditriskmonitor/credit_risk_monitor_activities.go:62.16,65.3 2 0
github.cbhq.net/risk/data-tracker-backend/pkg/cadence/creditriskmonitor/credit_risk_monitor_activities.go:68.40,70.3 1 0
github.cbhq.net/risk/data-tracker-backend/pkg/cadence/creditriskmonitor/credit_risk_monitor_activities.go:71.41,74.59 2 0
github.cbhq.net/risk/data-tracker-backend/pkg/cadence/creditriskmonitor/credit_risk_monitor_activities.go:74.59,76.18 2 0
github.cbhq.net/risk/data-tracker-backend/pkg/cadence/creditriskmonitor/credit_risk_monitor_activities.go:76.18,78.5 1 0
github.cbhq.net/risk/data-tracker-backend/pkg/cadence/creditriskmonitor/credit_risk_monitor_activities.go:78.10,78.50 1 0
github.cbhq.net/risk/data-tracker-backend/pkg/cadence/creditriskmonitor/credit_risk_monitor_activities.go:78.50,80.5 1 0
github.cbhq.net/risk/data-tracker-backend/pkg/cadence/creditriskmonitor/credit_risk_monitor_activities.go:86.153,88.16 2 0
github.cbhq.net/risk/data-tracker-backend/pkg/cadence/creditriskmonitor/credit_risk_monitor_activities.go:92.2,92.23 1 0
github.cbhq.net/risk/data-tracker-backend/pkg/cadence/creditriskmonitor/credit_risk_monitor_activities.go:96.2,96.69 1 0
github.cbhq.net/risk/data-tracker-backend/pkg/cadence/creditriskmonitor/credit_risk_monitor_activities.go:88.16,90.3 1 0
github.cbhq.net/risk/data-tracker-backend/pkg/cadence/creditriskmonitor/credit_risk_monitor_activities.go:92.23,94.3 1 0
github.cbhq.net/risk/data-tracker-backend/pkg/cadence/creditriskmonitor/credit_risk_monitor_activities.go:99.140,101.16 2 0
github.cbhq.net/risk/data-tracker-backend/pkg/cadence/creditriskmonitor/credit_risk_monitor_activities.go:105.2,105.23 1 0
github.cbhq.net/risk/data-tracker-backend/pkg/cadence/creditriskmonitor/credit_risk_monitor_activities.go:109.2,114.8 1 0
github.cbhq.net/risk/data-tracker-backend/pkg/cadence/creditriskmonitor/credit_risk_monitor_activities.go:101.16,103.3 1 0
github.cbhq.net/risk/data-tracker-backend/pkg/cadence/creditriskmonitor/credit_risk_monitor_activities.go:105.23,107.3 1 0
github.cbhq.net/risk/data-tracker-backend/pkg/cadence/creditriskmonitor/credit_risk_monitor_activities.go:117.117,144.2 7 0
github.cbhq.net/risk/data-tracker-backend/pkg/cadence/creditriskmonitor/credit_risk_monitor_activities.go:146.87,148.2 1 0
github.cbhq.net/risk/data-tracker-backend/pkg/cadence/creditriskmonitor/credit_risk_monitor_activities.go:150.157,167.95 3 0
github.cbhq.net/risk/data-tracker-backend/pkg/cadence/creditriskmonitor/credit_risk_monitor_activities.go:171.2,171.28 1 0
github.cbhq.net/risk/data-tracker-backend/pkg/cadence/creditriskmonitor/credit_risk_monitor_activities.go:167.95,169.3 1 0
github.cbhq.net/risk/data-tracker-backend/pkg/cadence/creditriskmonitor/credit_risk_monitor_activities.go:174.144,190.101 3 0
github.cbhq.net/risk/data-tracker-backend/pkg/cadence/creditriskmonitor/credit_risk_monitor_activities.go:194.2,194.28 1 0
github.cbhq.net/risk/data-tracker-backend/pkg/cadence/creditriskmonitor/credit_risk_monitor_activities.go:190.101,192.3 1 0
github.cbhq.net/risk/data-tracker-backend/pkg/cadence/creditriskmonitor/credit_risk_monitor_activities.go:197.123,200.16 2 0
github.cbhq.net/risk/data-tracker-backend/pkg/cadence/creditriskmonitor/credit_risk_monitor_activities.go:200.16,203.3 2 0
github.cbhq.net/risk/data-tracker-backend/pkg/cadence/creditriskmonitor/credit_risk_monitor_activities.go:203.8,204.24 1 0
github.cbhq.net/risk/data-tracker-backend/pkg/cadence/creditriskmonitor/credit_risk_monitor_activities.go:204.24,206.4 1 0
github.cbhq.net/risk/data-tracker-backend/pkg/cadence/creditriskmonitor/credit_risk_monitor_activities.go:206.9,208.4 1 0
github.cbhq.net/risk/data-tracker-backend/pkg/cadence/creditriskmonitor/credit_risk_monitor_activities.go:212.44,215.2 2 0
github.cbhq.net/risk/data-tracker-backend/pkg/cadence/creditriskmonitor/credit_risk_monitor_activities.go:217.119,220.2 1 0
github.cbhq.net/risk/data-tracker-backend/pkg/cadence/creditriskmonitor/credit_risk_monitor_activities.go:222.54,224.2 1 0
github.cbhq.net/risk/data-tracker-backend/internal/serde/registry.go:23.30,27.2 3 1
github.cbhq.net/risk/data-tracker-backend/internal/serde/registry.go:29.63,35.9 5 1
github.cbhq.net/risk/data-tracker-backend/internal/serde/registry.go:38.2,39.12 2 1
github.cbhq.net/risk/data-tracker-backend/internal/serde/registry.go:35.9,37.3 1 0
github.cbhq.net/risk/data-tracker-backend/internal/serde/registry.go:42.61,44.16 2 1
github.cbhq.net/risk/data-tracker-backend/internal/serde/registry.go:44.16,45.13 1 0
github.cbhq.net/risk/data-tracker-backend/internal/serde/registry.go:49.67,53.9 4 0
github.cbhq.net/risk/data-tracker-backend/internal/serde/registry.go:56.2,56.56 1 0
github.cbhq.net/risk/data-tracker-backend/internal/serde/registry.go:53.9,55.3 1 0
github.cbhq.net/risk/data-tracker-backend/internal/serde/registry.go:59.13,62.2 2 1
github.cbhq.net/risk/data-tracker-backend/internal/util/redis.go:8.44,10.2 1 0
github.cbhq.net/risk/data-tracker-backend/internal/util/redis.go:12.47,19.2 2 0
github.cbhq.net/risk/data-tracker-backend/internal/util/redis.go:21.13,26.2 4 1
github.cbhq.net/risk/data-tracker-backend/internal/loan_service/repository/credit_event.go:19.116,20.6 1 0
github.cbhq.net/risk/data-tracker-backend/internal/loan_service/repository/credit_event.go:20.6,22.17 2 0
github.cbhq.net/risk/data-tracker-backend/internal/loan_service/repository/credit_event.go:25.3,25.60 1 0
github.cbhq.net/risk/data-tracker-backend/internal/loan_service/repository/credit_event.go:22.17,24.4 1 0
github.cbhq.net/risk/data-tracker-backend/internal/loan_service/repository/credit_event.go:25.60,27.12 2 0
github.cbhq.net/risk/data-tracker-backend/internal/loan_service/repository/credit_event.go:28.9,31.4 2 0
github.cbhq.net/risk/data-tracker-backend/internal/loan_service/repository/credit_event.go:35.95,37.2 1 0
github.cbhq.net/risk/data-tracker-backend/internal/loan_service/repository/credit_event.go:39.108,43.2 3 0
github.cbhq.net/risk/data-tracker-backend/internal/loan_service/config.go:15.74,17.16 2 0
github.cbhq.net/risk/data-tracker-backend/internal/loan_service/config.go:20.2,21.16 2 0
github.cbhq.net/risk/data-tracker-backend/internal/loan_service/config.go:25.2,26.16 2 0
github.cbhq.net/risk/data-tracker-backend/internal/loan_service/config.go:30.2,31.16 2 0
github.cbhq.net/risk/data-tracker-backend/internal/loan_service/config.go:35.2,39.8 1 0
github.cbhq.net/risk/data-tracker-backend/internal/loan_service/config.go:17.16,19.3 1 0
github.cbhq.net/risk/data-tracker-backend/internal/loan_service/config.go:21.16,23.3 1 0
github.cbhq.net/risk/data-tracker-backend/internal/loan_service/config.go:26.16,28.3 1 0
github.cbhq.net/risk/data-tracker-backend/internal/loan_service/config.go:31.16,33.3 1 0
github.cbhq.net/risk/data-tracker-backend/internal/loan_service/borrower_summary_mapper/mapper.go:13.84,57.34 3 1
github.cbhq.net/risk/data-tracker-backend/internal/loan_service/borrower_summary_mapper/mapper.go:65.2,79.35 2 1
github.cbhq.net/risk/data-tracker-backend/internal/loan_service/borrower_summary_mapper/mapper.go:86.2,86.37 1 1
github.cbhq.net/risk/data-tracker-backend/internal/loan_service/borrower_summary_mapper/mapper.go:95.2,95.23 1 1
github.cbhq.net/risk/data-tracker-backend/internal/loan_service/borrower_summary_mapper/mapper.go:57.34,58.66 1 1
github.cbhq.net/risk/data-tracker-backend/internal/loan_service/borrower_summary_mapper/mapper.go:58.66,61.4 2 1
github.cbhq.net/risk/data-tracker-backend/internal/loan_service/borrower_summary_mapper/mapper.go:79.35,80.62 1 1
github.cbhq.net/risk/data-tracker-backend/internal/loan_service/borrower_summary_mapper/mapper.go:80.62,83.4 2 0
github.cbhq.net/risk/data-tracker-backend/internal/loan_service/borrower_summary_mapper/mapper.go:86.37,93.3 1 1
github.cbhq.net/risk/data-tracker-backend/internal/loan_service/borrower_summary_mapper/mapper.go:99.71,103.2 3 1
github.cbhq.net/risk/data-tracker-backend/internal/loan_service/borrower_summary_mapper/mapper.go:105.70,110.19 2 1
github.cbhq.net/risk/data-tracker-backend/internal/loan_service/borrower_summary_mapper/mapper.go:114.2,115.16 2 1
github.cbhq.net/risk/data-tracker-backend/internal/loan_service/borrower_summary_mapper/mapper.go:119.2,123.12 2 1
github.cbhq.net/risk/data-tracker-backend/internal/loan_service/borrower_summary_mapper/mapper.go:110.19,113.3 2 1
github.cbhq.net/risk/data-tracker-backend/internal/loan_service/borrower_summary_mapper/mapper.go:115.16,118.3 2 0
github.cbhq.net/risk/data-tracker-backend/pkg/cadence/creditriskmonitor/credit_risk_monitor.go:34.90,36.16 2 0
github.cbhq.net/risk/data-tracker-backend/pkg/cadence/creditriskmonitor/credit_risk_monitor.go:40.2,45.3 2 0
github.cbhq.net/risk/data-tracker-backend/pkg/cadence/creditriskmonitor/credit_risk_monitor.go:36.16,38.3 1 0
github.cbhq.net/risk/data-tracker-backend/pkg/cadence/creditriskmonitor/credit_risk_monitor.go:48.75,51.2 2 0
github.cbhq.net/risk/data-tracker-backend/pkg/cadence/creditriskmonitor/credit_risk_monitor.go:53.125,56.2 2 0
github.cbhq.net/risk/data-tracker-backend/pkg/cadence/creditriskmonitor/credit_risk_monitor.go:58.217,67.2 3 0
github.cbhq.net/risk/data-tracker-backend/pkg/cadence/creditriskmonitor/credit_risk_monitor.go:69.103,71.2 1 0
github.cbhq.net/risk/data-tracker-backend/pkg/cadence/creditriskmonitor/credit_risk_monitor.go:73.105,75.2 1 0
github.cbhq.net/risk/data-tracker-backend/pkg/cadence/creditriskmonitor/credit_risk_monitor.go:77.89,93.16 6 0
github.cbhq.net/risk/data-tracker-backend/pkg/cadence/creditriskmonitor/credit_risk_monitor.go:97.2,103.16 3 0
github.cbhq.net/risk/data-tracker-backend/pkg/cadence/creditriskmonitor/credit_risk_monitor.go:107.2,113.16 3 0
github.cbhq.net/risk/data-tracker-backend/pkg/cadence/creditriskmonitor/credit_risk_monitor.go:117.2,124.16 3 0
github.cbhq.net/risk/data-tracker-backend/pkg/cadence/creditriskmonitor/credit_risk_monitor.go:128.2,130.12 2 0
github.cbhq.net/risk/data-tracker-backend/pkg/cadence/creditriskmonitor/credit_risk_monitor.go:93.16,95.3 1 0
github.cbhq.net/risk/data-tracker-backend/pkg/cadence/creditriskmonitor/credit_risk_monitor.go:103.16,105.3 1 0
github.cbhq.net/risk/data-tracker-backend/pkg/cadence/creditriskmonitor/credit_risk_monitor.go:113.16,115.3 1 0
github.cbhq.net/risk/data-tracker-backend/pkg/cadence/creditriskmonitor/credit_risk_monitor.go:124.16,126.3 1 0
github.cbhq.net/risk/data-tracker-backend/pkg/cadence/creditriskmonitor/credit_risk_monitor.go:133.103,166.2 1 0
github.cbhq.net/risk/data-tracker-backend/pkg/cadence/creditriskmonitor/credit_risk_monitor.go:168.104,201.2 1 0
github.cbhq.net/risk/data-tracker-backend/pkg/cadence/creditriskmonitor/credit_risk_monitor.go:203.96,218.2 1 0
github.cbhq.net/risk/data-tracker-backend/pkg/cadence/creditriskmonitor/credit_risk_monitor.go:220.62,223.2 2 0
github.cbhq.net/risk/data-tracker-backend/pkg/cadence/creditriskmonitor/credit_risk_monitor.go:225.112,228.2 2 0
github.cbhq.net/risk/data-tracker-backend/pkg/cadence/creditriskmonitor/credit_risk_monitor.go:230.63,233.2 2 0
github.cbhq.net/risk/data-tracker-backend/pkg/cadence/creditriskmonitor/credit_risk_monitor.go:235.113,238.2 2 0
github.cbhq.net/risk/data-tracker-backend/pkg/cadence/creditriskmonitor/credit_risk_monitor.go:240.217,242.16 2 0
github.cbhq.net/risk/data-tracker-backend/pkg/cadence/creditriskmonitor/credit_risk_monitor.go:245.2,246.16 2 0
github.cbhq.net/risk/data-tracker-backend/pkg/cadence/creditriskmonitor/credit_risk_monitor.go:242.16,244.3 1 0
github.cbhq.net/risk/data-tracker-backend/internal/loan_service/stats_collector_helper/util.go:6.52,12.2 2 1
github.cbhq.net/risk/data-tracker-backend/internal/loan_service/stats_collector_helper/util.go:15.78,17.2 1 1
github.cbhq.net/risk/data-tracker-backend/internal/loan_service/stats_collector_helper/util.go:19.74,21.2 1 0
github.cbhq.net/risk/data-tracker-backend/internal/loan_service/global_mutex.go:15.106,20.36 1 0
github.cbhq.net/risk/data-tracker-backend/internal/loan_service/global_mutex.go:24.2,25.58 2 0
github.cbhq.net/risk/data-tracker-backend/internal/loan_service/global_mutex.go:20.36,22.4 1 0
github.cbhq.net/risk/data-tracker-backend/internal/loan_service/credit_monitor_event_consumer.go:30.76,31.15 1 0
github.cbhq.net/risk/data-tracker-backend/internal/loan_service/credit_monitor_event_consumer.go:34.2,38.16 4 0
github.cbhq.net/risk/data-tracker-backend/internal/loan_service/credit_monitor_event_consumer.go:57.2,57.12 1 0
github.cbhq.net/risk/data-tracker-backend/internal/loan_service/credit_monitor_event_consumer.go:31.15,33.3 1 0
github.cbhq.net/risk/data-tracker-backend/internal/loan_service/credit_monitor_event_consumer.go:38.16,39.10 1 0
github.cbhq.net/risk/data-tracker-backend/internal/loan_service/credit_monitor_event_consumer.go:40.25,41.20 1 0
github.cbhq.net/risk/data-tracker-backend/internal/loan_service/credit_monitor_event_consumer.go:42.11,45.18 2 0
github.cbhq.net/risk/data-tracker-backend/internal/loan_service/credit_monitor_event_consumer.go:48.4,50.18 3 0
github.cbhq.net/risk/data-tracker-backend/internal/loan_service/credit_monitor_event_consumer.go:45.18,47.5 1 0
github.cbhq.net/risk/data-tracker-backend/internal/loan_service/credit_monitor_event_consumer.go:50.18,52.5 1 0
github.cbhq.net/risk/data-tracker-backend/internal/loan_service/credit_monitor_event_consumer.go:52.10,54.5 1 0
github.cbhq.net/risk/data-tracker-backend/internal/loan_service/credit_monitor_event_consumer.go:60.52,65.2 4 0
github.cbhq.net/risk/data-tracker-backend/internal/loan_service/credit_monitor_event_consumer.go:67.93,69.2 1 0
github.cbhq.net/risk/data-tracker-backend/internal/loan_service/credit_monitor_event_consumer.go:71.180,76.2 1 0
github.cbhq.net/risk/data-tracker-backend/internal/loan_service/credit_monitor_event_consumer.go:78.139,81.16 2 0
github.cbhq.net/risk/data-tracker-backend/internal/loan_service/credit_monitor_event_consumer.go:85.2,89.16 4 0
github.cbhq.net/risk/data-tracker-backend/internal/loan_service/credit_monitor_event_consumer.go:92.2,92.33 1 0
github.cbhq.net/risk/data-tracker-backend/internal/loan_service/credit_monitor_event_consumer.go:98.2,99.16 2 0
github.cbhq.net/risk/data-tracker-backend/internal/loan_service/credit_monitor_event_consumer.go:103.2,104.16 2 0
github.cbhq.net/risk/data-tracker-backend/internal/loan_service/credit_monitor_event_consumer.go:107.2,108.16 2 0
github.cbhq.net/risk/data-tracker-backend/internal/loan_service/credit_monitor_event_consumer.go:112.2,114.16 3 0
github.cbhq.net/risk/data-tracker-backend/internal/loan_service/credit_monitor_event_consumer.go:118.2,123.16 2 0
github.cbhq.net/risk/data-tracker-backend/internal/loan_service/credit_monitor_event_consumer.go:127.2,128.16 2 0
github.cbhq.net/risk/data-tracker-backend/internal/loan_service/credit_monitor_event_consumer.go:133.2,133.60 1 0
github.cbhq.net/risk/data-tracker-backend/internal/loan_service/credit_monitor_event_consumer.go:81.16,83.3 1 0
github.cbhq.net/risk/data-tracker-backend/internal/loan_service/credit_monitor_event_consumer.go:89.16,91.3 1 0
github.cbhq.net/risk/data-tracker-backend/internal/loan_service/credit_monitor_event_consumer.go:92.33,93.40 1 0
github.cbhq.net/risk/data-tracker-backend/internal/loan_service/credit_monitor_event_consumer.go:93.40,95.4 1 0
github.cbhq.net/risk/data-tracker-backend/internal/loan_service/credit_monitor_event_consumer.go:99.16,101.3 1 0
github.cbhq.net/risk/data-tracker-backend/internal/loan_service/credit_monitor_event_consumer.go:104.16,106.3 1 0
github.cbhq.net/risk/data-tracker-backend/internal/loan_service/credit_monitor_event_consumer.go:108.16,110.3 1 0
github.cbhq.net/risk/data-tracker-backend/internal/loan_service/credit_monitor_event_consumer.go:114.16,116.3 1 0
github.cbhq.net/risk/data-tracker-backend/internal/loan_service/credit_monitor_event_consumer.go:123.16,125.3 1 0
github.cbhq.net/risk/data-tracker-backend/internal/loan_service/credit_monitor_event_consumer.go:128.16,131.3 1 0
github.cbhq.net/risk/data-tracker-backend/internal/mapper/default_mongo.go:9.65,13.16 3 0
github.cbhq.net/risk/data-tracker-backend/internal/mapper/default_mongo.go:17.2,19.16 3 0
github.cbhq.net/risk/data-tracker-backend/internal/mapper/default_mongo.go:23.2,23.17 1 0
github.cbhq.net/risk/data-tracker-backend/internal/mapper/default_mongo.go:13.16,15.3 1 0
github.cbhq.net/risk/data-tracker-backend/internal/mapper/default_mongo.go:19.16,21.3 1 0
github.cbhq.net/risk/data-tracker-backend/internal/repository/kafka_repository.go:19.109,21.25 2 0
github.cbhq.net/risk/data-tracker-backend/internal/repository/kafka_repository.go:39.2,39.54 1 0
github.cbhq.net/risk/data-tracker-backend/internal/repository/kafka_repository.go:21.25,38.3 5 0
github.cbhq.net/risk/data-tracker-backend/internal/repository/kafka_repository.go:42.44,44.2 1 0
github.cbhq.net/risk/data-tracker-backend/internal/repository/kafka_repository.go:46.84,50.2 1 0
github.cbhq.net/risk/data-tracker-backend/internal/repository/kafka_repository.go:52.67,53.30 1 0
github.cbhq.net/risk/data-tracker-backend/internal/repository/kafka_repository.go:60.2,60.12 1 0
github.cbhq.net/risk/data-tracker-backend/internal/repository/kafka_repository.go:53.30,55.37 2 0
github.cbhq.net/risk/data-tracker-backend/internal/repository/kafka_repository.go:58.3,58.11 1 0
github.cbhq.net/risk/data-tracker-backend/internal/repository/kafka_repository.go:55.37,57.4 1 0
github.cbhq.net/risk/data-tracker-backend/internal/util/statsd.go:22.70,24.2 1 0
github.cbhq.net/risk/data-tracker-backend/internal/util/statsd.go:26.86,28.2 1 0
github.cbhq.net/risk/data-tracker-backend/internal/util/statsd.go:30.93,32.2 1 0
github.cbhq.net/risk/data-tracker-backend/internal/util/statsd.go:34.126,35.18 1 0
github.cbhq.net/risk/data-tracker-backend/internal/util/statsd.go:53.2,53.12 1 0
github.cbhq.net/risk/data-tracker-backend/internal/util/statsd.go:36.20,37.49 1 0
github.cbhq.net/risk/data-tracker-backend/internal/util/statsd.go:38.21,40.10 2 0
github.cbhq.net/risk/data-tracker-backend/internal/util/statsd.go:43.3,43.57 1 0
github.cbhq.net/risk/data-tracker-backend/internal/util/statsd.go:44.22,46.10 2 0
github.cbhq.net/risk/data-tracker-backend/internal/util/statsd.go:49.3,49.58 1 0
github.cbhq.net/risk/data-tracker-backend/internal/util/statsd.go:50.10,51.54 1 0
github.cbhq.net/risk/data-tracker-backend/internal/util/statsd.go:40.10,42.4 1 0
github.cbhq.net/risk/data-tracker-backend/internal/util/statsd.go:46.10,48.4 1 0
github.cbhq.net/risk/data-tracker-backend/internal/util/statsd.go:56.113,69.16 3 0
github.cbhq.net/risk/data-tracker-backend/internal/util/statsd.go:69.16,72.3 2 0
github.cbhq.net/risk/data-tracker-backend/internal/config/server_config.go:15.20,17.16 2 0
github.cbhq.net/risk/data-tracker-backend/internal/config/server_config.go:21.2,22.15 2 0
github.cbhq.net/risk/data-tracker-backend/internal/config/server_config.go:25.2,26.16 2 0
github.cbhq.net/risk/data-tracker-backend/internal/config/server_config.go:17.16,19.3 1 0
github.cbhq.net/risk/data-tracker-backend/internal/config/server_config.go:22.15,24.3 1 0
github.cbhq.net/risk/data-tracker-backend/internal/config/server_config.go:26.16,28.3 1 0
github.cbhq.net/risk/data-tracker-backend/internal/config/server_config.go:31.45,35.44 3 0
github.cbhq.net/risk/data-tracker-backend/internal/config/server_config.go:42.2,42.70 1 0
github.cbhq.net/risk/data-tracker-backend/internal/config/server_config.go:46.2,46.21 1 0
github.cbhq.net/risk/data-tracker-backend/internal/config/server_config.go:35.44,38.3 2 0
github.cbhq.net/risk/data-tracker-backend/internal/config/server_config.go:38.8,40.3 1 0
github.cbhq.net/risk/data-tracker-backend/internal/config/server_config.go:42.70,44.3 1 0
github.cbhq.net/risk/data-tracker-backend/internal/config/server_config.go:49.103,52.16 3 0
github.cbhq.net/risk/data-tracker-backend/internal/config/server_config.go:56.2,59.15 3 0
github.cbhq.net/risk/data-tracker-backend/internal/config/server_config.go:52.16,54.3 1 0
github.cbhq.net/risk/data-tracker-backend/internal/consumer/consumer.go:45.50,46.29 1 0
github.cbhq.net/risk/data-tracker-backend/internal/consumer/consumer.go:50.2,50.28 1 0
github.cbhq.net/risk/data-tracker-backend/internal/consumer/consumer.go:54.2,54.26 1 0
github.cbhq.net/risk/data-tracker-backend/internal/consumer/consumer.go:58.2,58.28 1 0
github.cbhq.net/risk/data-tracker-backend/internal/consumer/consumer.go:62.2,62.25 1 0
github.cbhq.net/risk/data-tracker-backend/internal/consumer/consumer.go:66.2,76.8 1 0
github.cbhq.net/risk/data-tracker-backend/internal/consumer/consumer.go:46.29,48.3 1 0
github.cbhq.net/risk/data-tracker-backend/internal/consumer/consumer.go:50.28,52.3 1 0
github.cbhq.net/risk/data-tracker-backend/internal/consumer/consumer.go:54.26,56.3 1 0
github.cbhq.net/risk/data-tracker-backend/internal/consumer/consumer.go:58.28,60.3 1 0
github.cbhq.net/risk/data-tracker-backend/internal/consumer/consumer.go:62.25,64.3 1 0
github.cbhq.net/risk/data-tracker-backend/internal/consumer/consumer.go:80.46,82.2 1 0
github.cbhq.net/risk/data-tracker-backend/internal/consumer/consumer.go:84.56,89.16 4 0
github.cbhq.net/risk/data-tracker-backend/internal/consumer/consumer.go:119.2,121.22 3 0
github.cbhq.net/risk/data-tracker-backend/internal/consumer/consumer.go:89.16,92.17 2 0
github.cbhq.net/risk/data-tracker-backend/internal/consumer/consumer.go:92.17,94.48 1 0
github.cbhq.net/risk/data-tracker-backend/internal/consumer/consumer.go:94.48,97.10 3 0
github.cbhq.net/risk/data-tracker-backend/internal/consumer/consumer.go:98.10,101.62 2 0
github.cbhq.net/risk/data-tracker-backend/internal/consumer/consumer.go:101.62,103.6 1 0
github.cbhq.net/risk/data-tracker-backend/internal/consumer/consumer.go:103.11,109.11 3 0
github.cbhq.net/risk/data-tracker-backend/internal/consumer/consumer.go:112.9,114.86 2 0
github.cbhq.net/risk/data-tracker-backend/internal/consumer/consumer.go:114.86,116.5 1 0
github.cbhq.net/risk/data-tracker-backend/internal/consumer/consumer.go:124.36,126.2 1 0
github.cbhq.net/risk/data-tracker-backend/internal/consumer/consumer.go:128.54,136.16 6 0
github.cbhq.net/risk/data-tracker-backend/internal/consumer/consumer.go:163.2,163.20 1 0
github.cbhq.net/risk/data-tracker-backend/internal/consumer/consumer.go:167.2,167.39 1 0
github.cbhq.net/risk/data-tracker-backend/internal/consumer/consumer.go:136.16,137.10 1 0
github.cbhq.net/risk/data-tracker-backend/internal/consumer/consumer.go:138.36,139.11 1 0
github.cbhq.net/risk/data-tracker-backend/internal/consumer/consumer.go:144.4,145.38 2 0
github.cbhq.net/risk/data-tracker-backend/internal/consumer/consumer.go:150.19,151.22 1 0
github.cbhq.net/risk/data-tracker-backend/internal/consumer/consumer.go:156.21,158.14 2 0
github.cbhq.net/risk/data-tracker-backend/internal/consumer/consumer.go:139.11,141.15 2 0
github.cbhq.net/risk/data-tracker-backend/internal/consumer/consumer.go:145.38,149.5 3 0
github.cbhq.net/risk/data-tracker-backend/internal/consumer/consumer.go:151.22,155.5 3 0
github.cbhq.net/risk/data-tracker-backend/internal/consumer/consumer.go:163.20,166.3 2 0
github.cbhq.net/risk/data-tracker-backend/internal/consumer/consumer.go:170.61,173.16 3 0
github.cbhq.net/risk/data-tracker-backend/internal/consumer/consumer.go:173.16,175.3 1 0
github.cbhq.net/risk/data-tracker-backend/internal/consumer/consumer.go:175.8,178.3 2 0
github.cbhq.net/risk/data-tracker-backend/internal/repository/mongo_repository.go:42.138,43.21 1 0
github.cbhq.net/risk/data-tracker-backend/internal/repository/mongo_repository.go:46.2,52.8 1 0
github.cbhq.net/risk/data-tracker-backend/internal/repository/mongo_repository.go:43.21,45.3 1 0
github.cbhq.net/risk/data-tracker-backend/internal/repository/mongo_repository.go:55.109,57.20 1 0
github.cbhq.net/risk/data-tracker-backend/internal/repository/mongo_repository.go:61.2,62.25 2 0
github.cbhq.net/risk/data-tracker-backend/internal/repository/mongo_repository.go:98.2,102.16 3 0
github.cbhq.net/risk/data-tracker-backend/internal/repository/mongo_repository.go:106.2,106.12 1 0
github.cbhq.net/risk/data-tracker-backend/internal/repository/mongo_repository.go:57.20,59.3 1 0
github.cbhq.net/risk/data-tracker-backend/internal/repository/mongo_repository.go:62.25,66.10 3 0
github.cbhq.net/risk/data-tracker-backend/internal/repository/mongo_repository.go:70.3,71.17 2 0
github.cbhq.net/risk/data-tracker-backend/internal/repository/mongo_repository.go:75.3,76.17 2 0
github.cbhq.net/risk/data-tracker-backend/internal/repository/mongo_repository.go:80.3,81.17 2 0
github.cbhq.net/risk/data-tracker-backend/internal/repository/mongo_repository.go:84.3,86.25 2 0
github.cbhq.net/risk/data-tracker-backend/internal/repository/mongo_repository.go:90.3,95.41 3 0
github.cbhq.net/risk/data-tracker-backend/internal/repository/mongo_repository.go:66.10,68.4 1 0
github.cbhq.net/risk/data-tracker-backend/internal/repository/mongo_repository.go:71.17,73.4 1 0
github.cbhq.net/risk/data-tracker-backend/internal/repository/mongo_repository.go:76.17,78.4 1 0
github.cbhq.net/risk/data-tracker-backend/internal/repository/mongo_repository.go:81.17,83.4 1 0
github.cbhq.net/risk/data-tracker-backend/internal/repository/mongo_repository.go:86.25,88.4 1 0
github.cbhq.net/risk/data-tracker-backend/internal/repository/mongo_repository.go:102.16,104.3 1 0
github.cbhq.net/risk/data-tracker-backend/internal/repository/mongo_repository.go:109.44,111.2 1 0
github.cbhq.net/risk/data-tracker-backend/internal/repository/mongo_repository.go:113.75,117.9 4 0
github.cbhq.net/risk/data-tracker-backend/internal/repository/mongo_repository.go:121.2,121.10 1 0
github.cbhq.net/risk/data-tracker-backend/internal/repository/mongo_repository.go:117.9,120.3 2 0
github.cbhq.net/risk/data-tracker-backend/internal/repository/mongo_repository.go:124.69,125.20 1 0
github.cbhq.net/risk/data-tracker-backend/internal/repository/mongo_repository.go:129.2,130.28 2 0
github.cbhq.net/risk/data-tracker-backend/internal/repository/mongo_repository.go:133.2,133.10 1 0
github.cbhq.net/risk/data-tracker-backend/internal/repository/mongo_repository.go:125.20,127.3 1 0
github.cbhq.net/risk/data-tracker-backend/internal/repository/mongo_repository.go:130.28,132.3 1 0
github.cbhq.net/risk/data-tracker-backend/internal/repository/mongo_repository.go:136.24,138.2 1 0
github.cbhq.net/risk/data-tracker-backend/internal/config/consumer_config.go:24.38,28.2 3 0
github.cbhq.net/risk/data-tracker-backend/internal/config/consumer_config.go:30.46,32.24 2 0
github.cbhq.net/risk/data-tracker-backend/internal/config/consumer_config.go:36.2,37.16 2 0
github.cbhq.net/risk/data-tracker-backend/internal/config/consumer_config.go:41.2,41.36 1 0
github.cbhq.net/risk/data-tracker-backend/internal/config/consumer_config.go:32.24,34.3 1 0
github.cbhq.net/risk/data-tracker-backend/internal/config/consumer_config.go:37.16,39.3 1 0
github.cbhq.net/risk/data-tracker-backend/internal/config/consumer_config.go:44.22,46.16 2 0
github.cbhq.net/risk/data-tracker-backend/internal/config/consumer_config.go:50.2,51.15 2 0
github.cbhq.net/risk/data-tracker-backend/internal/config/consumer_config.go:55.2,56.16 2 0
github.cbhq.net/risk/data-tracker-backend/internal/config/consumer_config.go:46.16,48.3 1 0
github.cbhq.net/risk/data-tracker-backend/internal/config/consumer_config.go:51.15,53.3 1 0
github.cbhq.net/risk/data-tracker-backend/internal/config/consumer_config.go:56.16,58.3 1 0
github.cbhq.net/risk/data-tracker-backend/internal/config/consumer_config.go:61.137,63.16 2 0
github.cbhq.net/risk/data-tracker-backend/internal/config/consumer_config.go:67.2,72.16 5 0
github.cbhq.net/risk/data-tracker-backend/internal/config/consumer_config.go:76.2,76.63 1 0
github.cbhq.net/risk/data-tracker-backend/internal/config/consumer_config.go:63.16,65.3 1 0
github.cbhq.net/risk/data-tracker-backend/internal/config/consumer_config.go:72.16,74.3 1 0
github.cbhq.net/risk/data-tracker-backend/internal/config/consumer_config.go:79.70,84.16 4 0
github.cbhq.net/risk/data-tracker-backend/internal/config/consumer_config.go:88.2,88.15 1 0
github.cbhq.net/risk/data-tracker-backend/internal/config/consumer_config.go:84.16,86.3 1 0
github.cbhq.net/risk/data-tracker-backend/internal/config/consumer_config.go:91.102,95.16 4 0
github.cbhq.net/risk/data-tracker-backend/internal/config/consumer_config.go:99.2,101.43 2 0
github.cbhq.net/risk/data-tracker-backend/internal/config/consumer_config.go:95.16,97.3 1 0
github.cbhq.net/risk/data-tracker-backend/internal/config/consumer_config.go:104.62,110.2 1 0
github.cbhq.net/risk/data-tracker-backend/internal/config/temporal.go:25.41,39.2 4 0
github.cbhq.net/risk/data-tracker-backend/internal/server/handler.go:32.126,36.16 2 0
github.cbhq.net/risk/data-tracker-backend/internal/server/handler.go:40.2,44.16 4 0
github.cbhq.net/risk/data-tracker-backend/internal/server/handler.go:50.2,67.16 3 0
github.cbhq.net/risk/data-tracker-backend/internal/server/handler.go:73.2,73.44 1 0
github.cbhq.net/risk/data-tracker-backend/internal/server/handler.go:36.16,38.3 1 0
github.cbhq.net/risk/data-tracker-backend/internal/server/handler.go:44.16,48.3 3 0
github.cbhq.net/risk/data-tracker-backend/internal/server/handler.go:67.16,71.3 3 0
github.cbhq.net/risk/data-tracker-backend/internal/config/config.go:16.52,18.16 2 0
github.cbhq.net/risk/data-tracker-backend/internal/config/config.go:21.2,26.16 6 0
github.cbhq.net/risk/data-tracker-backend/internal/config/config.go:29.2,29.12 1 0
github.cbhq.net/risk/data-tracker-backend/internal/config/config.go:18.16,20.3 1 0
github.cbhq.net/risk/data-tracker-backend/internal/config/config.go:26.16,28.3 1 0
github.cbhq.net/risk/data-tracker-backend/internal/config/config.go:32.42,34.2 1 0
github.cbhq.net/risk/data-tracker-backend/internal/config/config.go:36.57,38.2 1 0
github.cbhq.net/risk/data-tracker-backend/internal/config/config.go:40.54,42.2 1 0
github.cbhq.net/risk/data-tracker-backend/internal/config/config.go:44.48,46.38 2 0
github.cbhq.net/risk/data-tracker-backend/internal/config/config.go:51.2,51.15 1 0
github.cbhq.net/risk/data-tracker-backend/internal/config/config.go:46.38,47.40 1 0
github.cbhq.net/risk/data-tracker-backend/internal/config/config.go:47.40,49.4 1 0
github.cbhq.net/risk/data-tracker-backend/internal/config/config.go:54.66,59.22 4 0
github.cbhq.net/risk/data-tracker-backend/internal/config/config.go:67.2,67.18 1 0
github.cbhq.net/risk/data-tracker-backend/internal/config/config.go:59.22,61.17 2 0
github.cbhq.net/risk/data-tracker-backend/internal/config/config.go:64.3,64.45 1 0
github.cbhq.net/risk/data-tracker-backend/internal/config/config.go:61.17,63.4 1 0
github.cbhq.net/risk/data-tracker-backend/internal/loan_service/borrower_summary_service.go:45.160,51.2 1 0
github.cbhq.net/risk/data-tracker-backend/internal/loan_service/borrower_summary_service.go:59.75,69.67 3 0
github.cbhq.net/risk/data-tracker-backend/internal/loan_service/borrower_summary_service.go:73.2,75.6 3 0
github.cbhq.net/risk/data-tracker-backend/internal/loan_service/borrower_summary_service.go:100.2,101.12 2 0
github.cbhq.net/risk/data-tracker-backend/internal/loan_service/borrower_summary_service.go:69.67,72.3 2 0
github.cbhq.net/risk/data-tracker-backend/internal/loan_service/borrower_summary_service.go:75.6,77.17 2 0
github.cbhq.net/risk/data-tracker-backend/internal/loan_service/borrower_summary_service.go:81.3,83.42 2 0
github.cbhq.net/risk/data-tracker-backend/internal/loan_service/borrower_summary_service.go:94.3,95.29 2 0
github.cbhq.net/risk/data-tracker-backend/internal/loan_service/borrower_summary_service.go:98.3,98.36 1 0
github.cbhq.net/risk/data-tracker-backend/internal/loan_service/borrower_summary_service.go:77.17,79.4 1 0
github.cbhq.net/risk/data-tracker-backend/internal/loan_service/borrower_summary_service.go:83.42,85.18 2 0
github.cbhq.net/risk/data-tracker-backend/internal/loan_service/borrower_summary_service.go:88.4,89.18 2 0
github.cbhq.net/risk/data-tracker-backend/internal/loan_service/borrower_summary_service.go:85.18,87.5 1 0
github.cbhq.net/risk/data-tracker-backend/internal/loan_service/borrower_summary_service.go:89.18,91.5 1 0
github.cbhq.net/risk/data-tracker-backend/internal/loan_service/borrower_summary_service.go:95.29,96.9 1 0
github.cbhq.net/risk/data-tracker-backend/internal/loan_service/borrower_summary_service.go:104.137,112.83 2 0
github.cbhq.net/risk/data-tracker-backend/internal/loan_service/borrower_summary_service.go:148.2,148.12 1 0
github.cbhq.net/risk/data-tracker-backend/internal/loan_service/borrower_summary_service.go:112.83,115.17 3 0
github.cbhq.net/risk/data-tracker-backend/internal/loan_service/borrower_summary_service.go:119.3,119.57 1 0
github.cbhq.net/risk/data-tracker-backend/internal/loan_service/borrower_summary_service.go:123.3,125.17 3 0
github.cbhq.net/risk/data-tracker-backend/internal/loan_service/borrower_summary_service.go:128.3,128.74 1 0
github.cbhq.net/risk/data-tracker-backend/internal/loan_service/borrower_summary_service.go:131.3,139.17 3 0
github.cbhq.net/risk/data-tracker-backend/internal/loan_service/borrower_summary_service.go:115.17,118.4 2 0
github.cbhq.net/risk/data-tracker-backend/internal/loan_service/borrower_summary_service.go:119.57,122.4 2 0
github.cbhq.net/risk/data-tracker-backend/internal/loan_service/borrower_summary_service.go:125.17,127.4 1 0
github.cbhq.net/risk/data-tracker-backend/internal/loan_service/borrower_summary_service.go:128.74,130.4 1 0
github.cbhq.net/risk/data-tracker-backend/internal/loan_service/borrower_summary_service.go:139.17,141.4 1 0
github.cbhq.net/risk/data-tracker-backend/internal/loan_service/borrower_summary_service.go:141.9,145.4 3 0
github.cbhq.net/risk/data-tracker-backend/internal/loan_service/borrower_summary_service.go:154.106,155.73 1 0
github.cbhq.net/risk/data-tracker-backend/internal/loan_service/borrower_summary_service.go:159.2,160.32 2 0
github.cbhq.net/risk/data-tracker-backend/internal/loan_service/borrower_summary_service.go:163.2,164.27 2 0
github.cbhq.net/risk/data-tracker-backend/internal/loan_service/borrower_summary_service.go:167.2,167.46 1 0
github.cbhq.net/risk/data-tracker-backend/internal/loan_service/borrower_summary_service.go:170.2,170.24 1 0
github.cbhq.net/risk/data-tracker-backend/internal/loan_service/borrower_summary_service.go:155.73,157.3 1 0
github.cbhq.net/risk/data-tracker-backend/internal/loan_service/borrower_summary_service.go:160.32,162.3 1 0
github.cbhq.net/risk/data-tracker-backend/internal/loan_service/borrower_summary_service.go:164.27,166.3 1 0
github.cbhq.net/risk/data-tracker-backend/internal/loan_service/borrower_summary_service.go:167.46,169.3 1 0
github.cbhq.net/risk/data-tracker-backend/internal/loan_service/borrower_summary_service.go:173.93,174.23 1 0
github.cbhq.net/risk/data-tracker-backend/internal/loan_service/borrower_summary_service.go:175.46,176.26 1 0
github.cbhq.net/risk/data-tracker-backend/internal/loan_service/borrower_summary_service.go:177.42,178.22 1 0
github.cbhq.net/risk/data-tracker-backend/internal/loan_service/borrower_summary_service.go:179.45,180.25 1 0
github.cbhq.net/risk/data-tracker-backend/internal/loan_service/borrower_summary_service.go:181.58,182.30 1 0
github.cbhq.net/risk/data-tracker-backend/internal/loan_service/borrower_summary_service.go:183.51,184.24 1 0
github.cbhq.net/risk/data-tracker-backend/internal/loan_service/borrower_summary_service.go:185.48,186.22 1 0
github.cbhq.net/risk/data-tracker-backend/internal/loan_service/borrower_summary_service.go:187.10,188.12 1 0
github.cbhq.net/risk/data-tracker-backend/internal/loan_service/borrower_summary_service.go:192.89,199.83 2 0
github.cbhq.net/risk/data-tracker-backend/internal/loan_service/borrower_summary_service.go:202.2,202.16 1 0
github.cbhq.net/risk/data-tracker-backend/internal/loan_service/borrower_summary_service.go:205.2,206.16 2 0
github.cbhq.net/risk/data-tracker-backend/internal/loan_service/borrower_summary_service.go:210.2,210.83 1 0
github.cbhq.net/risk/data-tracker-backend/internal/loan_service/borrower_summary_service.go:214.2,214.16 1 0
github.cbhq.net/risk/data-tracker-backend/internal/loan_service/borrower_summary_service.go:218.2,220.12 2 0
github.cbhq.net/risk/data-tracker-backend/internal/loan_service/borrower_summary_service.go:199.83,201.3 1 0
github.cbhq.net/risk/data-tracker-backend/internal/loan_service/borrower_summary_service.go:202.16,204.3 1 0
github.cbhq.net/risk/data-tracker-backend/internal/loan_service/borrower_summary_service.go:206.16,208.3 1 0
github.cbhq.net/risk/data-tracker-backend/internal/loan_service/borrower_summary_service.go:210.83,212.3 1 0
github.cbhq.net/risk/data-tracker-backend/internal/loan_service/borrower_summary_service.go:214.16,217.3 2 0
github.cbhq.net/risk/data-tracker-backend/internal/loan_service/borrower_summary_service.go:223.131,225.16 2 0
github.cbhq.net/risk/data-tracker-backend/internal/loan_service/borrower_summary_service.go:229.2,230.16 2 0
github.cbhq.net/risk/data-tracker-backend/internal/loan_service/borrower_summary_service.go:233.2,234.16 2 0
github.cbhq.net/risk/data-tracker-backend/internal/loan_service/borrower_summary_service.go:238.2,240.16 3 0
github.cbhq.net/risk/data-tracker-backend/internal/loan_service/borrower_summary_service.go:244.2,249.16 2 0
github.cbhq.net/risk/data-tracker-backend/internal/loan_service/borrower_summary_service.go:253.2,253.79 1 0
github.cbhq.net/risk/data-tracker-backend/internal/loan_service/borrower_summary_service.go:225.16,227.3 1 0
github.cbhq.net/risk/data-tracker-backend/internal/loan_service/borrower_summary_service.go:230.16,232.3 1 0
github.cbhq.net/risk/data-tracker-backend/internal/loan_service/borrower_summary_service.go:234.16,236.3 1 0
github.cbhq.net/risk/data-tracker-backend/internal/loan_service/borrower_summary_service.go:240.16,242.3 1 0
github.cbhq.net/risk/data-tracker-backend/internal/loan_service/borrower_summary_service.go:249.16,251.3 1 0
github.cbhq.net/risk/data-tracker-backend/internal/loan_service/borrower_summary_service.go:263.78,265.40 1 0
github.cbhq.net/risk/data-tracker-backend/internal/loan_service/borrower_summary_service.go:269.2,270.16 2 0
github.cbhq.net/risk/data-tracker-backend/internal/loan_service/borrower_summary_service.go:281.2,282.16 2 0
github.cbhq.net/risk/data-tracker-backend/internal/loan_service/borrower_summary_service.go:286.2,286.12 1 0
github.cbhq.net/risk/data-tracker-backend/internal/loan_service/borrower_summary_service.go:265.40,268.3 2 0
github.cbhq.net/risk/data-tracker-backend/internal/loan_service/borrower_summary_service.go:270.16,271.57 1 0
github.cbhq.net/risk/data-tracker-backend/internal/loan_service/borrower_summary_service.go:271.57,273.4 1 0
github.cbhq.net/risk/data-tracker-backend/internal/loan_service/borrower_summary_service.go:273.9,275.24 2 0
github.cbhq.net/risk/data-tracker-backend/internal/loan_service/borrower_summary_service.go:278.4,278.14 1 0
github.cbhq.net/risk/data-tracker-backend/internal/loan_service/borrower_summary_service.go:275.24,277.5 1 0
github.cbhq.net/risk/data-tracker-backend/internal/loan_service/borrower_summary_service.go:282.16,284.3 1 0
github.cbhq.net/risk/data-tracker-backend/internal/loan_service/borrower_summary_service.go:289.55,291.2 0 0
github.cbhq.net/risk/data-tracker-backend/internal/loan_service/borrower_summary_service.go:293.123,298.2 1 0
github.cbhq.net/risk/data-tracker-backend/internal/config/temporal.go:25.41,39.2 4 0
github.cbhq.net/risk/data-tracker-backend/pkg/cadence/creditriskmonitor/credit_risk_monitor.go:34.90,36.16 2 0
github.cbhq.net/risk/data-tracker-backend/pkg/cadence/creditriskmonitor/credit_risk_monitor.go:40.2,45.3 2 0
github.cbhq.net/risk/data-tracker-backend/pkg/cadence/creditriskmonitor/credit_risk_monitor.go:36.16,38.3 1 0
github.cbhq.net/risk/data-tracker-backend/pkg/cadence/creditriskmonitor/credit_risk_monitor.go:48.75,51.2 2 0
github.cbhq.net/risk/data-tracker-backend/pkg/cadence/creditriskmonitor/credit_risk_monitor.go:53.125,56.2 2 0
github.cbhq.net/risk/data-tracker-backend/pkg/cadence/creditriskmonitor/credit_risk_monitor.go:58.217,67.2 3 0
github.cbhq.net/risk/data-tracker-backend/pkg/cadence/creditriskmonitor/credit_risk_monitor.go:69.103,71.2 1 0
github.cbhq.net/risk/data-tracker-backend/pkg/cadence/creditriskmonitor/credit_risk_monitor.go:73.105,75.2 1 0
github.cbhq.net/risk/data-tracker-backend/pkg/cadence/creditriskmonitor/credit_risk_monitor.go:77.89,93.16 6 0
github.cbhq.net/risk/data-tracker-backend/pkg/cadence/creditriskmonitor/credit_risk_monitor.go:97.2,103.16 3 0
github.cbhq.net/risk/data-tracker-backend/pkg/cadence/creditriskmonitor/credit_risk_monitor.go:107.2,113.16 3 0
github.cbhq.net/risk/data-tracker-backend/pkg/cadence/creditriskmonitor/credit_risk_monitor.go:117.2,124.16 3 0
github.cbhq.net/risk/data-tracker-backend/pkg/cadence/creditriskmonitor/credit_risk_monitor.go:128.2,130.12 2 0
github.cbhq.net/risk/data-tracker-backend/pkg/cadence/creditriskmonitor/credit_risk_monitor.go:93.16,95.3 1 0
github.cbhq.net/risk/data-tracker-backend/pkg/cadence/creditriskmonitor/credit_risk_monitor.go:103.16,105.3 1 0
github.cbhq.net/risk/data-tracker-backend/pkg/cadence/creditriskmonitor/credit_risk_monitor.go:113.16,115.3 1 0
github.cbhq.net/risk/data-tracker-backend/pkg/cadence/creditriskmonitor/credit_risk_monitor.go:124.16,126.3 1 0
github.cbhq.net/risk/data-tracker-backend/pkg/cadence/creditriskmonitor/credit_risk_monitor.go:133.103,166.2 1 0
github.cbhq.net/risk/data-tracker-backend/pkg/cadence/creditriskmonitor/credit_risk_monitor.go:168.104,201.2 1 0
github.cbhq.net/risk/data-tracker-backend/pkg/cadence/creditriskmonitor/credit_risk_monitor.go:203.96,218.2 1 0
github.cbhq.net/risk/data-tracker-backend/pkg/cadence/creditriskmonitor/credit_risk_monitor.go:220.62,223.2 2 0
github.cbhq.net/risk/data-tracker-backend/pkg/cadence/creditriskmonitor/credit_risk_monitor.go:225.112,228.2 2 0
github.cbhq.net/risk/data-tracker-backend/pkg/cadence/creditriskmonitor/credit_risk_monitor.go:230.63,233.2 2 0
github.cbhq.net/risk/data-tracker-backend/pkg/cadence/creditriskmonitor/credit_risk_monitor.go:235.113,238.2 2 0
github.cbhq.net/risk/data-tracker-backend/pkg/cadence/creditriskmonitor/credit_risk_monitor.go:240.217,242.16 2 0
github.cbhq.net/risk/data-tracker-backend/pkg/cadence/creditriskmonitor/credit_risk_monitor.go:245.2,246.16 2 0
github.cbhq.net/risk/data-tracker-backend/pkg/cadence/creditriskmonitor/credit_risk_monitor.go:242.16,244.3 1 0
github.cbhq.net/risk/data-tracker-backend/pkg/cadence/creditriskmonitor/credit_risk_monitor_alert_rules.go:10.58,17.2 1 0
github.cbhq.net/risk/data-tracker-backend/internal/validator/request.go:14.81,15.33 1 0
github.cbhq.net/risk/data-tracker-backend/internal/validator/request.go:19.2,19.70 1 0
github.cbhq.net/risk/data-tracker-backend/internal/validator/request.go:23.2,23.12 1 0
github.cbhq.net/risk/data-tracker-backend/internal/validator/request.go:15.33,17.3 1 0
github.cbhq.net/risk/data-tracker-backend/internal/validator/request.go:19.70,21.3 1 0
github.cbhq.net/risk/data-tracker-backend/internal/validator/request.go:26.36,28.2 1 0
github.cbhq.net/risk/data-tracker-backend/internal/config/config.go:16.52,18.16 2 0
github.cbhq.net/risk/data-tracker-backend/internal/config/config.go:21.2,26.16 6 0
github.cbhq.net/risk/data-tracker-backend/internal/config/config.go:29.2,29.12 1 0
github.cbhq.net/risk/data-tracker-backend/internal/config/config.go:18.16,20.3 1 0
github.cbhq.net/risk/data-tracker-backend/internal/config/config.go:26.16,28.3 1 0
github.cbhq.net/risk/data-tracker-backend/internal/config/config.go:32.42,34.2 1 0
github.cbhq.net/risk/data-tracker-backend/internal/config/config.go:36.57,38.2 1 0
github.cbhq.net/risk/data-tracker-backend/internal/config/config.go:40.54,42.2 1 0
github.cbhq.net/risk/data-tracker-backend/internal/config/config.go:44.48,46.38 2 0
github.cbhq.net/risk/data-tracker-backend/internal/config/config.go:51.2,51.15 1 0
github.cbhq.net/risk/data-tracker-backend/internal/config/config.go:46.38,47.40 1 0
github.cbhq.net/risk/data-tracker-backend/internal/config/config.go:47.40,49.4 1 0
github.cbhq.net/risk/data-tracker-backend/internal/config/config.go:54.66,59.22 4 0
github.cbhq.net/risk/data-tracker-backend/internal/config/config.go:67.2,67.18 1 0
github.cbhq.net/risk/data-tracker-backend/internal/config/config.go:59.22,61.17 2 0
github.cbhq.net/risk/data-tracker-backend/internal/config/config.go:64.3,64.45 1 0
github.cbhq.net/risk/data-tracker-backend/internal/config/config.go:61.17,63.4 1 0
github.cbhq.net/risk/data-tracker-backend/internal/loan_service/credit_monitor_event_consumer.go:30.76,31.15 1 0
github.cbhq.net/risk/data-tracker-backend/internal/loan_service/credit_monitor_event_consumer.go:34.2,38.16 4 0
github.cbhq.net/risk/data-tracker-backend/internal/loan_service/credit_monitor_event_consumer.go:57.2,57.12 1 0
github.cbhq.net/risk/data-tracker-backend/internal/loan_service/credit_monitor_event_consumer.go:31.15,33.3 1 0
github.cbhq.net/risk/data-tracker-backend/internal/loan_service/credit_monitor_event_consumer.go:38.16,39.10 1 0
github.cbhq.net/risk/data-tracker-backend/internal/loan_service/credit_monitor_event_consumer.go:40.25,41.20 1 0
github.cbhq.net/risk/data-tracker-backend/internal/loan_service/credit_monitor_event_consumer.go:42.11,45.18 2 0
github.cbhq.net/risk/data-tracker-backend/internal/loan_service/credit_monitor_event_consumer.go:48.4,50.18 3 0
github.cbhq.net/risk/data-tracker-backend/internal/loan_service/credit_monitor_event_consumer.go:45.18,47.5 1 0
github.cbhq.net/risk/data-tracker-backend/internal/loan_service/credit_monitor_event_consumer.go:50.18,52.5 1 0
github.cbhq.net/risk/data-tracker-backend/internal/loan_service/credit_monitor_event_consumer.go:52.10,54.5 1 0
github.cbhq.net/risk/data-tracker-backend/internal/loan_service/credit_monitor_event_consumer.go:60.52,65.2 4 0
github.cbhq.net/risk/data-tracker-backend/internal/loan_service/credit_monitor_event_consumer.go:67.93,69.2 1 0
github.cbhq.net/risk/data-tracker-backend/internal/loan_service/credit_monitor_event_consumer.go:71.180,76.2 1 0
github.cbhq.net/risk/data-tracker-backend/internal/loan_service/credit_monitor_event_consumer.go:78.139,81.16 2 0
github.cbhq.net/risk/data-tracker-backend/internal/loan_service/credit_monitor_event_consumer.go:85.2,89.16 4 0
github.cbhq.net/risk/data-tracker-backend/internal/loan_service/credit_monitor_event_consumer.go:92.2,92.33 1 0
github.cbhq.net/risk/data-tracker-backend/internal/loan_service/credit_monitor_event_consumer.go:98.2,99.16 2 0
github.cbhq.net/risk/data-tracker-backend/internal/loan_service/credit_monitor_event_consumer.go:103.2,104.16 2 0
github.cbhq.net/risk/data-tracker-backend/internal/loan_service/credit_monitor_event_consumer.go:107.2,108.16 2 0
github.cbhq.net/risk/data-tracker-backend/internal/loan_service/credit_monitor_event_consumer.go:112.2,114.16 3 0
github.cbhq.net/risk/data-tracker-backend/internal/loan_service/credit_monitor_event_consumer.go:118.2,123.16 2 0
github.cbhq.net/risk/data-tracker-backend/internal/loan_service/credit_monitor_event_consumer.go:127.2,128.16 2 0
github.cbhq.net/risk/data-tracker-backend/internal/loan_service/credit_monitor_event_consumer.go:133.2,133.60 1 0
github.cbhq.net/risk/data-tracker-backend/internal/loan_service/credit_monitor_event_consumer.go:81.16,83.3 1 0
github.cbhq.net/risk/data-tracker-backend/internal/loan_service/credit_monitor_event_consumer.go:89.16,91.3 1 0
github.cbhq.net/risk/data-tracker-backend/internal/loan_service/credit_monitor_event_consumer.go:92.33,93.40 1 0
github.cbhq.net/risk/data-tracker-backend/internal/loan_service/credit_monitor_event_consumer.go:93.40,95.4 1 0
github.cbhq.net/risk/data-tracker-backend/internal/loan_service/credit_monitor_event_consumer.go:99.16,101.3 1 0
github.cbhq.net/risk/data-tracker-backend/internal/loan_service/credit_monitor_event_consumer.go:104.16,106.3 1 0
github.cbhq.net/risk/data-tracker-backend/internal/loan_service/credit_monitor_event_consumer.go:108.16,110.3 1 0
github.cbhq.net/risk/data-tracker-backend/internal/loan_service/credit_monitor_event_consumer.go:114.16,116.3 1 0
github.cbhq.net/risk/data-tracker-backend/internal/loan_service/credit_monitor_event_consumer.go:123.16,125.3 1 0
github.cbhq.net/risk/data-tracker-backend/internal/loan_service/credit_monitor_event_consumer.go:128.16,131.3 1 0
github.cbhq.net/risk/data-tracker-backend/internal/config/cadence.go:25.39,39.2 4 0
github.cbhq.net/risk/data-tracker-backend/internal/config/server_config.go:15.20,17.16 2 0
github.cbhq.net/risk/data-tracker-backend/internal/config/server_config.go:21.2,22.15 2 0
github.cbhq.net/risk/data-tracker-backend/internal/config/server_config.go:25.2,26.16 2 0
github.cbhq.net/risk/data-tracker-backend/internal/config/server_config.go:17.16,19.3 1 0
github.cbhq.net/risk/data-tracker-backend/internal/config/server_config.go:22.15,24.3 1 0
github.cbhq.net/risk/data-tracker-backend/internal/config/server_config.go:26.16,28.3 1 0
github.cbhq.net/risk/data-tracker-backend/internal/config/server_config.go:31.45,35.44 3 0
github.cbhq.net/risk/data-tracker-backend/internal/config/server_config.go:42.2,42.70 1 0
github.cbhq.net/risk/data-tracker-backend/internal/config/server_config.go:46.2,46.21 1 0
github.cbhq.net/risk/data-tracker-backend/internal/config/server_config.go:35.44,38.3 2 0
github.cbhq.net/risk/data-tracker-backend/internal/config/server_config.go:38.8,40.3 1 0
github.cbhq.net/risk/data-tracker-backend/internal/config/server_config.go:42.70,44.3 1 0
github.cbhq.net/risk/data-tracker-backend/internal/config/server_config.go:49.103,52.16 3 0
github.cbhq.net/risk/data-tracker-backend/internal/config/server_config.go:56.2,59.15 3 0
github.cbhq.net/risk/data-tracker-backend/internal/config/server_config.go:52.16,54.3 1 0
github.cbhq.net/risk/data-tracker-backend/internal/repository/mongo_repository.go:42.138,43.21 1 0
github.cbhq.net/risk/data-tracker-backend/internal/repository/mongo_repository.go:46.2,52.8 1 0
github.cbhq.net/risk/data-tracker-backend/internal/repository/mongo_repository.go:43.21,45.3 1 0
github.cbhq.net/risk/data-tracker-backend/internal/repository/mongo_repository.go:55.109,57.20 1 0
github.cbhq.net/risk/data-tracker-backend/internal/repository/mongo_repository.go:61.2,62.25 2 0
github.cbhq.net/risk/data-tracker-backend/internal/repository/mongo_repository.go:98.2,102.16 3 0
github.cbhq.net/risk/data-tracker-backend/internal/repository/mongo_repository.go:106.2,106.12 1 0
github.cbhq.net/risk/data-tracker-backend/internal/repository/mongo_repository.go:57.20,59.3 1 0
github.cbhq.net/risk/data-tracker-backend/internal/repository/mongo_repository.go:62.25,66.10 3 0
github.cbhq.net/risk/data-tracker-backend/internal/repository/mongo_repository.go:70.3,71.17 2 0
github.cbhq.net/risk/data-tracker-backend/internal/repository/mongo_repository.go:75.3,76.17 2 0
github.cbhq.net/risk/data-tracker-backend/internal/repository/mongo_repository.go:80.3,81.17 2 0
github.cbhq.net/risk/data-tracker-backend/internal/repository/mongo_repository.go:84.3,86.25 2 0
github.cbhq.net/risk/data-tracker-backend/internal/repository/mongo_repository.go:90.3,95.41 3 0
github.cbhq.net/risk/data-tracker-backend/internal/repository/mongo_repository.go:66.10,68.4 1 0
github.cbhq.net/risk/data-tracker-backend/internal/repository/mongo_repository.go:71.17,73.4 1 0
github.cbhq.net/risk/data-tracker-backend/internal/repository/mongo_repository.go:76.17,78.4 1 0
github.cbhq.net/risk/data-tracker-backend/internal/repository/mongo_repository.go:81.17,83.4 1 0
github.cbhq.net/risk/data-tracker-backend/internal/repository/mongo_repository.go:86.25,88.4 1 0
github.cbhq.net/risk/data-tracker-backend/internal/repository/mongo_repository.go:102.16,104.3 1 0
github.cbhq.net/risk/data-tracker-backend/internal/repository/mongo_repository.go:109.44,111.2 1 0
github.cbhq.net/risk/data-tracker-backend/internal/repository/mongo_repository.go:113.75,117.9 4 0
github.cbhq.net/risk/data-tracker-backend/internal/repository/mongo_repository.go:121.2,121.10 1 0
github.cbhq.net/risk/data-tracker-backend/internal/repository/mongo_repository.go:117.9,120.3 2 0
github.cbhq.net/risk/data-tracker-backend/internal/repository/mongo_repository.go:124.69,125.20 1 0
github.cbhq.net/risk/data-tracker-backend/internal/repository/mongo_repository.go:129.2,130.28 2 0
github.cbhq.net/risk/data-tracker-backend/internal/repository/mongo_repository.go:133.2,133.10 1 0
github.cbhq.net/risk/data-tracker-backend/internal/repository/mongo_repository.go:125.20,127.3 1 0
github.cbhq.net/risk/data-tracker-backend/internal/repository/mongo_repository.go:130.28,132.3 1 0
github.cbhq.net/risk/data-tracker-backend/internal/repository/mongo_repository.go:136.24,138.2 1 0
github.cbhq.net/risk/data-tracker-backend/internal/consumer/consumer.go:45.50,46.29 1 0
github.cbhq.net/risk/data-tracker-backend/internal/consumer/consumer.go:50.2,50.28 1 0
github.cbhq.net/risk/data-tracker-backend/internal/consumer/consumer.go:54.2,54.26 1 0
github.cbhq.net/risk/data-tracker-backend/internal/consumer/consumer.go:58.2,58.28 1 0
github.cbhq.net/risk/data-tracker-backend/internal/consumer/consumer.go:62.2,62.25 1 0
github.cbhq.net/risk/data-tracker-backend/internal/consumer/consumer.go:66.2,76.8 1 0
github.cbhq.net/risk/data-tracker-backend/internal/consumer/consumer.go:46.29,48.3 1 0
github.cbhq.net/risk/data-tracker-backend/internal/consumer/consumer.go:50.28,52.3 1 0
github.cbhq.net/risk/data-tracker-backend/internal/consumer/consumer.go:54.26,56.3 1 0
github.cbhq.net/risk/data-tracker-backend/internal/consumer/consumer.go:58.28,60.3 1 0
github.cbhq.net/risk/data-tracker-backend/internal/consumer/consumer.go:62.25,64.3 1 0
github.cbhq.net/risk/data-tracker-backend/internal/consumer/consumer.go:80.46,82.2 1 0
github.cbhq.net/risk/data-tracker-backend/internal/consumer/consumer.go:84.56,89.16 4 0
github.cbhq.net/risk/data-tracker-backend/internal/consumer/consumer.go:119.2,121.22 3 0
github.cbhq.net/risk/data-tracker-backend/internal/consumer/consumer.go:89.16,92.17 2 0
github.cbhq.net/risk/data-tracker-backend/internal/consumer/consumer.go:92.17,94.48 1 0
github.cbhq.net/risk/data-tracker-backend/internal/consumer/consumer.go:94.48,97.10 3 0
github.cbhq.net/risk/data-tracker-backend/internal/consumer/consumer.go:98.10,101.62 2 0
github.cbhq.net/risk/data-tracker-backend/internal/consumer/consumer.go:101.62,103.6 1 0
github.cbhq.net/risk/data-tracker-backend/internal/consumer/consumer.go:103.11,109.11 3 0
github.cbhq.net/risk/data-tracker-backend/internal/consumer/consumer.go:112.9,114.86 2 0
github.cbhq.net/risk/data-tracker-backend/internal/consumer/consumer.go:114.86,116.5 1 0
github.cbhq.net/risk/data-tracker-backend/internal/consumer/consumer.go:124.36,126.2 1 0
github.cbhq.net/risk/data-tracker-backend/internal/consumer/consumer.go:128.54,136.16 6 0
github.cbhq.net/risk/data-tracker-backend/internal/consumer/consumer.go:163.2,163.20 1 0
github.cbhq.net/risk/data-tracker-backend/internal/consumer/consumer.go:167.2,167.39 1 0
github.cbhq.net/risk/data-tracker-backend/internal/consumer/consumer.go:136.16,137.10 1 0
github.cbhq.net/risk/data-tracker-backend/internal/consumer/consumer.go:138.36,139.11 1 0
github.cbhq.net/risk/data-tracker-backend/internal/consumer/consumer.go:144.4,145.38 2 0
github.cbhq.net/risk/data-tracker-backend/internal/consumer/consumer.go:150.19,151.22 1 0
github.cbhq.net/risk/data-tracker-backend/internal/consumer/consumer.go:156.21,158.14 2 0
github.cbhq.net/risk/data-tracker-backend/internal/consumer/consumer.go:139.11,141.15 2 0
github.cbhq.net/risk/data-tracker-backend/internal/consumer/consumer.go:145.38,149.5 3 0
github.cbhq.net/risk/data-tracker-backend/internal/consumer/consumer.go:151.22,155.5 3 0
github.cbhq.net/risk/data-tracker-backend/internal/consumer/consumer.go:163.20,166.3 2 0
github.cbhq.net/risk/data-tracker-backend/internal/consumer/consumer.go:170.61,173.16 3 0
github.cbhq.net/risk/data-tracker-backend/internal/consumer/consumer.go:173.16,175.3 1 0
github.cbhq.net/risk/data-tracker-backend/internal/consumer/consumer.go:175.8,178.3 2 0
github.cbhq.net/risk/data-tracker-backend/internal/loan_service/repository/credit_event.go:19.116,20.6 1 0
github.cbhq.net/risk/data-tracker-backend/internal/loan_service/repository/credit_event.go:20.6,22.17 2 0
github.cbhq.net/risk/data-tracker-backend/internal/loan_service/repository/credit_event.go:25.3,25.60 1 0
github.cbhq.net/risk/data-tracker-backend/internal/loan_service/repository/credit_event.go:22.17,24.4 1 0
github.cbhq.net/risk/data-tracker-backend/internal/loan_service/repository/credit_event.go:25.60,27.12 2 0
github.cbhq.net/risk/data-tracker-backend/internal/loan_service/repository/credit_event.go:28.9,31.4 2 0
github.cbhq.net/risk/data-tracker-backend/internal/loan_service/repository/credit_event.go:35.95,37.2 1 0
github.cbhq.net/risk/data-tracker-backend/internal/loan_service/repository/credit_event.go:39.108,43.2 3 0
github.cbhq.net/risk/data-tracker-backend/internal/mapper/default_mongo.go:9.65,13.16 3 1
github.cbhq.net/risk/data-tracker-backend/internal/mapper/default_mongo.go:17.2,19.16 3 1
github.cbhq.net/risk/data-tracker-backend/internal/mapper/default_mongo.go:23.2,23.17 1 1
github.cbhq.net/risk/data-tracker-backend/internal/mapper/default_mongo.go:13.16,15.3 1 0
github.cbhq.net/risk/data-tracker-backend/internal/mapper/default_mongo.go:19.16,21.3 1 0
github.cbhq.net/risk/data-tracker-backend/pkg/cadence/creditriskmonitor/child_workflow.go:21.126,23.2 1 0
github.cbhq.net/risk/data-tracker-backend/pkg/cadence/creditriskmonitor/child_workflow.go:25.128,27.2 1 0
github.cbhq.net/risk/data-tracker-backend/pkg/cadence/creditriskmonitor/child_workflow.go:29.112,42.16 7 0
github.cbhq.net/risk/data-tracker-backend/pkg/cadence/creditriskmonitor/child_workflow.go:48.2,54.57 4 0
github.cbhq.net/risk/data-tracker-backend/pkg/cadence/creditriskmonitor/child_workflow.go:42.16,46.3 3 0
github.cbhq.net/risk/data-tracker-backend/pkg/cadence/creditriskmonitor/child_workflow.go:57.130,59.2 1 0
github.cbhq.net/risk/data-tracker-backend/pkg/cadence/creditriskmonitor/child_workflow.go:61.132,63.2 1 0
github.cbhq.net/risk/data-tracker-backend/pkg/cadence/creditriskmonitor/child_workflow.go:65.116,74.45 6 0
github.cbhq.net/risk/data-tracker-backend/pkg/cadence/creditriskmonitor/child_workflow.go:78.2,80.12 2 0
github.cbhq.net/risk/data-tracker-backend/pkg/cadence/creditriskmonitor/child_workflow.go:74.45,76.3 1 0
github.cbhq.net/risk/data-tracker-backend/pkg/cadence/creditriskmonitor/child_workflow.go:83.134,85.2 1 0
github.cbhq.net/risk/data-tracker-backend/pkg/cadence/creditriskmonitor/child_workflow.go:87.136,89.2 1 0
github.cbhq.net/risk/data-tracker-backend/pkg/cadence/creditriskmonitor/child_workflow.go:91.120,104.16 7 0
github.cbhq.net/risk/data-tracker-backend/pkg/cadence/creditriskmonitor/child_workflow.go:110.2,116.12 4 0
github.cbhq.net/risk/data-tracker-backend/pkg/cadence/creditriskmonitor/child_workflow.go:104.16,108.3 3 0
github.cbhq.net/risk/data-tracker-backend/pkg/cadence/creditriskmonitor/child_workflow.go:119.152,121.2 1 0
github.cbhq.net/risk/data-tracker-backend/pkg/cadence/creditriskmonitor/child_workflow.go:123.154,125.2 1 0
github.cbhq.net/risk/data-tracker-backend/pkg/cadence/creditriskmonitor/child_workflow.go:127.138,140.16 7 0
github.cbhq.net/risk/data-tracker-backend/pkg/cadence/creditriskmonitor/child_workflow.go:146.2,152.12 4 0
github.cbhq.net/risk/data-tracker-backend/pkg/cadence/creditriskmonitor/child_workflow.go:140.16,144.3 3 0
github.cbhq.net/risk/data-tracker-backend/pkg/cadence/creditriskmonitor/child_workflow.go:155.161,160.40 4 0
github.cbhq.net/risk/data-tracker-backend/pkg/cadence/creditriskmonitor/child_workflow.go:164.2,173.50 4 0
github.cbhq.net/risk/data-tracker-backend/pkg/cadence/creditriskmonitor/child_workflow.go:179.2,179.33 1 0
github.cbhq.net/risk/data-tracker-backend/pkg/cadence/creditriskmonitor/child_workflow.go:190.2,192.24 2 0
github.cbhq.net/risk/data-tracker-backend/pkg/cadence/creditriskmonitor/child_workflow.go:160.40,162.3 1 0
github.cbhq.net/risk/data-tracker-backend/pkg/cadence/creditriskmonitor/child_workflow.go:173.50,176.3 2 0
github.cbhq.net/risk/data-tracker-backend/pkg/cadence/creditriskmonitor/child_workflow.go:179.33,181.48 2 0
github.cbhq.net/risk/data-tracker-backend/pkg/cadence/creditriskmonitor/child_workflow.go:185.3,185.34 1 0
github.cbhq.net/risk/data-tracker-backend/pkg/cadence/creditriskmonitor/child_workflow.go:181.48,184.4 2 0
github.cbhq.net/risk/data-tracker-backend/pkg/cadence/creditriskmonitor/child_workflow.go:185.34,187.4 1 0
github.cbhq.net/risk/data-tracker-backend/internal/util/kafka.go:13.76,15.2 1 0
github.cbhq.net/risk/data-tracker-backend/internal/util/kafka.go:17.89,20.44 2 0
github.cbhq.net/risk/data-tracker-backend/internal/util/kafka.go:27.2,27.72 1 0
github.cbhq.net/risk/data-tracker-backend/internal/util/kafka.go:31.2,39.40 8 0
github.cbhq.net/risk/data-tracker-backend/internal/util/kafka.go:20.44,23.3 2 0
github.cbhq.net/risk/data-tracker-backend/internal/util/kafka.go:23.8,25.3 1 0
github.cbhq.net/risk/data-tracker-backend/internal/util/kafka.go:27.72,29.3 1 0
github.cbhq.net/risk/data-tracker-backend/internal/util/kafka.go:42.13,45.2 2 1
github.cbhq.net/risk/data-tracker-backend/internal/config/consumer_config.go:24.38,28.2 3 0
github.cbhq.net/risk/data-tracker-backend/internal/config/consumer_config.go:30.46,32.24 2 0
github.cbhq.net/risk/data-tracker-backend/internal/config/consumer_config.go:36.2,37.16 2 0
github.cbhq.net/risk/data-tracker-backend/internal/config/consumer_config.go:41.2,41.36 1 0
github.cbhq.net/risk/data-tracker-backend/internal/config/consumer_config.go:32.24,34.3 1 0
github.cbhq.net/risk/data-tracker-backend/internal/config/consumer_config.go:37.16,39.3 1 0
github.cbhq.net/risk/data-tracker-backend/internal/config/consumer_config.go:44.22,46.16 2 0
github.cbhq.net/risk/data-tracker-backend/internal/config/consumer_config.go:50.2,51.15 2 0
github.cbhq.net/risk/data-tracker-backend/internal/config/consumer_config.go:55.2,56.16 2 0
github.cbhq.net/risk/data-tracker-backend/internal/config/consumer_config.go:46.16,48.3 1 0
github.cbhq.net/risk/data-tracker-backend/internal/config/consumer_config.go:51.15,53.3 1 0
github.cbhq.net/risk/data-tracker-backend/internal/config/consumer_config.go:56.16,58.3 1 0
github.cbhq.net/risk/data-tracker-backend/internal/config/consumer_config.go:61.137,63.16 2 0
github.cbhq.net/risk/data-tracker-backend/internal/config/consumer_config.go:67.2,72.16 5 0
github.cbhq.net/risk/data-tracker-backend/internal/config/consumer_config.go:76.2,76.63 1 0
github.cbhq.net/risk/data-tracker-backend/internal/config/consumer_config.go:63.16,65.3 1 0
github.cbhq.net/risk/data-tracker-backend/internal/config/consumer_config.go:72.16,74.3 1 0
github.cbhq.net/risk/data-tracker-backend/internal/config/consumer_config.go:79.70,84.16 4 0
github.cbhq.net/risk/data-tracker-backend/internal/config/consumer_config.go:88.2,88.15 1 0
github.cbhq.net/risk/data-tracker-backend/internal/config/consumer_config.go:84.16,86.3 1 0
github.cbhq.net/risk/data-tracker-backend/internal/config/consumer_config.go:91.102,95.16 4 0
github.cbhq.net/risk/data-tracker-backend/internal/config/consumer_config.go:99.2,101.43 2 0
github.cbhq.net/risk/data-tracker-backend/internal/config/consumer_config.go:95.16,97.3 1 0
github.cbhq.net/risk/data-tracker-backend/internal/config/consumer_config.go:104.62,110.2 1 0
github.cbhq.net/risk/data-tracker-backend/internal/loan_service/borrower_summary_service.go:45.160,51.2 1 0
github.cbhq.net/risk/data-tracker-backend/internal/loan_service/borrower_summary_service.go:59.75,69.67 3 0
github.cbhq.net/risk/data-tracker-backend/internal/loan_service/borrower_summary_service.go:73.2,75.6 3 0
github.cbhq.net/risk/data-tracker-backend/internal/loan_service/borrower_summary_service.go:100.2,101.12 2 0
github.cbhq.net/risk/data-tracker-backend/internal/loan_service/borrower_summary_service.go:69.67,72.3 2 0
github.cbhq.net/risk/data-tracker-backend/internal/loan_service/borrower_summary_service.go:75.6,77.17 2 0
github.cbhq.net/risk/data-tracker-backend/internal/loan_service/borrower_summary_service.go:81.3,83.42 2 0
github.cbhq.net/risk/data-tracker-backend/internal/loan_service/borrower_summary_service.go:94.3,95.29 2 0
github.cbhq.net/risk/data-tracker-backend/internal/loan_service/borrower_summary_service.go:98.3,98.36 1 0
github.cbhq.net/risk/data-tracker-backend/internal/loan_service/borrower_summary_service.go:77.17,79.4 1 0
github.cbhq.net/risk/data-tracker-backend/internal/loan_service/borrower_summary_service.go:83.42,85.18 2 0
github.cbhq.net/risk/data-tracker-backend/internal/loan_service/borrower_summary_service.go:88.4,89.18 2 0
github.cbhq.net/risk/data-tracker-backend/internal/loan_service/borrower_summary_service.go:85.18,87.5 1 0
github.cbhq.net/risk/data-tracker-backend/internal/loan_service/borrower_summary_service.go:89.18,91.5 1 0
github.cbhq.net/risk/data-tracker-backend/internal/loan_service/borrower_summary_service.go:95.29,96.9 1 0
github.cbhq.net/risk/data-tracker-backend/internal/loan_service/borrower_summary_service.go:104.137,112.83 2 0
github.cbhq.net/risk/data-tracker-backend/internal/loan_service/borrower_summary_service.go:148.2,148.12 1 0
github.cbhq.net/risk/data-tracker-backend/internal/loan_service/borrower_summary_service.go:112.83,115.17 3 0
github.cbhq.net/risk/data-tracker-backend/internal/loan_service/borrower_summary_service.go:119.3,119.57 1 0
github.cbhq.net/risk/data-tracker-backend/internal/loan_service/borrower_summary_service.go:123.3,125.17 3 0
github.cbhq.net/risk/data-tracker-backend/internal/loan_service/borrower_summary_service.go:128.3,128.74 1 0
github.cbhq.net/risk/data-tracker-backend/internal/loan_service/borrower_summary_service.go:131.3,139.17 3 0
github.cbhq.net/risk/data-tracker-backend/internal/loan_service/borrower_summary_service.go:115.17,118.4 2 0
github.cbhq.net/risk/data-tracker-backend/internal/loan_service/borrower_summary_service.go:119.57,122.4 2 0
github.cbhq.net/risk/data-tracker-backend/internal/loan_service/borrower_summary_service.go:125.17,127.4 1 0
github.cbhq.net/risk/data-tracker-backend/internal/loan_service/borrower_summary_service.go:128.74,130.4 1 0
github.cbhq.net/risk/data-tracker-backend/internal/loan_service/borrower_summary_service.go:139.17,141.4 1 0
github.cbhq.net/risk/data-tracker-backend/internal/loan_service/borrower_summary_service.go:141.9,145.4 3 0
github.cbhq.net/risk/data-tracker-backend/internal/loan_service/borrower_summary_service.go:154.106,155.73 1 0
github.cbhq.net/risk/data-tracker-backend/internal/loan_service/borrower_summary_service.go:159.2,160.32 2 0
github.cbhq.net/risk/data-tracker-backend/internal/loan_service/borrower_summary_service.go:163.2,164.27 2 0
github.cbhq.net/risk/data-tracker-backend/internal/loan_service/borrower_summary_service.go:167.2,167.46 1 0
github.cbhq.net/risk/data-tracker-backend/internal/loan_service/borrower_summary_service.go:170.2,170.24 1 0
github.cbhq.net/risk/data-tracker-backend/internal/loan_service/borrower_summary_service.go:155.73,157.3 1 0
github.cbhq.net/risk/data-tracker-backend/internal/loan_service/borrower_summary_service.go:160.32,162.3 1 0
github.cbhq.net/risk/data-tracker-backend/internal/loan_service/borrower_summary_service.go:164.27,166.3 1 0
github.cbhq.net/risk/data-tracker-backend/internal/loan_service/borrower_summary_service.go:167.46,169.3 1 0
github.cbhq.net/risk/data-tracker-backend/internal/loan_service/borrower_summary_service.go:173.93,174.23 1 0
github.cbhq.net/risk/data-tracker-backend/internal/loan_service/borrower_summary_service.go:175.46,176.26 1 0
github.cbhq.net/risk/data-tracker-backend/internal/loan_service/borrower_summary_service.go:177.42,178.22 1 0
github.cbhq.net/risk/data-tracker-backend/internal/loan_service/borrower_summary_service.go:179.45,180.25 1 0
github.cbhq.net/risk/data-tracker-backend/internal/loan_service/borrower_summary_service.go:181.58,182.30 1 0
github.cbhq.net/risk/data-tracker-backend/internal/loan_service/borrower_summary_service.go:183.51,184.24 1 0
github.cbhq.net/risk/data-tracker-backend/internal/loan_service/borrower_summary_service.go:185.48,186.22 1 0
github.cbhq.net/risk/data-tracker-backend/internal/loan_service/borrower_summary_service.go:187.10,188.12 1 0
github.cbhq.net/risk/data-tracker-backend/internal/loan_service/borrower_summary_service.go:192.89,199.83 2 0
github.cbhq.net/risk/data-tracker-backend/internal/loan_service/borrower_summary_service.go:202.2,202.16 1 0
github.cbhq.net/risk/data-tracker-backend/internal/loan_service/borrower_summary_service.go:205.2,206.16 2 0
[...]
github.cbhq.net/risk/data-tracker-backend/internal/util/statsd.go:38.21,40.10 2 0
github.cbhq.net/risk/data-tracker-backend/internal/util/statsd.go:43.3,43.57 1 0
github.cbhq.net/risk/data-tracker-backend/internal/util/statsd.go:44.22,46.10 2 0
github.cbhq.net/risk/data-tracker-backend/internal/util/statsd.go:49.3,49.58 1 0
github.cbhq.net/risk/data-tracker-backend/internal/util/statsd.go:50.10,51.54 1 0
github.cbhq.net/risk/data-tracker-backend/internal/util/statsd.go:40.10,42.4 1 0
github.cbhq.net/risk/data-tracker-backend/internal/util/statsd.go:46.10,48.4 1 0
github.cbhq.net/risk/data-tracker-backend/internal/util/statsd.go:56.113,69.16 3 0
github.cbhq.net/risk/data-tracker-backend/internal/util/statsd.go:69.16,72.3 2 0
github.cbhq.net/risk/data-tracker-backend/internal/config/config.go:16.52,18.16 2 1
github.cbhq.net/risk/data-tracker-backend/internal/config/config.go:21.2,26.16 6 1
github.cbhq.net/risk/data-tracker-backend/internal/config/config.go:29.2,29.12 1 1
github.cbhq.net/risk/data-tracker-backend/internal/config/config.go:18.16,20.3 1 0
github.cbhq.net/risk/data-tracker-backend/internal/config/config.go:26.16,28.3 1 0
github.cbhq.net/risk/data-tracker-backend/internal/config/config.go:32.42,34.2 1 0
github.cbhq.net/risk/data-tracker-backend/internal/config/config.go:36.57,38.2 1 0
github.cbhq.net/risk/data-tracker-backend/internal/config/config.go:40.54,42.2 1 1
github.cbhq.net/risk/data-tracker-backend/internal/config/config.go:44.48,46.38 2 1
github.cbhq.net/risk/data-tracker-backend/internal/config/config.go:51.2,51.15 1 1
github.cbhq.net/risk/data-tracker-backend/internal/config/config.go:46.38,47.40 1 1
github.cbhq.net/risk/data-tracker-backend/internal/config/config.go:47.40,49.4 1 1
github.cbhq.net/risk/data-tracker-backend/internal/config/config.go:54.66,59.22 4 1
github.cbhq.net/risk/data-tracker-backend/internal/config/config.go:67.2,67.18 1 1
github.cbhq.net/risk/data-tracker-backend/internal/config/config.go:59.22,61.17 2 0
github.cbhq.net/risk/data-tracker-backend/internal/config/config.go:64.3,64.45 1 0
github.cbhq.net/risk/data-tracker-backend/internal/config/config.go:61.17,63.4 1 0
github.cbhq.net/risk/data-tracker-backend/internal/loan_service/credit_monitor_event_consumer.go:30.76,31.15 1 0
github.cbhq.net/risk/data-tracker-backend/internal/loan_service/credit_monitor_event_consumer.go:34.2,38.16 4 0
github.cbhq.net/risk/data-tracker-backend/internal/loan_service/credit_monitor_event_consumer.go:57.2,57.12 1 0
github.cbhq.net/risk/data-tracker-backend/internal/loan_service/credit_monitor_event_consumer.go:31.15,33.3 1 0
github.cbhq.net/risk/data-tracker-backend/internal/loan_service/credit_monitor_event_consumer.go:38.16,39.10 1 0
github.cbhq.net/risk/data-tracker-backend/internal/loan_service/credit_monitor_event_consumer.go:40.25,41.20 1 0
github.cbhq.net/risk/data-tracker-backend/internal/loan_service/credit_monitor_event_consumer.go:42.11,45.18 2 0
github.cbhq.net/risk/data-tracker-backend/internal/loan_service/credit_monitor_event_consumer.go:48.4,50.18 3 0
github.cbhq.net/risk/data-tracker-backend/internal/loan_service/credit_monitor_event_consumer.go:45.18,47.5 1 0
github.cbhq.net/risk/data-tracker-backend/internal/loan_service/credit_monitor_event_consumer.go:50.18,52.5 1 0
github.cbhq.net/risk/data-tracker-backend/internal/loan_service/credit_monitor_event_consumer.go:52.10,54.5 1 0
github.cbhq.net/risk/data-tracker-backend/internal/loan_service/credit_monitor_event_consumer.go:60.52,65.2 4 0
github.cbhq.net/risk/data-tracker-backend/internal/loan_service/credit_monitor_event_consumer.go:67.93,69.2 1 0
github.cbhq.net/risk/data-tracker-backend/internal/loan_service/credit_monitor_event_consumer.go:71.180,76.2 1 0
github.cbhq.net/risk/data-tracker-backend/internal/loan_service/credit_monitor_event_consumer.go:78.139,81.16 2 0
github.cbhq.net/risk/data-tracker-backend/internal/loan_service/credit_monitor_event_consumer.go:85.2,89.16 4 0
github.cbhq.net/risk/data-tracker-backend/internal/loan_service/credit_monitor_event_consumer.go:92.2,92.33 1 0
github.cbhq.net/risk/data-tracker-backend/internal/loan_service/credit_monitor_event_consumer.go:98.2,99.16 2 0
github.cbhq.net/risk/data-tracker-backend/internal/loan_service/credit_monitor_event_consumer.go:103.2,104.16 2 0
github.cbhq.net/risk/data-tracker-backend/internal/loan_service/credit_monitor_event_consumer.go:107.2,108.16 2 0
github.cbhq.net/risk/data-tracker-backend/internal/loan_service/credit_monitor_event_consumer.go:112.2,114.16 3 0
github.cbhq.net/risk/data-tracker-backend/internal/loan_service/credit_monitor_event_consumer.go:118.2,123.16 2 0
github.cbhq.net/risk/data-tracker-backend/internal/loan_service/credit_monitor_event_consumer.go:127.2,128.16 2 0
github.cbhq.net/risk/data-tracker-backend/internal/loan_service/credit_monitor_event_consumer.go:133.2,133.60 1 0
github.cbhq.net/risk/data-tracker-backend/internal/loan_service/credit_monitor_event_consumer.go:81.16,83.3 1 0
github.cbhq.net/risk/data-tracker-backend/internal/loan_service/credit_monitor_event_consumer.go:89.16,91.3 1 0
github.cbhq.net/risk/data-tracker-backend/internal/loan_service/credit_monitor_event_consumer.go:92.33,93.40 1 0
github.cbhq.net/risk/data-tracker-backend/internal/loan_service/credit_monitor_event_consumer.go:93.40,95.4 1 0
github.cbhq.net/risk/data-tracker-backend/internal/loan_service/credit_monitor_event_consumer.go:99.16,101.3 1 0
github.cbhq.net/risk/data-tracker-backend/internal/loan_service/credit_monitor_event_consumer.go:104.16,106.3 1 0
github.cbhq.net/risk/data-tracker-backend/internal/loan_service/credit_monitor_event_consumer.go:108.16,110.3 1 0
github.cbhq.net/risk/data-tracker-backend/internal/loan_service/credit_monitor_event_consumer.go:114.16,116.3 1 0
github.cbhq.net/risk/data-tracker-backend/internal/loan_service/credit_monitor_event_consumer.go:123.16,125.3 1 0
github.cbhq.net/risk/data-tracker-backend/internal/loan_service/credit_monitor_event_consumer.go:128.16,131.3 1 0
github.cbhq.net/risk/data-tracker-backend/internal/server/handler.go:32.126,36.16 2 0
github.cbhq.net/risk/data-tracker-backend/internal/server/handler.go:40.2,44.16 4 0
github.cbhq.net/risk/data-tracker-backend/internal/server/handler.go:50.2,67.16 3 0
github.cbhq.net/risk/data-tracker-backend/internal/server/handler.go:73.2,73.44 1 0
github.cbhq.net/risk/data-tracker-backend/internal/server/handler.go:36.16,38.3 1 0
github.cbhq.net/risk/data-tracker-backend/internal/server/handler.go:44.16,48.3 3 0
github.cbhq.net/risk/data-tracker-backend/internal/server/handler.go:67.16,71.3 3 0
github.cbhq.net/risk/data-tracker-backend/internal/mapper/default_mongo.go:9.65,13.16 3 1
github.cbhq.net/risk/data-tracker-backend/internal/mapper/default_mongo.go:17.2,19.16 3 1
github.cbhq.net/risk/data-tracker-backend/internal/mapper/default_mongo.go:23.2,23.17 1 1
github.cbhq.net/risk/data-tracker-backend/internal/mapper/default_mongo.go:13.16,15.3 1 0
github.cbhq.net/risk/data-tracker-backend/internal/mapper/default_mongo.go:19.16,21.3 1 0
github.cbhq.net/risk/data-tracker-backend/internal/util/redis.go:8.44,10.2 1 0
github.cbhq.net/risk/data-tracker-backend/internal/util/redis.go:12.47,19.2 2 0
github.cbhq.net/risk/data-tracker-backend/internal/util/redis.go:21.13,26.2 4 1
github.cbhq.net/risk/data-tracker-backend/internal/serde/registry.go:23.30,27.2 3 1
github.cbhq.net/risk/data-tracker-backend/internal/serde/registry.go:29.63,35.9 5 1
github.cbhq.net/risk/data-tracker-backend/internal/serde/registry.go:38.2,39.12 2 1
github.cbhq.net/risk/data-tracker-backend/internal/serde/registry.go:35.9,37.3 1 0
github.cbhq.net/risk/data-tracker-backend/internal/serde/registry.go:42.61,44.16 2 1
github.cbhq.net/risk/data-tracker-backend/internal/serde/registry.go:44.16,45.13 1 0
github.cbhq.net/risk/data-tracker-backend/internal/serde/registry.go:49.67,53.9 4 1
github.cbhq.net/risk/data-tracker-backend/internal/serde/registry.go:56.2,56.56 1 1
github.cbhq.net/risk/data-tracker-backend/internal/serde/registry.go:53.9,55.3 1 0
github.cbhq.net/risk/data-tracker-backend/internal/serde/registry.go:59.13,62.2 2 1
github.cbhq.net/risk/data-tracker-backend/pkg/cadence/creditriskmonitor/credit_risk_monitor.go:34.90,36.16 2 0
github.cbhq.net/risk/data-tracker-backend/pkg/cadence/creditriskmonitor/credit_risk_monitor.go:40.2,45.3 2 0
github.cbhq.net/risk/data-tracker-backend/pkg/cadence/creditriskmonitor/credit_risk_monitor.go:36.16,38.3 1 0
github.cbhq.net/risk/data-tracker-backend/pkg/cadence/creditriskmonitor/credit_risk_monitor.go:48.75,51.2 2 0
github.cbhq.net/risk/data-tracker-backend/pkg/cadence/creditriskmonitor/credit_risk_monitor.go:53.125,56.2 2 0
github.cbhq.net/risk/data-tracker-backend/pkg/cadence/creditriskmonitor/credit_risk_monitor.go:58.217,67.2 3 0
github.cbhq.net/risk/data-tracker-backend/pkg/cadence/creditriskmonitor/credit_risk_monitor.go:69.103,71.2 1 0
github.cbhq.net/risk/data-tracker-backend/pkg/cadence/creditriskmonitor/credit_risk_monitor.go:73.105,75.2 1 0
github.cbhq.net/risk/data-tracker-backend/pkg/cadence/creditriskmonitor/credit_risk_monitor.go:77.89,93.16 6 0
github.cbhq.net/risk/data-tracker-backend/pkg/cadence/creditriskmonitor/credit_risk_monitor.go:97.2,103.16 3 0
github.cbhq.net/risk/data-tracker-backend/pkg/cadence/creditriskmonitor/credit_risk_monitor.go:107.2,113.16 3 0
github.cbhq.net/risk/data-tracker-backend/pkg/cadence/creditriskmonitor/credit_risk_monitor.go:117.2,124.16 3 0
github.cbhq.net/risk/data-tracker-backend/pkg/cadence/creditriskmonitor/credit_risk_monitor.go:128.2,130.12 2 0
github.cbhq.net/risk/data-tracker-backend/pkg/cadence/creditriskmonitor/credit_risk_monitor.go:93.16,95.3 1 0
github.cbhq.net/risk/data-tracker-backend/pkg/cadence/creditriskmonitor/credit_risk_monitor.go:103.16,105.3 1 0
github.cbhq.net/risk/data-tracker-backend/pkg/cadence/creditriskmonitor/credit_risk_monitor.go:113.16,115.3 1 0
github.cbhq.net/risk/data-tracker-backend/pkg/cadence/creditriskmonitor/credit_risk_monitor.go:124.16,126.3 1 0
github.cbhq.net/risk/data-tracker-backend/pkg/cadence/creditriskmonitor/credit_risk_monitor.go:133.103,166.2 1 0
github.cbhq.net/risk/data-tracker-backend/pkg/cadence/creditriskmonitor/credit_risk_monitor.go:168.104,201.2 1 0
github.cbhq.net/risk/data-tracker-backend/pkg/cadence/creditriskmonitor/credit_risk_monitor.go:203.96,218.2 1 0
github.cbhq.net/risk/data-tracker-backend/pkg/cadence/creditriskmonitor/credit_risk_monitor.go:220.62,223.2 2 0
github.cbhq.net/risk/data-tracker-backend/pkg/cadence/creditriskmonitor/credit_risk_monitor.go:225.112,228.2 2 0
github.cbhq.net/risk/data-tracker-backend/pkg/cadence/creditriskmonitor/credit_risk_monitor.go:230.63,233.2 2 0
github.cbhq.net/risk/data-tracker-backend/pkg/cadence/creditriskmonitor/credit_risk_monitor.go:235.113,238.2 2 0
github.cbhq.net/risk/data-tracker-backend/pkg/cadence/creditriskmonitor/credit_risk_monitor.go:240.217,242.16 2 0
github.cbhq.net/risk/data-tracker-backend/pkg/cadence/creditriskmonitor/credit_risk_monitor.go:245.2,246.16 2 0
github.cbhq.net/risk/data-tracker-backend/pkg/cadence/creditriskmonitor/credit_risk_monitor.go:242.16,244.3 1 0
github.cbhq.net/risk/data-tracker-backend/internal/loan_service/borrower_summary_service.go:45.160,51.2 1 0
github.cbhq.net/risk/data-tracker-backend/internal/loan_service/borrower_summary_service.go:59.75,69.67 3 0
github.cbhq.net/risk/data-tracker-backend/internal/loan_service/borrower_summary_service.go:73.2,75.6 3 0
github.cbhq.net/risk/data-tracker-backend/internal/loan_service/borrower_summary_service.go:100.2,101.12 2 0
github.cbhq.net/risk/data-tracker-backend/internal/loan_service/borrower_summary_service.go:69.67,72.3 2 0
github.cbhq.net/risk/data-tracker-backend/internal/loan_service/borrower_summary_service.go:75.6,77.17 2 0
github.cbhq.net/risk/data-tracker-backend/internal/loan_service/borrower_summary_service.go:81.3,83.42 2 0
github.cbhq.net/risk/data-tracker-backend/internal/loan_service/borrower_summary_service.go:94.3,95.29 2 0
github.cbhq.net/risk/data-tracker-backend/internal/loan_service/borrower_summary_service.go:98.3,98.36 1 0
github.cbhq.net/risk/data-tracker-backend/internal/loan_service/borrower_summary_service.go:77.17,79.4 1 0
github.cbhq.net/risk/data-tracker-backend/internal/loan_service/borrower_summary_service.go:83.42,85.18 2 0
github.cbhq.net/risk/data-tracker-backend/internal/loan_service/borrower_summary_service.go:88.4,89.18 2 0
github.cbhq.net/risk/data-tracker-backend/internal/loan_service/borrower_summary_service.go:85.18,87.5 1 0
github.cbhq.net/risk/data-tracker-backend/internal/loan_service/borrower_summary_service.go:89.18,91.5 1 0
github.cbhq.net/risk/data-tracker-backend/internal/loan_service/borrower_summary_service.go:95.29,96.9 1 0
github.cbhq.net/risk/data-tracker-backend/internal/loan_service/borrower_summary_service.go:104.137,112.83 2 0
github.cbhq.net/risk/data-tracker-backend/internal/loan_service/borrower_summary_service.go:148.2,148.12 1 0
github.cbhq.net/risk/data-tracker-backend/internal/loan_service/borrower_summary_service.go:112.83,115.17 3 0
github.cbhq.net/risk/data-tracker-backend/internal/loan_service/borrower_summary_service.go:119.3,119.57 1 0
github.cbhq.net/risk/data-tracker-backend/internal/loan_service/borrower_summary_service.go:123.3,125.17 3 0
github.cbhq.net/risk/data-tracker-backend/internal/loan_service/borrower_summary_service.go:128.3,128.74 1 0
github.cbhq.net/risk/data-tracker-backend/internal/loan_service/borrower_summary_service.go:131.3,139.17 3 0
github.cbhq.net/risk/data-tracker-backend/internal/loan_service/borrower_summary_service.go:115.17,118.4 2 0
github.cbhq.net/risk/data-tracker-backend/internal/loan_service/borrower_summary_service.go:119.57,122.4 2 0
github.cbhq.net/risk/data-tracker-backend/internal/loan_service/borrower_summary_service.go:125.17,127.4 1 0
github.cbhq.net/risk/data-tracker-backend/internal/loan_service/borrower_summary_service.go:128.74,130.4 1 0
github.cbhq.net/risk/data-tracker-backend/internal/loan_service/borrower_summary_service.go:139.17,141.4 1 0
github.cbhq.net/risk/data-tracker-backend/internal/loan_service/borrower_summary_service.go:141.9,145.4 3 0
github.cbhq.net/risk/data-tracker-backend/internal/loan_service/borrower_summary_service.go:154.106,155.73 1 0
github.cbhq.net/risk/data-tracker-backend/internal/loan_service/borrower_summary_service.go:159.2,160.32 2 0
github.cbhq.net/risk/data-tracker-backend/internal/loan_service/borrower_summary_service.go:163.2,164.27 2 0
github.cbhq.net/risk/data-tracker-backend/internal/loan_service/borrower_summary_service.go:167.2,167.46 1 0
github.cbhq.net/risk/data-tracker-backend/internal/loan_service/borrower_summary_service.go:170.2,170.24 1 0
github.cbhq.net/risk/data-tracker-backend/internal/loan_service/borrower_summary_service.go:155.73,157.3 1 0
github.cbhq.net/risk/data-tracker-backend/internal/loan_service/borrower_summary_service.go:160.32,162.3 1 0
github.cbhq.net/risk/data-tracker-backend/internal/loan_service/borrower_summary_service.go:164.27,166.3 1 0
github.cbhq.net/risk/data-tracker-backend/internal/loan_service/borrower_summary_service.go:167.46,169.3 1 0
github.cbhq.net/risk/data-tracker-backend/internal/loan_service/borrower_summary_service.go:173.93,174.23 1 0
github.cbhq.net/risk/data-tracker-backend/internal/loan_service/borrower_summary_service.go:175.46,176.26 1 0
github.cbhq.net/risk/data-tracker-backend/internal/loan_service/borrower_summary_service.go:177.42,178.22 1 0
github.cbhq.net/risk/data-tracker-backend/internal/loan_service/borrower_summary_service.go:179.45,180.25 1 0
github.cbhq.net/risk/data-tracker-backend/internal/loan_service/borrower_summary_service.go:181.58,182.30 1 0
github.cbhq.net/risk/data-tracker-backend/internal/loan_service/borrower_summary_service.go:183.51,184.24 1 0
github.cbhq.net/risk/data-tracker-backend/internal/loan_service/borrower_summary_service.go:185.48,186.22 1 0
github.cbhq.net/risk/data-tracker-backend/internal/loan_service/borrower_summary_service.go:187.10,188.12 1 0
github.cbhq.net/risk/data-tracker-backend/internal/loan_service/borrower_summary_service.go:192.89,199.83 2 0
github.cbhq.net/risk/data-tracker-backend/internal/loan_service/borrower_summary_service.go:202.2,202.16 1 0
github.cbhq.net/risk/data-tracker-backend/internal/loan_service/borrower_summary_service.go:205.2,206.16 2 0
github.cbhq.net/risk/data-tracker-backend/internal/loan_service/borrower_summary_service.go:210.2,210.83 1 0
github.cbhq.net/risk/data-tracker-backend/internal/loan_service/borrower_summary_service.go:214.2,214.16 1 0
github.cbhq.net/risk/data-tracker-backend/internal/loan_service/borrower_summary_service.go:218.2,220.12 2 0
github.cbhq.net/risk/data-tracker-backend/internal/loan_service/borrower_summary_service.go:199.83,201.3 1 0
github.cbhq.net/risk/data-tracker-backend/internal/loan_service/borrower_summary_service.go:202.16,204.3 1 0
github.cbhq.net/risk/data-tracker-backend/internal/loan_service/borrower_summary_service.go:206.16,208.3 1 0
github.cbhq.net/risk/data-tracker-backend/internal/loan_service/borrower_summary_service.go:210.83,212.3 1 0
github.cbhq.net/risk/data-tracker-backend/internal/loan_service/borrower_summary_service.go:214.16,217.3 2 0
github.cbhq.net/risk/data-tracker-backend/internal/loan_service/borrower_summary_service.go:223.131,225.16 2 0
github.cbhq.net/risk/data-tracker-backend/internal/loan_service/borrower_summary_service.go:229.2,230.16 2 0
github.cbhq.net/risk/data-tracker-backend/internal/loan_service/borrower_summary_service.go:233.2,234.16 2 0
github.cbhq.net/risk/data-tracker-backend/internal/loan_service/borrower_summary_service.go:238.2,240.16 3 0
github.cbhq.net/risk/data-tracker-backend/internal/loan_service/borrower_summary_service.go:244.2,249.16 2 0
github.cbhq.net/risk/data-tracker-backend/internal/loan_service/borrower_summary_service.go:253.2,253.79 1 0
github.cbhq.net/risk/data-tracker-backend/internal/loan_service/borrower_summary_service.go:225.16,227.3 1 0
github.cbhq.net/risk/data-tracker-backend/internal/loan_service/borrower_summary_service.go:230.16,232.3 1 0
github.cbhq.net/risk/data-tracker-backend/internal/loan_service/borrower_summary_service.go:234.16,236.3 1 0
github.cbhq.net/risk/data-tracker-backend/internal/loan_service/borrower_summary_service.go:240.16,242.3 1 0
github.cbhq.net/risk/data-tracker-backend/internal/loan_service/borrower_summary_service.go:249.16,251.3 1 0
github.cbhq.net/risk/data-tracker-backend/internal/loan_service/borrower_summary_service.go:263.78,265.40 1 0
github.cbhq.net/risk/data-tracker-backend/internal/loan_service/borrower_summary_service.go:269.2,270.16 2 0
github.cbhq.net/risk/data-tracker-backend/internal/loan_service/borrower_summary_service.go:281.2,282.16 2 0
github.cbhq.net/risk/data-tracker-backend/internal/loan_service/borrower_summary_service.go:286.2,286.12 1 0
github.cbhq.net/risk/data-tracker-backend/internal/loan_service/borrower_summary_service.go:265.40,268.3 2 0
github.cbhq.net/risk/data-tracker-backend/internal/loan_service/borrower_summary_service.go:270.16,271.57 1 0
github.cbhq.net/risk/data-tracker-backend/internal/loan_service/borrower_summary_service.go:271.57,273.4 1 0
github.cbhq.net/risk/data-tracker-backend/internal/loan_service/borrower_summary_service.go:273.9,275.24 2 0
github.cbhq.net/risk/data-tracker-backend/internal/loan_service/borrower_summary_service.go:278.4,278.14 1 0
github.cbhq.net/risk/data-tracker-backend/internal/loan_service/borrower_summary_service.go:275.24,277.5 1 0
github.cbhq.net/risk/data-tracker-backend/internal/loan_service/borrower_summary_service.go:282.16,284.3 1 0
github.cbhq.net/risk/data-tracker-backend/internal/loan_service/borrower_summary_service.go:289.55,291.2 0 0
github.cbhq.net/risk/data-tracker-backend/internal/loan_service/borrower_summary_service.go:293.123,298.2 1 0
github.cbhq.net/risk/data-tracker-backend/internal/config/temporal.go:25.41,39.2 4 0
