mode: set
github.cbhq.net/engineering/docstore/bsonpb/decode.go:16.72,18.16 2 1
github.cbhq.net/engineering/docstore/bsonpb/decode.go:21.2,22.28 2 1
github.cbhq.net/engineering/docstore/bsonpb/decode.go:18.16,20.3 1 0
github.cbhq.net/engineering/docstore/bsonpb/decode.go:31.56,33.27 2 1
github.cbhq.net/engineering/docstore/bsonpb/decode.go:36.2,37.10 2 1
github.cbhq.net/engineering/docstore/bsonpb/decode.go:33.27,35.3 1 0
github.cbhq.net/engineering/docstore/bsonpb/decode.go:41.38,42.16 1 1
github.cbhq.net/engineering/docstore/bsonpb/decode.go:42.16,44.3 1 1
github.cbhq.net/engineering/docstore/bsonpb/decode.go:48.70,49.14 1 1
github.cbhq.net/engineering/docstore/bsonpb/decode.go:53.2,53.50 1 1
github.cbhq.net/engineering/docstore/bsonpb/decode.go:49.14,51.3 1 0
github.cbhq.net/engineering/docstore/bsonpb/decode.go:56.84,62.27 3 1
github.cbhq.net/engineering/docstore/bsonpb/decode.go:80.2,80.12 1 1
github.cbhq.net/engineering/docstore/bsonpb/decode.go:62.27,64.16 2 1
github.cbhq.net/engineering/docstore/bsonpb/decode.go:67.3,67.16 1 1
github.cbhq.net/engineering/docstore/bsonpb/decode.go:72.3,74.17 3 1
github.cbhq.net/engineering/docstore/bsonpb/decode.go:77.3,77.15 1 1
github.cbhq.net/engineering/docstore/bsonpb/decode.go:64.16,66.4 1 0
github.cbhq.net/engineering/docstore/bsonpb/decode.go:67.16,69.12 2 0
github.cbhq.net/engineering/docstore/bsonpb/decode.go:74.17,76.4 1 0
github.cbhq.net/engineering/docstore/bsonpb/decode.go:83.132,84.9 1 1
github.cbhq.net/engineering/docstore/bsonpb/decode.go:85.19,87.34 2 1
github.cbhq.net/engineering/docstore/bsonpb/decode.go:96.3,96.16 1 1
github.cbhq.net/engineering/docstore/bsonpb/decode.go:97.18,101.38 4 1
github.cbhq.net/engineering/docstore/bsonpb/decode.go:119.3,119.16 1 1
github.cbhq.net/engineering/docstore/bsonpb/decode.go:120.10,121.41 1 1
github.cbhq.net/engineering/docstore/bsonpb/decode.go:87.34,88.26 1 1
github.cbhq.net/engineering/docstore/bsonpb/decode.go:88.26,90.19 2 1
github.cbhq.net/engineering/docstore/bsonpb/decode.go:93.5,93.18 1 1
github.cbhq.net/engineering/docstore/bsonpb/decode.go:90.19,92.6 1 0
github.cbhq.net/engineering/docstore/bsonpb/decode.go:101.38,103.45 2 1
github.cbhq.net/engineering/docstore/bsonpb/decode.go:113.4,114.18 2 1
github.cbhq.net/engineering/docstore/bsonpb/decode.go:117.4,117.18 1 1
github.cbhq.net/engineering/docstore/bsonpb/decode.go:103.45,105.5 1 1
github.cbhq.net/engineering/docstore/bsonpb/decode.go:105.10,107.19 2 1
github.cbhq.net/engineering/docstore/bsonpb/decode.go:110.5,110.20 1 1
github.cbhq.net/engineering/docstore/bsonpb/decode.go:107.19,109.6 1 0
github.cbhq.net/engineering/docstore/bsonpb/decode.go:114.18,116.5 1 0
github.cbhq.net/engineering/docstore/bsonpb/decode.go:125.138,126.56 1 1
github.cbhq.net/engineering/docstore/bsonpb/decode.go:143.2,143.19 1 1
github.cbhq.net/engineering/docstore/bsonpb/decode.go:126.56,128.34 2 1
github.cbhq.net/engineering/docstore/bsonpb/decode.go:140.3,140.16 1 1
github.cbhq.net/engineering/docstore/bsonpb/decode.go:128.34,133.27 2 0
github.cbhq.net/engineering/docstore/bsonpb/decode.go:136.4,136.20 1 0
github.cbhq.net/engineering/docstore/bsonpb/decode.go:133.27,135.5 1 0
github.cbhq.net/engineering/docstore/bsonpb/decode.go:137.9,139.4 1 1
github.cbhq.net/engineering/docstore/bsonpb/decode.go:144.29,145.76 1 1
github.cbhq.net/engineering/docstore/bsonpb/decode.go:146.32,151.39 3 1
github.cbhq.net/engineering/docstore/bsonpb/decode.go:169.29,170.49 1 1
github.cbhq.net/engineering/docstore/bsonpb/decode.go:171.82,173.17 2 1
github.cbhq.net/engineering/docstore/bsonpb/decode.go:176.3,176.38 1 1
github.cbhq.net/engineering/docstore/bsonpb/decode.go:177.82,178.47 1 1
github.cbhq.net/engineering/docstore/bsonpb/decode.go:179.57,181.17 2 1
github.cbhq.net/engineering/docstore/bsonpb/decode.go:184.3,184.46 1 1
github.cbhq.net/engineering/docstore/bsonpb/decode.go:185.57,186.55 1 1
github.cbhq.net/engineering/docstore/bsonpb/decode.go:187.30,188.57 1 1
github.cbhq.net/engineering/docstore/bsonpb/decode.go:189.31,190.48 1 1
github.cbhq.net/engineering/docstore/bsonpb/decode.go:191.31,192.48 1 1
github.cbhq.net/engineering/docstore/bsonpb/decode.go:193.30,195.39 2 1
github.cbhq.net/engineering/docstore/bsonpb/decode.go:196.10,197.117 1 0
github.cbhq.net/engineering/docstore/bsonpb/decode.go:152.24,157.17 5 1
github.cbhq.net/engineering/docstore/bsonpb/decode.go:158.20,164.17 6 1
github.cbhq.net/engineering/docstore/bsonpb/decode.go:165.11,167.17 2 1
github.cbhq.net/engineering/docstore/bsonpb/decode.go:173.17,175.4 1 0
github.cbhq.net/engineering/docstore/bsonpb/decode.go:181.17,183.4 1 0
github.cbhq.net/engineering/docstore/bsonpb/decode.go:201.111,202.19 1 1
github.cbhq.net/engineering/docstore/bsonpb/decode.go:203.29,205.17 2 0
github.cbhq.net/engineering/docstore/bsonpb/decode.go:208.3,208.39 1 0
github.cbhq.net/engineering/docstore/bsonpb/decode.go:209.82,211.17 2 1
github.cbhq.net/engineering/docstore/bsonpb/decode.go:214.3,214.39 1 1
github.cbhq.net/engineering/docstore/bsonpb/decode.go:215.82,217.17 2 1
github.cbhq.net/engineering/docstore/bsonpb/decode.go:220.3,220.39 1 1
github.cbhq.net/engineering/docstore/bsonpb/decode.go:221.57,223.17 2 0
github.cbhq.net/engineering/docstore/bsonpb/decode.go:226.3,226.39 1 0
github.cbhq.net/engineering/docstore/bsonpb/decode.go:227.57,229.17 2 0
github.cbhq.net/engineering/docstore/bsonpb/decode.go:232.3,232.39 1 0
github.cbhq.net/engineering/docstore/bsonpb/decode.go:233.31,234.40 1 0
github.cbhq.net/engineering/docstore/bsonpb/decode.go:235.10,236.114 1 0
github.cbhq.net/engineering/docstore/bsonpb/decode.go:205.17,207.4 1 0
github.cbhq.net/engineering/docstore/bsonpb/decode.go:211.17,213.4 1 0
github.cbhq.net/engineering/docstore/bsonpb/decode.go:217.17,219.4 1 0
github.cbhq.net/engineering/docstore/bsonpb/decode.go:223.17,225.4 1 0
github.cbhq.net/engineering/docstore/bsonpb/decode.go:229.17,231.4 1 0
github.cbhq.net/engineering/docstore/bsonpb/encode.go:23.69,26.16 3 1
github.cbhq.net/engineering/docstore/bsonpb/encode.go:30.2,30.26 1 1
github.cbhq.net/engineering/docstore/bsonpb/encode.go:26.16,28.3 1 0
github.cbhq.net/engineering/docstore/bsonpb/encode.go:34.46,37.16 3 0
github.cbhq.net/engineering/docstore/bsonpb/encode.go:41.2,41.26 1 0
github.cbhq.net/engineering/docstore/bsonpb/encode.go:37.16,39.3 1 0
github.cbhq.net/engineering/docstore/bsonpb/encode.go:49.56,51.27 2 1
github.cbhq.net/engineering/docstore/bsonpb/encode.go:54.2,55.10 2 1
github.cbhq.net/engineering/docstore/bsonpb/encode.go:51.27,53.3 1 0
github.cbhq.net/engineering/docstore/bsonpb/encode.go:59.38,60.16 1 1
github.cbhq.net/engineering/docstore/bsonpb/encode.go:60.16,62.3 1 1
github.cbhq.net/engineering/docstore/bsonpb/encode.go:65.67,67.56 2 1
github.cbhq.net/engineering/docstore/bsonpb/encode.go:71.2,71.50 1 1
github.cbhq.net/engineering/docstore/bsonpb/encode.go:75.2,75.47 1 1
github.cbhq.net/engineering/docstore/bsonpb/encode.go:67.56,69.3 1 0
github.cbhq.net/engineering/docstore/bsonpb/encode.go:71.50,73.3 1 0
github.cbhq.net/engineering/docstore/bsonpb/encode.go:78.97,84.19 4 1
github.cbhq.net/engineering/docstore/bsonpb/encode.go:88.2,88.29 1 1
github.cbhq.net/engineering/docstore/bsonpb/encode.go:114.2,114.17 1 1
github.cbhq.net/engineering/docstore/bsonpb/encode.go:84.19,86.3 1 0
github.cbhq.net/engineering/docstore/bsonpb/encode.go:88.29,90.44 2 1
github.cbhq.net/engineering/docstore/bsonpb/encode.go:100.3,102.17 2 1
github.cbhq.net/engineering/docstore/bsonpb/encode.go:107.3,108.17 2 1
github.cbhq.net/engineering/docstore/bsonpb/encode.go:111.3,111.42 1 1
github.cbhq.net/engineering/docstore/bsonpb/encode.go:90.44,93.17 3 1
github.cbhq.net/engineering/docstore/bsonpb/encode.go:93.17,94.13 1 1
github.cbhq.net/engineering/docstore/bsonpb/encode.go:96.9,98.4 1 1
github.cbhq.net/engineering/docstore/bsonpb/encode.go:102.17,104.12 1 1
github.cbhq.net/engineering/docstore/bsonpb/encode.go:108.17,110.4 1 0
github.cbhq.net/engineering/docstore/bsonpb/encode.go:117.74,119.9 2 1
github.cbhq.net/engineering/docstore/bsonpb/encode.go:127.2,127.13 1 1
github.cbhq.net/engineering/docstore/bsonpb/encode.go:120.24,121.23 1 1
github.cbhq.net/engineering/docstore/bsonpb/encode.go:122.43,123.37 1 0
github.cbhq.net/engineering/docstore/bsonpb/encode.go:124.10,125.27 1 0
github.cbhq.net/engineering/docstore/bsonpb/encode.go:130.108,131.9 1 1
github.cbhq.net/engineering/docstore/bsonpb/encode.go:132.19,135.33 3 1
github.cbhq.net/engineering/docstore/bsonpb/encode.go:142.3,142.31 1 1
github.cbhq.net/engineering/docstore/bsonpb/encode.go:143.18,151.67 6 1
github.cbhq.net/engineering/docstore/bsonpb/encode.go:155.3,155.43 1 1
github.cbhq.net/engineering/docstore/bsonpb/encode.go:170.3,171.31 2 1
github.cbhq.net/engineering/docstore/bsonpb/encode.go:179.3,179.34 1 1
github.cbhq.net/engineering/docstore/bsonpb/encode.go:180.10,181.35 1 1
github.cbhq.net/engineering/docstore/bsonpb/encode.go:135.33,137.18 2 1
github.cbhq.net/engineering/docstore/bsonpb/encode.go:140.4,140.25 1 1
github.cbhq.net/engineering/docstore/bsonpb/encode.go:137.18,139.5 1 0
github.cbhq.net/engineering/docstore/bsonpb/encode.go:151.67,154.4 2 1
github.cbhq.net/engineering/docstore/bsonpb/encode.go:155.43,156.22 1 1
github.cbhq.net/engineering/docstore/bsonpb/encode.go:157.31,158.59 1 0
github.cbhq.net/engineering/docstore/bsonpb/encode.go:159.160,160.55 1 1
github.cbhq.net/engineering/docstore/bsonpb/encode.go:161.110,162.57 1 0
github.cbhq.net/engineering/docstore/bsonpb/encode.go:163.33,164.61 1 1
github.cbhq.net/engineering/docstore/bsonpb/encode.go:165.12,166.26 1 0
github.cbhq.net/engineering/docstore/bsonpb/encode.go:171.31,173.18 2 1
github.cbhq.net/engineering/docstore/bsonpb/encode.go:176.4,176.42 1 1
github.cbhq.net/engineering/docstore/bsonpb/encode.go:173.18,175.5 1 0
github.cbhq.net/engineering/docstore/bsonpb/encode.go:184.114,185.9 1 1
github.cbhq.net/engineering/docstore/bsonpb/encode.go:186.20,187.27 1 0
github.cbhq.net/engineering/docstore/bsonpb/encode.go:188.24,189.58 1 1
github.cbhq.net/engineering/docstore/bsonpb/encode.go:192.3,192.43 1 1
github.cbhq.net/engineering/docstore/bsonpb/encode.go:193.27,199.39 4 1
github.cbhq.net/engineering/docstore/bsonpb/encode.go:223.10,224.37 1 1
github.cbhq.net/engineering/docstore/bsonpb/encode.go:189.58,191.4 1 0
github.cbhq.net/engineering/docstore/bsonpb/encode.go:200.24,203.18 3 1
github.cbhq.net/engineering/docstore/bsonpb/encode.go:206.4,206.34 1 1
github.cbhq.net/engineering/docstore/bsonpb/encode.go:207.20,210.37 3 1
github.cbhq.net/engineering/docstore/bsonpb/encode.go:213.4,214.29 2 1
github.cbhq.net/engineering/docstore/bsonpb/encode.go:215.11,217.18 2 1
github.cbhq.net/engineering/docstore/bsonpb/encode.go:220.4,220.35 1 1
github.cbhq.net/engineering/docstore/bsonpb/encode.go:203.18,205.5 1 0
github.cbhq.net/engineering/docstore/bsonpb/encode.go:210.37,212.5 1 0
github.cbhq.net/engineering/docstore/bsonpb/encode.go:217.18,219.5 1 0
github.cbhq.net/engineering/docstore/bsonpb/encode.go:225.13,226.33 1 1
github.cbhq.net/engineering/docstore/bsonpb/encode.go:227.14,228.31 1 1
github.cbhq.net/engineering/docstore/bsonpb/encode.go:229.15,230.38 1 1
github.cbhq.net/engineering/docstore/bsonpb/encode.go:231.14,232.31 1 1
github.cbhq.net/engineering/docstore/bsonpb/encode.go:233.15,234.38 1 1
github.cbhq.net/engineering/docstore/bsonpb/encode.go:235.16,236.41 1 1
github.cbhq.net/engineering/docstore/bsonpb/encode.go:237.16,238.32 1 1
github.cbhq.net/engineering/docstore/bsonpb/encode.go:239.15,240.32 1 1
github.cbhq.net/engineering/docstore/bsonpb/encode.go:241.15,242.56 1 1
github.cbhq.net/engineering/docstore/bsonpb/encode.go:243.11,244.100 1 0
github.cbhq.net/engineering/docstore/bsonpb/encode.go:249.52,250.37 1 1
github.cbhq.net/engineering/docstore/bsonpb/encode.go:261.2,261.59 1 1
github.cbhq.net/engineering/docstore/bsonpb/encode.go:264.2,264.11 1 1
github.cbhq.net/engineering/docstore/bsonpb/encode.go:250.37,251.19 1 1
github.cbhq.net/engineering/docstore/bsonpb/encode.go:257.48,258.27 1 1
github.cbhq.net/engineering/docstore/bsonpb/encode.go:261.59,263.3 1 1
github.cbhq.net/engineering/docstore/bsonpb/encode.go:271.57,273.2 1 0
github.cbhq.net/engineering/docstore/bsonpb/encode.go:275.84,277.22 2 0
github.cbhq.net/engineering/docstore/bsonpb/encode.go:280.2,280.12 1 0
github.cbhq.net/engineering/docstore/bsonpb/encode.go:277.22,279.3 1 0
github.cbhq.net/engineering/docstore/bsonpb/encode.go:283.65,285.22 2 0
github.cbhq.net/engineering/docstore/bsonpb/encode.go:288.2,288.12 1 0
github.cbhq.net/engineering/docstore/bsonpb/encode.go:285.22,287.3 1 0
github.cbhq.net/engineering/docstore/bsonpb/options.go:9.46,10.30 1 0
github.cbhq.net/engineering/docstore/bsonpb/options.go:10.30,12.3 1 0
github.cbhq.net/engineering/docstore/bsonpb/options.go:19.46,20.30 1 0
github.cbhq.net/engineering/docstore/bsonpb/options.go:20.30,22.3 1 0
github.cbhq.net/engineering/docstore/bsonpb/options.go:32.13,35.2 2 1
github.cbhq.net/engineering/docstore/sdk/sdk.go:35.37,37.23 2 1
github.cbhq.net/engineering/docstore/sdk/sdk.go:43.2,43.12 1 1
github.cbhq.net/engineering/docstore/sdk/sdk.go:37.23,38.12 1 1
github.cbhq.net/engineering/docstore/sdk/sdk.go:41.3,41.46 1 1
github.cbhq.net/engineering/docstore/sdk/sdk.go:38.12,40.4 1 1
github.cbhq.net/engineering/docstore/sdk/sdk.go:48.133,49.23 1 0
github.cbhq.net/engineering/docstore/sdk/sdk.go:53.2,54.16 2 0
github.cbhq.net/engineering/docstore/sdk/sdk.go:58.2,59.29 2 0
github.cbhq.net/engineering/docstore/sdk/sdk.go:92.2,93.34 2 0
github.cbhq.net/engineering/docstore/sdk/sdk.go:104.2,105.16 2 0
github.cbhq.net/engineering/docstore/sdk/sdk.go:111.2,111.12 1 0
github.cbhq.net/engineering/docstore/sdk/sdk.go:49.23,51.3 1 0
github.cbhq.net/engineering/docstore/sdk/sdk.go:54.16,56.3 1 0
github.cbhq.net/engineering/docstore/sdk/sdk.go:59.29,61.17 2 0
github.cbhq.net/engineering/docstore/sdk/sdk.go:65.3,66.17 2 0
github.cbhq.net/engineering/docstore/sdk/sdk.go:70.3,73.24 3 0
github.cbhq.net/engineering/docstore/sdk/sdk.go:78.3,79.20 2 0
github.cbhq.net/engineering/docstore/sdk/sdk.go:83.3,84.20 2 0
github.cbhq.net/engineering/docstore/sdk/sdk.go:88.3,88.29 1 0
github.cbhq.net/engineering/docstore/sdk/sdk.go:61.17,63.4 1 0
github.cbhq.net/engineering/docstore/sdk/sdk.go:66.17,68.4 1 0
github.cbhq.net/engineering/docstore/sdk/sdk.go:73.24,76.4 2 0
github.cbhq.net/engineering/docstore/sdk/sdk.go:79.20,81.4 1 0
github.cbhq.net/engineering/docstore/sdk/sdk.go:84.20,86.4 1 0
github.cbhq.net/engineering/docstore/sdk/sdk.go:93.34,94.49 1 0
github.cbhq.net/engineering/docstore/sdk/sdk.go:94.49,97.19 3 0
github.cbhq.net/engineering/docstore/sdk/sdk.go:97.19,99.5 1 0
github.cbhq.net/engineering/docstore/sdk/sdk.go:100.9,102.4 1 0
github.cbhq.net/engineering/docstore/sdk/sdk.go:105.16,109.3 3 0
github.cbhq.net/engineering/docstore/sdk/sdk.go:114.54,116.23 2 1
github.cbhq.net/engineering/docstore/sdk/sdk.go:119.2,119.13 1 1
github.cbhq.net/engineering/docstore/sdk/sdk.go:116.23,118.3 1 1
github.cbhq.net/engineering/docstore/sdk/sdk.go:122.91,123.27 1 0
github.cbhq.net/engineering/docstore/sdk/sdk.go:127.2,128.36 2 0
github.cbhq.net/engineering/docstore/sdk/sdk.go:141.2,142.12 2 0
github.cbhq.net/engineering/docstore/sdk/sdk.go:123.27,125.3 1 0
github.cbhq.net/engineering/docstore/sdk/sdk.go:128.36,130.34 2 0
github.cbhq.net/engineering/docstore/sdk/sdk.go:134.3,138.31 2 0
github.cbhq.net/engineering/docstore/sdk/sdk.go:130.34,132.4 1 0
github.cbhq.net/engineering/docstore/sdk/sdk.go:150.36,152.31 2 0
github.cbhq.net/engineering/docstore/sdk/sdk.go:158.2,158.13 1 0
github.cbhq.net/engineering/docstore/sdk/sdk.go:162.2,164.40 2 0
github.cbhq.net/engineering/docstore/sdk/sdk.go:172.2,172.89 1 0
github.cbhq.net/engineering/docstore/sdk/sdk.go:152.31,153.17 1 0
github.cbhq.net/engineering/docstore/sdk/sdk.go:153.17,155.4 1 0
github.cbhq.net/engineering/docstore/sdk/sdk.go:158.13,160.3 1 0
github.cbhq.net/engineering/docstore/sdk/sdk.go:164.40,165.17 1 0
github.cbhq.net/engineering/docstore/sdk/sdk.go:169.3,169.42 1 0
github.cbhq.net/engineering/docstore/sdk/sdk.go:165.17,166.12 1 0
github.cbhq.net/engineering/docstore/sdk/sdk.go:176.35,177.31 1 0
github.cbhq.net/engineering/docstore/sdk/sdk.go:183.2,183.12 1 0
github.cbhq.net/engineering/docstore/sdk/sdk.go:177.31,178.17 1 0
github.cbhq.net/engineering/docstore/sdk/sdk.go:178.17,180.4 1 0
github.cbhq.net/engineering/docstore/sdk/sdk.go:194.56,195.19 1 0
github.cbhq.net/engineering/docstore/sdk/sdk.go:199.2,200.45 2 0
github.cbhq.net/engineering/docstore/sdk/sdk.go:195.19,197.3 1 0
github.cbhq.net/engineering/docstore/sdk/sdk.go:200.45,206.18 4 0
github.cbhq.net/engineering/docstore/sdk/sdk.go:219.3,223.4 1 0
github.cbhq.net/engineering/docstore/sdk/sdk.go:206.18,207.45 1 0
github.cbhq.net/engineering/docstore/sdk/sdk.go:207.45,208.20 1 0
github.cbhq.net/engineering/docstore/sdk/sdk.go:215.5,215.21 1 0
github.cbhq.net/engineering/docstore/sdk/sdk.go:208.20,213.6 1 0
github.cbhq.net/engineering/docstore/sdk/sdk.go:228.36,231.40 2 0
github.cbhq.net/engineering/docstore/sdk/sdk.go:243.2,243.26 1 0
github.cbhq.net/engineering/docstore/sdk/sdk.go:231.40,234.17 2 0
github.cbhq.net/engineering/docstore/sdk/sdk.go:240.3,240.13 1 0
github.cbhq.net/engineering/docstore/sdk/sdk.go:234.17,235.44 1 0
github.cbhq.net/engineering/docstore/sdk/sdk.go:235.44,237.5 1 0
github.cbhq.net/engineering/docstore/sdk/sdk.go:256.48,258.34 1 1
github.cbhq.net/engineering/docstore/sdk/sdk.go:260.2,262.45 3 1
github.cbhq.net/engineering/docstore/sdk/sdk.go:265.2,265.26 1 1
github.cbhq.net/engineering/docstore/sdk/sdk.go:258.34,258.59 1 1
github.cbhq.net/engineering/docstore/sdk/sdk.go:262.45,264.3 1 0
github.cbhq.net/engineering/docstore/sdk/sdk.go:268.49,270.29 2 0
github.cbhq.net/engineering/docstore/sdk/sdk.go:276.2,276.20 1 0
github.cbhq.net/engineering/docstore/sdk/sdk.go:270.29,272.23 2 0
github.cbhq.net/engineering/docstore/sdk/sdk.go:272.23,274.4 1 0
github.cbhq.net/engineering/docstore/sdk/stats.go:36.44,41.2 1 0
github.cbhq.net/engineering/docstore/sdk/stats.go:43.34,45.2 1 0
github.cbhq.net/engineering/docstore/sdk/stats.go:47.66,49.2 1 0
github.cbhq.net/engineering/docstore/sdk/stats.go:51.75,53.14 2 1
github.cbhq.net/engineering/docstore/sdk/stats.go:59.2,63.48 2 1
github.cbhq.net/engineering/docstore/sdk/stats.go:53.14,54.26 1 1
github.cbhq.net/engineering/docstore/sdk/stats.go:57.3,57.13 1 1
github.cbhq.net/engineering/docstore/sdk/stats.go:54.26,56.4 1 1
github.cbhq.net/engineering/docstore/sdk/stats.go:71.58,73.2 1 0
github.cbhq.net/engineering/docstore/sdk/stats.go:75.150,77.14 2 0
github.cbhq.net/engineering/docstore/sdk/stats.go:80.2,80.55 1 0
github.cbhq.net/engineering/docstore/sdk/stats.go:77.14,79.3 1 0
github.cbhq.net/engineering/docstore/sdk/stats.go:83.156,85.14 2 0
github.cbhq.net/engineering/docstore/sdk/stats.go:88.2,88.57 1 0
github.cbhq.net/engineering/docstore/sdk/stats.go:85.14,87.3 1 0
github.cbhq.net/engineering/docstore/sdk/stats.go:91.142,93.14 2 0
github.cbhq.net/engineering/docstore/sdk/stats.go:96.2,96.53 1 0
github.cbhq.net/engineering/docstore/sdk/stats.go:93.14,95.3 1 0
github.cbhq.net/engineering/docstore/sdk/stats.go:99.162,101.14 2 0
github.cbhq.net/engineering/docstore/sdk/stats.go:104.2,104.61 1 0
github.cbhq.net/engineering/docstore/sdk/stats.go:101.14,103.3 1 0
github.cbhq.net/engineering/docstore/sdk/stats.go:107.169,109.14 2 0
github.cbhq.net/engineering/docstore/sdk/stats.go:112.2,112.67 1 0
github.cbhq.net/engineering/docstore/sdk/stats.go:109.14,111.3 1 0
github.cbhq.net/engineering/docstore/sdk/stats.go:115.137,117.14 2 0
github.cbhq.net/engineering/docstore/sdk/stats.go:120.2,120.48 1 0
github.cbhq.net/engineering/docstore/sdk/stats.go:117.14,119.3 1 0
github.cbhq.net/engineering/docstore/sdk/stats.go:123.132,125.14 2 0
github.cbhq.net/engineering/docstore/sdk/stats.go:128.2,128.51 1 0
github.cbhq.net/engineering/docstore/sdk/stats.go:125.14,127.3 1 0
github.cbhq.net/engineering/docstore/sdk/stats.go:131.151,133.14 2 0
github.cbhq.net/engineering/docstore/sdk/stats.go:136.2,136.61 1 0
github.cbhq.net/engineering/docstore/sdk/stats.go:133.14,135.3 1 0
github.cbhq.net/engineering/docstore/sdk/stats.go:139.153,141.14 2 0
github.cbhq.net/engineering/docstore/sdk/stats.go:144.2,144.61 1 0
github.cbhq.net/engineering/docstore/sdk/stats.go:141.14,143.3 1 0
github.cbhq.net/engineering/docstore/sdk/stats.go:147.64,149.2 1 0
github.cbhq.net/engineering/docstore/sdk/stats.go:151.50,153.21 2 1
github.cbhq.net/engineering/docstore/sdk/stats.go:156.2,156.10 1 1
github.cbhq.net/engineering/docstore/sdk/stats.go:153.21,155.3 1 1
github.cbhq.net/engineering/docstore/sdk/stats.go:159.78,163.2 3 0
github.cbhq.net/engineering/docstore/sdk/encryption.go:35.36,37.16 2 0
github.cbhq.net/engineering/docstore/sdk/encryption.go:41.2,42.16 2 0
github.cbhq.net/engineering/docstore/sdk/encryption.go:46.2,51.27 1 0
github.cbhq.net/engineering/docstore/sdk/encryption.go:37.16,39.3 1 0
github.cbhq.net/engineering/docstore/sdk/encryption.go:42.16,44.3 1 0
github.cbhq.net/engineering/docstore/sdk/encryption.go:55.114,64.16 4 0
github.cbhq.net/engineering/docstore/sdk/encryption.go:67.2,69.36 2 0
github.cbhq.net/engineering/docstore/sdk/encryption.go:64.16,66.3 1 0
github.cbhq.net/engineering/docstore/sdk/encryption.go:79.44,92.16 2 0
github.cbhq.net/engineering/docstore/sdk/encryption.go:95.2,97.43 1 0
github.cbhq.net/engineering/docstore/sdk/encryption.go:107.2,111.16 3 0
github.cbhq.net/engineering/docstore/sdk/encryption.go:115.2,115.33 1 0
github.cbhq.net/engineering/docstore/sdk/encryption.go:92.16,94.3 1 0
github.cbhq.net/engineering/docstore/sdk/encryption.go:97.43,99.18 2 0
github.cbhq.net/engineering/docstore/sdk/encryption.go:103.4,103.14 1 0
github.cbhq.net/engineering/docstore/sdk/encryption.go:99.18,101.5 1 0
github.cbhq.net/engineering/docstore/sdk/encryption.go:111.16,113.3 1 0
github.cbhq.net/engineering/docstore/sdk/encryption.go:119.123,125.2 2 0
github.cbhq.net/engineering/docstore/sdk/encryption.go:140.32,142.2 1 0
github.cbhq.net/engineering/docstore/sdk/encryption.go:153.47,155.2 1 0
github.cbhq.net/engineering/docstore/sdk/iface.go:32.77,37.2 1 0
github.cbhq.net/engineering/docstore/sdk/iface.go:39.61,40.36 1 0
github.cbhq.net/engineering/docstore/sdk/iface.go:43.154,45.2 1 0
github.cbhq.net/engineering/docstore/sdk/iface.go:47.156,49.2 1 0
github.cbhq.net/engineering/docstore/sdk/iface.go:51.67,53.2 1 0
github.cbhq.net/engineering/docstore/sdk/objectid.go:8.61,10.16 2 1
github.cbhq.net/engineering/docstore/sdk/objectid.go:13.2,13.38 1 1
github.cbhq.net/engineering/docstore/sdk/objectid.go:10.16,12.3 1 1
github.cbhq.net/engineering/docstore/sdk/objectid.go:16.68,18.2 1 1
github.cbhq.net/engineering/docstore/sdk/options.go:28.82,36.2 1 0
github.cbhq.net/engineering/docstore/sdk/options.go:43.51,48.26 2 1
github.cbhq.net/engineering/docstore/sdk/options.go:52.2,52.21 1 1
github.cbhq.net/engineering/docstore/sdk/options.go:48.26,50.3 1 0
github.cbhq.net/engineering/docstore/sdk/options.go:57.57,58.29 1 1
github.cbhq.net/engineering/docstore/sdk/options.go:58.29,60.3 1 1
github.cbhq.net/engineering/docstore/sdk/options.go:64.49,65.29 1 0
github.cbhq.net/engineering/docstore/sdk/options.go:65.29,67.3 1 0
github.cbhq.net/engineering/docstore/sdk/options.go:71.50,72.29 1 0
github.cbhq.net/engineering/docstore/sdk/options.go:72.29,74.3 1 0
github.cbhq.net/engineering/docstore/sdk/options.go:82.39,83.29 1 0
github.cbhq.net/engineering/docstore/sdk/options.go:83.29,85.3 1 0
github.cbhq.net/engineering/docstore/sdk/options.go:88.56,89.29 1 0
github.cbhq.net/engineering/docstore/sdk/options.go:89.29,91.3 1 0
github.cbhq.net/engineering/docstore/sdk/options.go:96.38,96.39 0 0
github.cbhq.net/engineering/docstore/sdk/options.go:97.38,97.39 0 0
github.cbhq.net/engineering/docstore/sdk/options.go:100.39,101.29 1 1
github.cbhq.net/engineering/docstore/sdk/options.go:101.29,103.31 1 1
github.cbhq.net/engineering/docstore/sdk/options.go:107.3,107.37 1 1
github.cbhq.net/engineering/docstore/sdk/options.go:103.31,105.4 1 1
github.cbhq.net/engineering/docstore/sdk/query.go:22.34,24.37 2 0
github.cbhq.net/engineering/docstore/sdk/query.go:36.2,36.12 1 0
github.cbhq.net/engineering/docstore/sdk/query.go:24.37,27.25 3 0
github.cbhq.net/engineering/docstore/sdk/query.go:31.3,31.27 1 0
github.cbhq.net/engineering/docstore/sdk/query.go:34.3,34.21 1 0
github.cbhq.net/engineering/docstore/sdk/query.go:27.25,29.4 1 0
github.cbhq.net/engineering/docstore/sdk/query.go:31.27,33.4 1 0
github.cbhq.net/engineering/docstore/sdk/query.go:40.31,42.37 2 1
github.cbhq.net/engineering/docstore/sdk/query.go:54.2,54.13 1 1
github.cbhq.net/engineering/docstore/sdk/query.go:42.37,44.25 2 1
github.cbhq.net/engineering/docstore/sdk/query.go:48.3,48.17 1 1
github.cbhq.net/engineering/docstore/sdk/query.go:51.3,51.22 1 1
github.cbhq.net/engineering/docstore/sdk/query.go:44.25,45.9 1 1
github.cbhq.net/engineering/docstore/sdk/query.go:48.17,50.4 1 1
github.cbhq.net/engineering/docstore/sdk/query.go:57.44,59.18 1 0
github.cbhq.net/engineering/docstore/sdk/query.go:64.2,65.16 2 0
github.cbhq.net/engineering/docstore/sdk/query.go:69.2,69.22 1 0
github.cbhq.net/engineering/docstore/sdk/query.go:59.18,61.3 1 0
github.cbhq.net/engineering/docstore/sdk/query.go:65.16,67.3 1 0
github.cbhq.net/engineering/docstore/sdk/query.go:76.49,78.2 1 0
github.cbhq.net/engineering/docstore/sdk/query.go:84.50,86.16 2 0
github.cbhq.net/engineering/docstore/sdk/query.go:90.2,91.16 2 0
github.cbhq.net/engineering/docstore/sdk/query.go:95.2,95.37 1 0
github.cbhq.net/engineering/docstore/sdk/query.go:86.16,88.3 1 0
github.cbhq.net/engineering/docstore/sdk/query.go:91.16,93.3 1 0
github.cbhq.net/engineering/docstore/modules/mongo/ast.go:93.34,95.2 1 1
github.cbhq.net/engineering/docstore/modules/mongo/ast.go:97.38,99.2 1 1
github.cbhq.net/engineering/docstore/modules/mongo/ast.go:101.37,103.2 1 1
github.cbhq.net/engineering/docstore/modules/mongo/ast.go:105.35,107.2 1 0
github.cbhq.net/engineering/docstore/modules/mongo/ast.go:109.33,115.49 6 1
github.cbhq.net/engineering/docstore/modules/mongo/ast.go:123.2,123.20 1 1
github.cbhq.net/engineering/docstore/modules/mongo/ast.go:115.49,117.31 2 0
github.cbhq.net/engineering/docstore/modules/mongo/ast.go:121.3,121.22 1 0
github.cbhq.net/engineering/docstore/modules/mongo/ast.go:117.31,120.4 2 0
github.cbhq.net/engineering/docstore/modules/mongo/ast.go:126.37,128.2 1 1
github.cbhq.net/engineering/docstore/modules/mongo/ast.go:130.42,132.2 1 1
github.cbhq.net/engineering/docstore/modules/mongo/ast.go:134.46,136.25 2 1
github.cbhq.net/engineering/docstore/modules/mongo/ast.go:139.2,139.12 1 1
github.cbhq.net/engineering/docstore/modules/mongo/ast.go:136.25,138.3 1 1
github.cbhq.net/engineering/docstore/modules/mongo/ast.go:142.50,144.2 1 1
github.cbhq.net/engineering/docstore/modules/mongo/ast.go:146.56,147.24 1 1
github.cbhq.net/engineering/docstore/modules/mongo/ast.go:152.2,152.14 1 1
github.cbhq.net/engineering/docstore/modules/mongo/ast.go:147.24,148.17 1 1
github.cbhq.net/engineering/docstore/modules/mongo/ast.go:148.17,150.4 1 1
github.cbhq.net/engineering/docstore/modules/mongo/ast.go:155.36,159.30 4 1
github.cbhq.net/engineering/docstore/modules/mongo/ast.go:164.2,166.20 2 1
github.cbhq.net/engineering/docstore/modules/mongo/ast.go:159.30,163.3 3 1
github.cbhq.net/engineering/docstore/modules/mongo/ast.go:169.39,171.53 2 1
github.cbhq.net/engineering/docstore/modules/mongo/ast.go:174.2,174.11 1 1
github.cbhq.net/engineering/docstore/modules/mongo/ast.go:171.53,173.3 1 1
github.cbhq.net/engineering/docstore/modules/mongo/ast.go:177.37,179.2 1 1
github.cbhq.net/engineering/docstore/modules/mongo/ast.go:181.38,183.32 2 1
github.cbhq.net/engineering/docstore/modules/mongo/ast.go:190.2,190.26 1 1
github.cbhq.net/engineering/docstore/modules/mongo/ast.go:193.2,193.12 1 1
github.cbhq.net/engineering/docstore/modules/mongo/ast.go:183.32,184.13 1 1
github.cbhq.net/engineering/docstore/modules/mongo/ast.go:187.3,187.16 1 1
github.cbhq.net/engineering/docstore/modules/mongo/ast.go:184.13,186.4 1 1
github.cbhq.net/engineering/docstore/modules/mongo/ast.go:190.26,192.3 1 1
github.cbhq.net/engineering/docstore/modules/mongo/ast.go:196.81,199.33 3 1
github.cbhq.net/engineering/docstore/modules/mongo/ast.go:202.2,202.15 1 1
github.cbhq.net/engineering/docstore/modules/mongo/ast.go:199.33,201.3 1 1
github.cbhq.net/engineering/docstore/modules/mongo/ast.go:215.40,217.17 2 1
github.cbhq.net/engineering/docstore/modules/mongo/ast.go:220.2,220.91 1 1
github.cbhq.net/engineering/docstore/modules/mongo/ast.go:217.17,219.3 1 1
github.cbhq.net/engineering/docstore/modules/mongo/ast.go:227.40,229.2 1 1
github.cbhq.net/engineering/docstore/modules/mongo/ast.go:237.36,242.27 3 1
github.cbhq.net/engineering/docstore/modules/mongo/ast.go:248.2,250.26 2 1
github.cbhq.net/engineering/docstore/modules/mongo/ast.go:260.2,260.20 1 1
github.cbhq.net/engineering/docstore/modules/mongo/ast.go:242.27,246.3 3 1
github.cbhq.net/engineering/docstore/modules/mongo/ast.go:250.26,252.32 2 1
github.cbhq.net/engineering/docstore/modules/mongo/ast.go:257.3,257.22 1 1
github.cbhq.net/engineering/docstore/modules/mongo/ast.go:252.32,256.4 3 1
github.cbhq.net/engineering/docstore/modules/mongo/ast.go:265.41,267.2 1 1
github.cbhq.net/engineering/docstore/modules/mongo/ast.go:273.44,275.2 1 1
github.cbhq.net/engineering/docstore/modules/mongo/ast.go:277.71,281.23 3 1
github.cbhq.net/engineering/docstore/modules/mongo/ast.go:288.2,288.12 1 1
github.cbhq.net/engineering/docstore/modules/mongo/ast.go:281.23,282.26 1 1
github.cbhq.net/engineering/docstore/modules/mongo/ast.go:285.3,285.74 1 1
github.cbhq.net/engineering/docstore/modules/mongo/ast.go:282.26,284.4 1 1
github.cbhq.net/engineering/docstore/modules/mongo/ast.go:291.65,293.2 1 1
github.cbhq.net/engineering/docstore/modules/mongo/ast.go:295.44,296.64 1 1
github.cbhq.net/engineering/docstore/modules/mongo/ast.go:296.64,298.3 1 1
github.cbhq.net/engineering/docstore/modules/mongo/ast.go:301.93,302.18 1 1
github.cbhq.net/engineering/docstore/modules/mongo/ast.go:306.2,306.23 1 1
github.cbhq.net/engineering/docstore/modules/mongo/ast.go:323.2,323.8 1 1
github.cbhq.net/engineering/docstore/modules/mongo/ast.go:302.18,304.3 1 0
github.cbhq.net/engineering/docstore/modules/mongo/ast.go:306.23,307.17 1 1
github.cbhq.net/engineering/docstore/modules/mongo/ast.go:308.28,315.100 3 1
github.cbhq.net/engineering/docstore/modules/mongo/ast.go:316.57,317.137 1 1
github.cbhq.net/engineering/docstore/modules/mongo/ast.go:318.11,319.97 1 1
github.cbhq.net/engineering/docstore/modules/mongo/ast.go:326.83,328.31 2 1
github.cbhq.net/engineering/docstore/modules/mongo/ast.go:335.2,335.42 1 1
github.cbhq.net/engineering/docstore/modules/mongo/ast.go:328.31,330.29 2 1
github.cbhq.net/engineering/docstore/modules/mongo/ast.go:330.29,332.4 1 1
github.cbhq.net/engineering/docstore/modules/mongo/ast.go:336.27,344.41 1 1
github.cbhq.net/engineering/docstore/modules/mongo/ast.go:345.56,349.28 1 1
github.cbhq.net/engineering/docstore/modules/mongo/ast.go:350.10,351.21 1 0
github.cbhq.net/engineering/docstore/modules/mongo/ast.go:355.36,357.2 1 1
github.cbhq.net/engineering/docstore/modules/mongo/ast.go:359.65,361.18 2 1
github.cbhq.net/engineering/docstore/modules/mongo/ast.go:398.2,398.14 1 1
github.cbhq.net/engineering/docstore/modules/mongo/ast.go:409.2,409.19 1 1
github.cbhq.net/engineering/docstore/modules/mongo/ast.go:361.18,364.32 2 1
github.cbhq.net/engineering/docstore/modules/mongo/ast.go:372.3,373.20 2 1
github.cbhq.net/engineering/docstore/modules/mongo/ast.go:395.3,395.21 1 1
github.cbhq.net/engineering/docstore/modules/mongo/ast.go:364.32,365.44 1 1
github.cbhq.net/engineering/docstore/modules/mongo/ast.go:365.44,367.5 1 1
github.cbhq.net/engineering/docstore/modules/mongo/ast.go:367.10,369.5 1 1
github.cbhq.net/engineering/docstore/modules/mongo/ast.go:374.28,377.30 3 1
github.cbhq.net/engineering/docstore/modules/mongo/ast.go:379.57,382.30 3 0
github.cbhq.net/engineering/docstore/modules/mongo/ast.go:384.11,385.25 1 1
github.cbhq.net/engineering/docstore/modules/mongo/ast.go:385.25,386.25 1 1
github.cbhq.net/engineering/docstore/modules/mongo/ast.go:386.25,388.6 1 1
github.cbhq.net/engineering/docstore/modules/mongo/ast.go:388.11,390.6 1 1
github.cbhq.net/engineering/docstore/modules/mongo/ast.go:391.10,393.5 1 1
github.cbhq.net/engineering/docstore/modules/mongo/ast.go:398.14,407.3 7 1
github.cbhq.net/engineering/docstore/modules/mongo/ast.go:410.27,417.21 3 1
github.cbhq.net/engineering/docstore/modules/mongo/ast.go:418.56,419.25 1 1
github.cbhq.net/engineering/docstore/modules/mongo/ast.go:425.10,426.24 1 1
github.cbhq.net/engineering/docstore/modules/mongo/ast.go:438.3,438.116 1 1
github.cbhq.net/engineering/docstore/modules/mongo/ast.go:419.25,421.4 1 1
github.cbhq.net/engineering/docstore/modules/mongo/ast.go:421.9,423.4 1 1
github.cbhq.net/engineering/docstore/modules/mongo/ast.go:426.24,428.24 2 1
github.cbhq.net/engineering/docstore/modules/mongo/ast.go:432.4,432.20 1 1
github.cbhq.net/engineering/docstore/modules/mongo/ast.go:436.4,436.135 1 1
github.cbhq.net/engineering/docstore/modules/mongo/ast.go:428.24,430.5 1 1
github.cbhq.net/engineering/docstore/modules/mongo/ast.go:432.20,434.5 1 1
github.cbhq.net/engineering/docstore/modules/mongo/ast.go:442.67,443.19 1 1
github.cbhq.net/engineering/docstore/modules/mongo/ast.go:447.2,447.57 1 1
github.cbhq.net/engineering/docstore/modules/mongo/ast.go:457.2,457.12 1 1
github.cbhq.net/engineering/docstore/modules/mongo/ast.go:492.2,492.12 1 0
github.cbhq.net/engineering/docstore/modules/mongo/ast.go:443.19,445.3 1 1
github.cbhq.net/engineering/docstore/modules/mongo/ast.go:447.57,449.26 2 1
github.cbhq.net/engineering/docstore/modules/mongo/ast.go:454.3,454.13 1 1
github.cbhq.net/engineering/docstore/modules/mongo/ast.go:449.26,450.39 1 1
github.cbhq.net/engineering/docstore/modules/mongo/ast.go:450.39,452.5 1 1
github.cbhq.net/engineering/docstore/modules/mongo/ast.go:458.15,464.5 1 1
github.cbhq.net/engineering/docstore/modules/mongo/ast.go:465.20,469.5 1 1
github.cbhq.net/engineering/docstore/modules/mongo/ast.go:470.24,481.5 1 1
github.cbhq.net/engineering/docstore/modules/mongo/ast.go:482.30,484.26 2 1
github.cbhq.net/engineering/docstore/modules/mongo/ast.go:489.3,489.13 1 1
github.cbhq.net/engineering/docstore/modules/mongo/ast.go:484.26,485.69 1 1
github.cbhq.net/engineering/docstore/modules/mongo/ast.go:485.69,487.5 1 1
github.cbhq.net/engineering/docstore/modules/mongo/ast.go:495.62,496.18 1 1
github.cbhq.net/engineering/docstore/modules/mongo/ast.go:499.2,500.86 2 1
github.cbhq.net/engineering/docstore/modules/mongo/ast.go:496.18,498.3 1 0
github.cbhq.net/engineering/docstore/modules/mongo/ast.go:503.55,505.2 1 1
github.cbhq.net/engineering/docstore/modules/mongo/ast.go:507.53,509.2 1 1
github.cbhq.net/engineering/docstore/modules/mongo/ast.go:511.59,513.29 2 1
github.cbhq.net/engineering/docstore/modules/mongo/ast.go:518.2,518.15 1 1
github.cbhq.net/engineering/docstore/modules/mongo/ast.go:522.2,524.24 3 1
github.cbhq.net/engineering/docstore/modules/mongo/ast.go:532.2,534.12 3 1
github.cbhq.net/engineering/docstore/modules/mongo/ast.go:513.29,514.33 1 1
github.cbhq.net/engineering/docstore/modules/mongo/ast.go:514.33,516.4 1 1
github.cbhq.net/engineering/docstore/modules/mongo/ast.go:518.15,519.59 1 0
github.cbhq.net/engineering/docstore/modules/mongo/ast.go:525.56,526.82 1 1
github.cbhq.net/engineering/docstore/modules/mongo/ast.go:527.30,528.88 1 1
github.cbhq.net/engineering/docstore/modules/mongo/ast.go:529.10,530.70 1 1
github.cbhq.net/engineering/docstore/modules/mongo/ast.go:537.88,539.27 2 1
github.cbhq.net/engineering/docstore/modules/mongo/ast.go:542.2,542.35 1 1
github.cbhq.net/engineering/docstore/modules/mongo/ast.go:545.2,545.32 1 1
github.cbhq.net/engineering/docstore/modules/mongo/ast.go:539.27,541.3 1 1
github.cbhq.net/engineering/docstore/modules/mongo/ast.go:542.35,544.3 1 0
github.cbhq.net/engineering/docstore/modules/mongo/ast.go:548.45,550.23 1 1
github.cbhq.net/engineering/docstore/modules/mongo/ast.go:554.2,554.38 1 1
github.cbhq.net/engineering/docstore/modules/mongo/ast.go:562.2,563.28 2 1
github.cbhq.net/engineering/docstore/modules/mongo/ast.go:582.2,583.19 2 1
github.cbhq.net/engineering/docstore/modules/mongo/ast.go:550.23,552.3 1 1
github.cbhq.net/engineering/docstore/modules/mongo/ast.go:554.38,560.3 5 1
github.cbhq.net/engineering/docstore/modules/mongo/ast.go:563.28,564.26 1 1
github.cbhq.net/engineering/docstore/modules/mongo/ast.go:564.26,566.45 2 1
github.cbhq.net/engineering/docstore/modules/mongo/ast.go:572.4,579.58 2 1
github.cbhq.net/engineering/docstore/modules/mongo/ast.go:566.45,571.5 1 1
github.cbhq.net/engineering/docstore/modules/mongo/ast.go:586.111,592.30 3 1
github.cbhq.net/engineering/docstore/modules/mongo/ast.go:596.2,608.14 4 1
github.cbhq.net/engineering/docstore/modules/mongo/ast.go:592.30,594.3 1 1
github.cbhq.net/engineering/docstore/modules/mongo/ast.go:612.101,614.30 2 1
github.cbhq.net/engineering/docstore/modules/mongo/ast.go:685.2,685.16 1 1
github.cbhq.net/engineering/docstore/modules/mongo/ast.go:614.30,621.53 5 1
github.cbhq.net/engineering/docstore/modules/mongo/ast.go:629.3,649.29 6 1
github.cbhq.net/engineering/docstore/modules/mongo/ast.go:621.53,625.4 1 1
github.cbhq.net/engineering/docstore/modules/mongo/ast.go:625.9,627.4 1 1
github.cbhq.net/engineering/docstore/modules/mongo/ast.go:649.29,661.33 6 1
github.cbhq.net/engineering/docstore/modules/mongo/ast.go:668.4,681.7 2 1
github.cbhq.net/engineering/docstore/modules/mongo/ast.go:661.33,667.5 3 1
github.cbhq.net/engineering/docstore/modules/mongo/ast.go:688.44,691.2 2 1
github.cbhq.net/engineering/docstore/modules/mongo/ast.go:693.47,698.52 4 1
github.cbhq.net/engineering/docstore/modules/mongo/ast.go:710.2,719.16 3 1
github.cbhq.net/engineering/docstore/modules/mongo/ast.go:756.2,756.18 1 1
github.cbhq.net/engineering/docstore/modules/mongo/ast.go:767.2,767.12 1 1
github.cbhq.net/engineering/docstore/modules/mongo/ast.go:698.52,708.3 2 1
github.cbhq.net/engineering/docstore/modules/mongo/ast.go:720.17,721.71 1 1
github.cbhq.net/engineering/docstore/modules/mongo/ast.go:723.31,737.4 3 1
github.cbhq.net/engineering/docstore/modules/mongo/ast.go:739.33,753.4 3 1
github.cbhq.net/engineering/docstore/modules/mongo/ast.go:756.18,765.3 1 1
github.cbhq.net/engineering/docstore/modules/mongo/ast.go:770.69,783.2 3 1
github.cbhq.net/engineering/docstore/modules/mongo/ast.go:785.51,788.2 2 1
github.cbhq.net/engineering/docstore/modules/mongo/ast.go:790.61,799.27 8 1
github.cbhq.net/engineering/docstore/modules/mongo/ast.go:803.2,803.12 1 1
github.cbhq.net/engineering/docstore/modules/mongo/ast.go:799.27,801.3 1 1
github.cbhq.net/engineering/docstore/modules/mongo/ast.go:806.58,808.2 1 1
github.cbhq.net/engineering/docstore/modules/mongo/ast.go:810.54,812.2 1 1
github.cbhq.net/engineering/docstore/modules/mongo/ast.go:814.80,816.17 1 1
github.cbhq.net/engineering/docstore/modules/mongo/ast.go:817.83,818.82 1 1
github.cbhq.net/engineering/docstore/modules/mongo/ast.go:819.27,826.4 1 1
github.cbhq.net/engineering/docstore/modules/mongo/ast.go:827.56,830.4 1 1
github.cbhq.net/engineering/docstore/modules/mongo/ast.go:831.10,832.53 1 1
github.cbhq.net/engineering/docstore/modules/mongo/ast.go:836.85,862.2 5 1
github.cbhq.net/engineering/docstore/modules/mongo/ast.go:865.78,867.27 2 1
github.cbhq.net/engineering/docstore/modules/mongo/ast.go:941.2,941.13 1 1
github.cbhq.net/engineering/docstore/modules/mongo/ast.go:867.27,900.36 5 1
github.cbhq.net/engineering/docstore/modules/mongo/ast.go:937.3,938.26 2 1
github.cbhq.net/engineering/docstore/modules/mongo/ast.go:900.36,901.37 1 1
github.cbhq.net/engineering/docstore/modules/mongo/ast.go:901.37,906.18 3 1
github.cbhq.net/engineering/docstore/modules/mongo/ast.go:917.5,917.20 1 1
github.cbhq.net/engineering/docstore/modules/mongo/ast.go:923.5,933.26 2 1
github.cbhq.net/engineering/docstore/modules/mongo/ast.go:906.18,907.26 1 1
github.cbhq.net/engineering/docstore/modules/mongo/ast.go:907.26,911.7 3 1
github.cbhq.net/engineering/docstore/modules/mongo/ast.go:911.12,912.106 1 0
github.cbhq.net/engineering/docstore/modules/mongo/ast.go:917.20,921.6 3 1
github.cbhq.net/engineering/docstore/modules/mongo/ast.go:950.14,966.30 11 1
github.cbhq.net/engineering/docstore/modules/mongo/ast.go:985.2,1006.3 1 1
github.cbhq.net/engineering/docstore/modules/mongo/ast.go:966.30,973.32 5 1
github.cbhq.net/engineering/docstore/modules/mongo/ast.go:977.3,980.17 3 1
github.cbhq.net/engineering/docstore/modules/mongo/ast.go:973.32,975.4 1 1
github.cbhq.net/engineering/docstore/modules/mongo/ast.go:980.17,981.57 1 0
github.cbhq.net/engineering/docstore/modules/mongo/ast.go:1012.35,1015.27 2 1
github.cbhq.net/engineering/docstore/modules/mongo/ast.go:1061.2,1061.36 1 1
github.cbhq.net/engineering/docstore/modules/mongo/ast.go:1015.27,1021.20 4 1
github.cbhq.net/engineering/docstore/modules/mongo/ast.go:1049.3,1049.40 1 1
github.cbhq.net/engineering/docstore/modules/mongo/ast.go:1053.3,1053.42 1 1
github.cbhq.net/engineering/docstore/modules/mongo/ast.go:1021.20,1024.17 2 1
github.cbhq.net/engineering/docstore/modules/mongo/ast.go:1038.4,1038.40 1 1
github.cbhq.net/engineering/docstore/modules/mongo/ast.go:1044.4,1044.20 1 1
github.cbhq.net/engineering/docstore/modules/mongo/ast.go:1024.17,1027.57 2 0
github.cbhq.net/engineering/docstore/modules/mongo/ast.go:1031.5,1035.6 1 0
github.cbhq.net/engineering/docstore/modules/mongo/ast.go:1027.57,1029.6 1 0
github.cbhq.net/engineering/docstore/modules/mongo/ast.go:1038.40,1040.5 1 1
github.cbhq.net/engineering/docstore/modules/mongo/ast.go:1040.10,1042.5 1 1
github.cbhq.net/engineering/docstore/modules/mongo/ast.go:1044.20,1046.5 1 1
github.cbhq.net/engineering/docstore/modules/mongo/ast.go:1049.40,1051.4 1 1
github.cbhq.net/engineering/docstore/modules/mongo/ast.go:1053.42,1058.4 3 1
github.cbhq.net/engineering/docstore/modules/mongo/ast.go:1069.108,1087.28 4 1
github.cbhq.net/engineering/docstore/modules/mongo/ast.go:1107.2,1117.25 3 1
github.cbhq.net/engineering/docstore/modules/mongo/ast.go:1135.2,1138.27 2 1
github.cbhq.net/engineering/docstore/modules/mongo/ast.go:1142.2,1156.27 2 1
github.cbhq.net/engineering/docstore/modules/mongo/ast.go:1168.2,1195.29 2 1
github.cbhq.net/engineering/docstore/modules/mongo/ast.go:1203.2,1214.14 2 1
github.cbhq.net/engineering/docstore/modules/mongo/ast.go:1087.28,1105.3 1 1
github.cbhq.net/engineering/docstore/modules/mongo/ast.go:1117.25,1119.26 2 1
github.cbhq.net/engineering/docstore/modules/mongo/ast.go:1122.3,1132.4 1 1
github.cbhq.net/engineering/docstore/modules/mongo/ast.go:1119.26,1121.4 1 1
github.cbhq.net/engineering/docstore/modules/mongo/ast.go:1138.27,1140.3 1 1
github.cbhq.net/engineering/docstore/modules/mongo/ast.go:1156.27,1166.3 2 1
github.cbhq.net/engineering/docstore/modules/mongo/ast.go:1195.29,1201.3 1 1
github.cbhq.net/engineering/docstore/modules/mongo/ast.go:1217.64,1219.13 2 1
github.cbhq.net/engineering/docstore/modules/mongo/ast.go:1223.2,1223.63 1 1
github.cbhq.net/engineering/docstore/modules/mongo/ast.go:1219.13,1221.3 1 1
github.cbhq.net/engineering/docstore/modules/mongo/ast.go:1226.70,1228.13 2 1
github.cbhq.net/engineering/docstore/modules/mongo/ast.go:1232.2,1232.74 1 1
github.cbhq.net/engineering/docstore/modules/mongo/ast.go:1228.13,1230.3 1 0
github.cbhq.net/engineering/docstore/modules/mongo/encryption.go:22.70,31.30 3 1
github.cbhq.net/engineering/docstore/modules/mongo/encryption.go:35.2,35.16 1 1
github.cbhq.net/engineering/docstore/modules/mongo/encryption.go:31.30,33.3 1 1
github.cbhq.net/engineering/docstore/modules/mongo/encryption.go:39.97,41.2 1 1
github.cbhq.net/engineering/docstore/modules/mongo/encryption.go:44.55,51.45 4 1
github.cbhq.net/engineering/docstore/modules/mongo/encryption.go:73.2,73.43 1 1
github.cbhq.net/engineering/docstore/modules/mongo/encryption.go:51.45,55.40 3 1
github.cbhq.net/engineering/docstore/modules/mongo/encryption.go:55.40,56.31 1 1
github.cbhq.net/engineering/docstore/modules/mongo/encryption.go:60.4,60.27 1 1
github.cbhq.net/engineering/docstore/modules/mongo/encryption.go:64.4,66.50 2 1
github.cbhq.net/engineering/docstore/modules/mongo/encryption.go:69.4,69.50 1 1
github.cbhq.net/engineering/docstore/modules/mongo/encryption.go:56.31,58.5 1 1
github.cbhq.net/engineering/docstore/modules/mongo/encryption.go:60.27,61.13 1 1
github.cbhq.net/engineering/docstore/modules/mongo/encryption.go:66.50,68.5 1 1
github.cbhq.net/engineering/docstore/modules/mongo/encryption.go:73.43,81.3 2 1
github.cbhq.net/engineering/docstore/modules/mongo/encryption.go:84.54,85.43 1 1
github.cbhq.net/engineering/docstore/modules/mongo/encryption.go:91.2,91.14 1 1
github.cbhq.net/engineering/docstore/modules/mongo/encryption.go:85.43,86.22 1 1
github.cbhq.net/engineering/docstore/modules/mongo/encryption.go:86.22,88.4 1 1
github.cbhq.net/engineering/docstore/modules/mongo/encryption.go:99.12,105.50 3 1
github.cbhq.net/engineering/docstore/modules/mongo/encryption.go:115.2,115.39 1 1
github.cbhq.net/engineering/docstore/modules/mongo/encryption.go:146.2,146.15 1 1
github.cbhq.net/engineering/docstore/modules/mongo/encryption.go:105.50,107.17 2 1
github.cbhq.net/engineering/docstore/modules/mongo/encryption.go:111.3,111.35 1 1
github.cbhq.net/engineering/docstore/modules/mongo/encryption.go:107.17,109.4 1 1
github.cbhq.net/engineering/docstore/modules/mongo/encryption.go:115.39,118.82 2 1
github.cbhq.net/engineering/docstore/modules/mongo/encryption.go:124.3,124.52 1 1
github.cbhq.net/engineering/docstore/modules/mongo/encryption.go:118.82,119.35 1 1
github.cbhq.net/engineering/docstore/modules/mongo/encryption.go:119.35,120.13 1 1
github.cbhq.net/engineering/docstore/modules/mongo/encryption.go:124.52,126.27 2 1
github.cbhq.net/engineering/docstore/modules/mongo/encryption.go:130.4,131.11 2 1
github.cbhq.net/engineering/docstore/modules/mongo/encryption.go:135.4,136.18 2 1
github.cbhq.net/engineering/docstore/modules/mongo/encryption.go:141.4,142.41 2 1
github.cbhq.net/engineering/docstore/modules/mongo/encryption.go:126.27,127.13 1 0
github.cbhq.net/engineering/docstore/modules/mongo/encryption.go:131.11,132.13 1 1
github.cbhq.net/engineering/docstore/modules/mongo/encryption.go:136.18,138.5 1 1
github.cbhq.net/engineering/docstore/modules/mongo/encryption.go:149.49,151.2 1 1
github.cbhq.net/engineering/docstore/modules/mongo/encryption.go:153.64,154.51 1 1
github.cbhq.net/engineering/docstore/modules/mongo/encryption.go:158.2,158.40 1 1
github.cbhq.net/engineering/docstore/modules/mongo/encryption.go:154.51,156.3 1 0
github.cbhq.net/engineering/docstore/modules/mongo/encryption.go:161.46,163.2 1 1
github.cbhq.net/engineering/docstore/modules/mongo/encryption.go:165.65,166.20 1 1
github.cbhq.net/engineering/docstore/modules/mongo/encryption.go:170.2,172.22 3 1
github.cbhq.net/engineering/docstore/modules/mongo/encryption.go:166.20,168.3 1 0
github.cbhq.net/engineering/docstore/modules/mongo/encryption.go:175.48,177.2 1 1
github.cbhq.net/engineering/docstore/modules/mongo/encryption.go:179.71,181.20 2 1
github.cbhq.net/engineering/docstore/modules/mongo/encryption.go:185.2,187.59 2 1
github.cbhq.net/engineering/docstore/modules/mongo/encryption.go:191.2,191.12 1 0
github.cbhq.net/engineering/docstore/modules/mongo/encryption.go:181.20,183.3 1 0
github.cbhq.net/engineering/docstore/modules/mongo/encryption.go:187.59,189.3 1 1
github.cbhq.net/engineering/docstore/modules/mongo/encryption.go:197.26,198.31 1 1
github.cbhq.net/engineering/docstore/modules/mongo/encryption.go:202.2,252.81 7 1
github.cbhq.net/engineering/docstore/modules/mongo/encryption.go:198.31,200.3 1 1
github.cbhq.net/engineering/docstore/modules/mongo/encryption.go:256.73,280.4 4 1
github.cbhq.net/engineering/docstore/modules/mongo/encryption.go:330.2,330.14 1 1
github.cbhq.net/engineering/docstore/modules/mongo/encryption.go:280.4,297.34 4 1
github.cbhq.net/engineering/docstore/modules/mongo/encryption.go:309.3,327.4 1 1
github.cbhq.net/engineering/docstore/modules/mongo/encryption.go:297.34,306.4 1 1
github.cbhq.net/engineering/docstore/modules/mongo/encryption.go:333.69,335.2 1 1
github.cbhq.net/engineering/docstore/modules/mongo/init.go:20.49,26.79 3 1
github.cbhq.net/engineering/docstore/modules/mongo/init.go:32.2,32.48 1 1
github.cbhq.net/engineering/docstore/modules/mongo/init.go:37.2,37.57 1 1
github.cbhq.net/engineering/docstore/modules/mongo/init.go:42.2,42.63 1 1
github.cbhq.net/engineering/docstore/modules/mongo/init.go:47.2,50.53 4 1
github.cbhq.net/engineering/docstore/modules/mongo/init.go:58.2,58.25 1 1
github.cbhq.net/engineering/docstore/modules/mongo/init.go:64.2,64.28 1 1
github.cbhq.net/engineering/docstore/modules/mongo/init.go:71.2,71.10 1 1
github.cbhq.net/engineering/docstore/modules/mongo/init.go:26.79,27.30 1 1
github.cbhq.net/engineering/docstore/modules/mongo/init.go:27.30,30.4 2 1
github.cbhq.net/engineering/docstore/modules/mongo/init.go:32.48,33.30 1 1
github.cbhq.net/engineering/docstore/modules/mongo/init.go:33.30,35.4 1 1
github.cbhq.net/engineering/docstore/modules/mongo/init.go:37.57,38.36 1 1
github.cbhq.net/engineering/docstore/modules/mongo/init.go:38.36,40.4 1 1
github.cbhq.net/engineering/docstore/modules/mongo/init.go:42.63,43.40 1 1
github.cbhq.net/engineering/docstore/modules/mongo/init.go:43.40,45.4 1 0
github.cbhq.net/engineering/docstore/modules/mongo/init.go:50.53,54.3 3 1
github.cbhq.net/engineering/docstore/modules/mongo/init.go:58.25,60.32 2 1
github.cbhq.net/engineering/docstore/modules/mongo/init.go:60.32,62.4 1 1
github.cbhq.net/engineering/docstore/modules/mongo/init.go:64.28,66.35 2 1
github.cbhq.net/engineering/docstore/modules/mongo/init.go:66.35,68.4 1 1
github.cbhq.net/engineering/docstore/modules/mongo/init.go:81.49,86.2 4 1
github.cbhq.net/engineering/docstore/modules/mongo/init.go:98.61,103.33 5 1
github.cbhq.net/engineering/docstore/modules/mongo/init.go:106.2,106.10 1 1
github.cbhq.net/engineering/docstore/modules/mongo/init.go:103.33,105.3 1 1
github.cbhq.net/engineering/docstore/modules/mongo/init.go:110.54,116.17 3 1
github.cbhq.net/engineering/docstore/modules/mongo/init.go:126.2,126.16 1 1
github.cbhq.net/engineering/docstore/modules/mongo/init.go:116.17,119.69 3 0
github.cbhq.net/engineering/docstore/modules/mongo/init.go:123.3,124.12 2 0
github.cbhq.net/engineering/docstore/modules/mongo/init.go:119.69,122.4 2 0
github.cbhq.net/engineering/docstore/modules/mongo/init.go:133.69,136.2 2 0
github.cbhq.net/engineering/docstore/modules/mongo/mongo.go:40.51,45.2 2 1
github.cbhq.net/engineering/docstore/modules/mongo/mongo.go:47.57,48.30 1 1
github.cbhq.net/engineering/docstore/modules/mongo/mongo.go:66.2,67.12 2 1
github.cbhq.net/engineering/docstore/modules/mongo/mongo.go:48.30,50.32 2 1
github.cbhq.net/engineering/docstore/modules/mongo/mongo.go:57.3,57.42 1 1
github.cbhq.net/engineering/docstore/modules/mongo/mongo.go:50.32,51.68 1 1
github.cbhq.net/engineering/docstore/modules/mongo/mongo.go:51.68,53.10 2 1
github.cbhq.net/engineering/docstore/modules/mongo/mongo.go:57.42,61.49 3 1
github.cbhq.net/engineering/docstore/modules/mongo/mongo.go:61.49,63.5 1 1
github.cbhq.net/engineering/docstore/modules/mongo/mongo.go:70.90,77.34 5 1
github.cbhq.net/engineering/docstore/modules/mongo/mongo.go:143.2,153.16 4 1
github.cbhq.net/engineering/docstore/modules/mongo/mongo.go:157.2,158.16 2 1
github.cbhq.net/engineering/docstore/modules/mongo/mongo.go:162.2,163.16 2 1
github.cbhq.net/engineering/docstore/modules/mongo/mongo.go:167.2,167.12 1 1
github.cbhq.net/engineering/docstore/modules/mongo/mongo.go:77.34,79.55 2 1
github.cbhq.net/engineering/docstore/modules/mongo/mongo.go:79.55,82.11 3 1
github.cbhq.net/engineering/docstore/modules/mongo/mongo.go:86.4,88.58 2 1
github.cbhq.net/engineering/docstore/modules/mongo/mongo.go:92.4,95.41 3 1
github.cbhq.net/engineering/docstore/modules/mongo/mongo.go:116.4,123.28 5 1
github.cbhq.net/engineering/docstore/modules/mongo/mongo.go:127.4,139.43 2 1
github.cbhq.net/engineering/docstore/modules/mongo/mongo.go:82.11,84.5 1 0
github.cbhq.net/engineering/docstore/modules/mongo/mongo.go:88.58,90.5 1 1
github.cbhq.net/engineering/docstore/modules/mongo/mongo.go:95.41,101.35 3 1
github.cbhq.net/engineering/docstore/modules/mongo/mongo.go:106.5,114.39 2 1
github.cbhq.net/engineering/docstore/modules/mongo/mongo.go:101.35,104.6 2 1
github.cbhq.net/engineering/docstore/modules/mongo/mongo.go:123.28,125.5 1 1
github.cbhq.net/engineering/docstore/modules/mongo/mongo.go:153.16,155.3 1 0
github.cbhq.net/engineering/docstore/modules/mongo/mongo.go:158.16,160.3 1 0
github.cbhq.net/engineering/docstore/modules/mongo/mongo.go:163.16,165.3 1 0
github.cbhq.net/engineering/docstore/modules/mongo/mongo.go:170.107,173.31 2 1
github.cbhq.net/engineering/docstore/modules/mongo/mongo.go:179.2,179.21 1 1
github.cbhq.net/engineering/docstore/modules/mongo/mongo.go:183.2,183.12 1 1
github.cbhq.net/engineering/docstore/modules/mongo/mongo.go:173.31,174.50 1 1
github.cbhq.net/engineering/docstore/modules/mongo/mongo.go:174.50,176.4 1 1
github.cbhq.net/engineering/docstore/modules/mongo/mongo.go:179.21,181.3 1 1
github.cbhq.net/engineering/docstore/modules/mongo/mongo.go:186.85,205.2 4 1
github.cbhq.net/engineering/docstore/modules/mongo/mongo.go:240.44,241.17 1 1
github.cbhq.net/engineering/docstore/modules/mongo/mongo.go:244.2,244.15 1 1
github.cbhq.net/engineering/docstore/modules/mongo/mongo.go:241.17,243.3 1 0
github.cbhq.net/engineering/docstore/modules/mongo/mongo.go:247.39,248.42 1 1
github.cbhq.net/engineering/docstore/modules/mongo/mongo.go:260.2,262.23 2 1
github.cbhq.net/engineering/docstore/modules/mongo/mongo.go:281.2,281.11 1 1
github.cbhq.net/engineering/docstore/modules/mongo/mongo.go:248.42,251.31 3 1
github.cbhq.net/engineering/docstore/modules/mongo/mongo.go:257.3,257.14 1 1
github.cbhq.net/engineering/docstore/modules/mongo/mongo.go:251.31,252.33 1 1
github.cbhq.net/engineering/docstore/modules/mongo/mongo.go:252.33,255.5 2 1
github.cbhq.net/engineering/docstore/modules/mongo/mongo.go:262.23,272.29 5 1
github.cbhq.net/engineering/docstore/modules/mongo/mongo.go:278.3,279.21 2 1
github.cbhq.net/engineering/docstore/modules/mongo/mongo.go:272.29,274.27 2 1
github.cbhq.net/engineering/docstore/modules/mongo/mongo.go:274.27,276.5 1 1
github.cbhq.net/engineering/docstore/modules/mongo/mongo.go:284.41,286.35 1 1
github.cbhq.net/engineering/docstore/modules/mongo/mongo.go:286.35,288.3 1 1
github.cbhq.net/engineering/docstore/modules/mongo/mongo.go:291.60,293.2 1 1
github.cbhq.net/engineering/docstore/modules/mongo/mongo.go:295.40,297.2 1 1
github.cbhq.net/engineering/docstore/modules/mongo/mongo.go:299.47,301.2 1 1
github.cbhq.net/engineering/docstore/modules/mongo/mongo.go:303.45,305.2 1 1
github.cbhq.net/engineering/docstore/modules/mongo/mongo.go:307.35,309.2 1 1
github.cbhq.net/engineering/docstore/modules/mongo/mongo.go:311.46,313.2 1 1
github.cbhq.net/engineering/docstore/modules/mongo/mongo.go:315.50,317.2 1 1
github.cbhq.net/engineering/docstore/modules/mongo/mongo.go:319.48,321.2 1 1
github.cbhq.net/engineering/docstore/modules/mongo/mongo.go:323.53,325.2 1 0
github.cbhq.net/engineering/docstore/modules/mongo/mongo.go:327.52,330.2 2 1
github.cbhq.net/engineering/docstore/modules/mongo/mongo.go:332.37,334.2 1 1
github.cbhq.net/engineering/docstore/modules/mongo/mongo.go:336.77,337.20 1 1
github.cbhq.net/engineering/docstore/modules/mongo/mongo.go:357.2,357.88 1 0
github.cbhq.net/engineering/docstore/modules/mongo/mongo.go:338.16,340.12 2 1
github.cbhq.net/engineering/docstore/modules/mongo/mongo.go:343.3,347.30 2 1
github.cbhq.net/engineering/docstore/modules/mongo/mongo.go:348.16,353.25 2 1
github.cbhq.net/engineering/docstore/modules/mongo/mongo.go:354.27,355.12 1 1
github.cbhq.net/engineering/docstore/modules/mongo/mongo.go:340.12,342.4 1 1
github.cbhq.net/engineering/docstore/modules/mongo/mongo.go:360.47,361.20 1 1
github.cbhq.net/engineering/docstore/modules/mongo/mongo.go:369.2,369.88 1 0
github.cbhq.net/engineering/docstore/modules/mongo/mongo.go:362.16,363.14 1 1
github.cbhq.net/engineering/docstore/modules/mongo/mongo.go:364.16,365.15 1 1
github.cbhq.net/engineering/docstore/modules/mongo/mongo.go:366.27,367.15 1 1
github.cbhq.net/engineering/docstore/modules/mongo/mongo.go:372.43,373.20 1 1
github.cbhq.net/engineering/docstore/modules/mongo/mongo.go:381.2,381.88 1 0
github.cbhq.net/engineering/docstore/modules/mongo/mongo.go:374.16,375.23 1 1
github.cbhq.net/engineering/docstore/modules/mongo/mongo.go:376.16,377.38 1 1
github.cbhq.net/engineering/docstore/modules/mongo/mongo.go:378.27,379.62 1 1
github.cbhq.net/engineering/docstore/modules/mongo/mongo.go:394.51,396.2 1 1
github.cbhq.net/engineering/docstore/modules/mongo/mongo.go:398.56,399.37 1 1
github.cbhq.net/engineering/docstore/modules/mongo/mongo.go:399.37,401.3 1 1
github.cbhq.net/engineering/docstore/modules/mongo/mongo.go:401.8,403.3 1 1
github.cbhq.net/engineering/docstore/modules/mongo/mongo.go:406.43,407.14 1 1
github.cbhq.net/engineering/docstore/modules/mongo/mongo.go:410.2,410.45 1 0
github.cbhq.net/engineering/docstore/modules/mongo/mongo.go:407.14,409.3 1 1
github.cbhq.net/engineering/docstore/modules/mongo/mongo.go:413.43,415.2 1 1
github.cbhq.net/engineering/docstore/modules/mongo/mongo.go:417.41,419.2 1 1
github.cbhq.net/engineering/docstore/modules/mongo/mongo.go:421.60,427.27 5 1
github.cbhq.net/engineering/docstore/modules/mongo/mongo.go:434.2,436.20 2 1
github.cbhq.net/engineering/docstore/modules/mongo/mongo.go:427.27,430.3 2 1
github.cbhq.net/engineering/docstore/modules/mongo/mongo.go:430.8,433.3 2 1
github.cbhq.net/engineering/docstore/modules/mongo/mongo.go:439.29,441.33 2 1
github.cbhq.net/engineering/docstore/modules/mongo/mongo.go:447.2,447.14 1 1
github.cbhq.net/engineering/docstore/modules/mongo/mongo.go:441.33,442.31 1 1
github.cbhq.net/engineering/docstore/modules/mongo/mongo.go:442.31,444.4 1 1
github.cbhq.net/engineering/docstore/modules/mongo/mongo.go:450.60,456.27 5 1
github.cbhq.net/engineering/docstore/modules/mongo/mongo.go:461.2,466.45 5 1
github.cbhq.net/engineering/docstore/modules/mongo/mongo.go:471.2,475.20 3 1
github.cbhq.net/engineering/docstore/modules/mongo/mongo.go:456.27,458.3 1 1
github.cbhq.net/engineering/docstore/modules/mongo/mongo.go:458.8,460.3 1 1
github.cbhq.net/engineering/docstore/modules/mongo/mongo.go:466.45,468.3 1 1
github.cbhq.net/engineering/docstore/modules/mongo/mongo.go:468.8,470.3 1 1
github.cbhq.net/engineering/docstore/modules/mongo/mongo.go:478.45,479.29 1 1
github.cbhq.net/engineering/docstore/modules/mongo/mongo.go:482.2,482.83 1 0
github.cbhq.net/engineering/docstore/modules/mongo/mongo.go:479.29,481.3 1 1
github.cbhq.net/engineering/docstore/modules/mongo/mongo.go:485.45,486.29 1 1
github.cbhq.net/engineering/docstore/modules/mongo/mongo.go:489.2,489.83 1 0
github.cbhq.net/engineering/docstore/modules/mongo/mongo.go:486.29,488.3 1 1
github.cbhq.net/engineering/docstore/modules/mongo/mongo.go:492.35,493.24 1 0
github.cbhq.net/engineering/docstore/modules/mongo/mongo.go:496.2,496.15 1 0
github.cbhq.net/engineering/docstore/modules/mongo/mongo.go:493.24,495.3 1 0
github.cbhq.net/engineering/docstore/modules/mongo/mongo.go:499.35,501.2 1 1
github.cbhq.net/engineering/docstore/modules/mongo/mongo.go:503.36,506.35 3 1
github.cbhq.net/engineering/docstore/modules/mongo/mongo.go:517.2,519.20 2 1
github.cbhq.net/engineering/docstore/modules/mongo/mongo.go:506.35,507.14 1 1
github.cbhq.net/engineering/docstore/modules/mongo/mongo.go:511.3,515.20 5 1
github.cbhq.net/engineering/docstore/modules/mongo/mongo.go:507.14,509.4 1 1
github.cbhq.net/engineering/docstore/modules/mongo/mongo.go:522.44,524.2 1 1
github.cbhq.net/engineering/docstore/modules/mongo/mongo.go:526.55,528.25 2 1
github.cbhq.net/engineering/docstore/modules/mongo/mongo.go:531.2,531.32 1 1
github.cbhq.net/engineering/docstore/modules/mongo/mongo.go:528.25,530.3 1 1
github.cbhq.net/engineering/docstore/modules/mongo/mongo.go:534.50,536.25 2 1
github.cbhq.net/engineering/docstore/modules/mongo/mongo.go:539.2,539.12 1 1
github.cbhq.net/engineering/docstore/modules/mongo/mongo.go:536.25,538.3 1 1
github.cbhq.net/engineering/docstore/modules/mongo/mongo.go:542.89,544.28 2 1
github.cbhq.net/engineering/docstore/modules/mongo/mongo.go:556.2,556.14 1 1
github.cbhq.net/engineering/docstore/modules/mongo/mongo.go:544.28,555.3 4 1
github.cbhq.net/engineering/docstore/modules/mongo/mongo.go:562.86,563.25 1 1
github.cbhq.net/engineering/docstore/modules/mongo/mongo.go:567.2,570.27 4 1
github.cbhq.net/engineering/docstore/modules/mongo/mongo.go:597.2,597.9 1 1
github.cbhq.net/engineering/docstore/modules/mongo/mongo.go:605.2,605.92 1 1
github.cbhq.net/engineering/docstore/modules/mongo/mongo.go:563.25,565.3 1 0
github.cbhq.net/engineering/docstore/modules/mongo/mongo.go:571.29,572.18 1 1
github.cbhq.net/engineering/docstore/modules/mongo/mongo.go:573.29,574.50 1 1
github.cbhq.net/engineering/docstore/modules/mongo/mongo.go:575.82,576.19 1 0
github.cbhq.net/engineering/docstore/modules/mongo/mongo.go:577.57,578.20 1 1
github.cbhq.net/engineering/docstore/modules/mongo/mongo.go:579.82,580.19 1 1
github.cbhq.net/engineering/docstore/modules/mongo/mongo.go:581.57,582.20 1 0
github.cbhq.net/engineering/docstore/modules/mongo/mongo.go:583.30,584.21 1 0
github.cbhq.net/engineering/docstore/modules/mongo/mongo.go:585.31,586.21 1 0
github.cbhq.net/engineering/docstore/modules/mongo/mongo.go:587.31,588.20 1 1
github.cbhq.net/engineering/docstore/modules/mongo/mongo.go:589.30,591.18 2 1
github.cbhq.net/engineering/docstore/modules/mongo/mongo.go:592.56,595.24 3 1
github.cbhq.net/engineering/docstore/modules/mongo/mongo.go:598.27,599.80 1 1
github.cbhq.net/engineering/docstore/modules/mongo/mongo.go:600.26,603.87 3 1
github.cbhq.net/engineering/docstore/modules/mongo/mongo.go:608.85,611.19 3 1
github.cbhq.net/engineering/docstore/modules/mongo/mongo.go:625.2,625.12 1 0
github.cbhq.net/engineering/docstore/modules/mongo/mongo.go:611.19,612.31 1 1
github.cbhq.net/engineering/docstore/modules/mongo/mongo.go:612.31,613.39 1 1
github.cbhq.net/engineering/docstore/modules/mongo/mongo.go:613.39,616.21 3 1
github.cbhq.net/engineering/docstore/modules/mongo/mongo.go:619.5,621.10 2 1
github.cbhq.net/engineering/docstore/modules/mongo/mongo.go:616.21,618.6 1 1
github.cbhq.net/engineering/docstore/modules/mongo/mongo.go:628.36,629.24 1 1
github.cbhq.net/engineering/docstore/modules/mongo/mongo.go:632.2,632.12 1 0
github.cbhq.net/engineering/docstore/modules/mongo/mongo.go:629.24,631.3 1 1
github.cbhq.net/engineering/docstore/modules/mongo/mongo.go:635.55,637.29 2 1
github.cbhq.net/engineering/docstore/modules/mongo/mongo.go:649.2,649.15 1 1
github.cbhq.net/engineering/docstore/modules/mongo/mongo.go:652.2,652.16 1 1
github.cbhq.net/engineering/docstore/modules/mongo/mongo.go:637.29,638.33 1 1
github.cbhq.net/engineering/docstore/modules/mongo/mongo.go:638.33,639.17 1 1
github.cbhq.net/engineering/docstore/modules/mongo/mongo.go:646.4,646.10 1 1
github.cbhq.net/engineering/docstore/modules/mongo/mongo.go:639.17,645.5 1 0
github.cbhq.net/engineering/docstore/modules/mongo/mongo.go:649.15,651.3 1 0
github.cbhq.net/engineering/docstore/modules/mongo/mongo.go:655.43,656.31 1 1
github.cbhq.net/engineering/docstore/modules/mongo/mongo.go:660.2,660.13 1 1
github.cbhq.net/engineering/docstore/modules/mongo/mongo.go:656.31,658.3 1 1
github.cbhq.net/engineering/docstore/modules/mongo/mongo.go:665.36,667.2 1 1
github.cbhq.net/engineering/docstore/modules/mongo/mongo.go:669.34,671.2 1 1
github.cbhq.net/engineering/docstore/modules/mongo/mongo.go:673.40,674.17 1 1
github.cbhq.net/engineering/docstore/modules/mongo/mongo.go:677.2,680.16 4 1
github.cbhq.net/engineering/docstore/modules/mongo/mongo.go:674.17,676.3 1 0
github.cbhq.net/engineering/docstore/modules/mongo/mongo.go:683.124,687.29 3 1
github.cbhq.net/engineering/docstore/modules/mongo/mongo.go:691.2,691.23 1 1
github.cbhq.net/engineering/docstore/modules/mongo/mongo.go:732.2,732.12 1 1
github.cbhq.net/engineering/docstore/modules/mongo/mongo.go:687.29,689.3 1 1
github.cbhq.net/engineering/docstore/modules/mongo/mongo.go:691.23,695.30 3 1
github.cbhq.net/engineering/docstore/modules/mongo/mongo.go:699.3,700.35 2 1
github.cbhq.net/engineering/docstore/modules/mongo/mongo.go:704.3,725.73 8 1
github.cbhq.net/engineering/docstore/modules/mongo/mongo.go:695.30,697.4 1 1
github.cbhq.net/engineering/docstore/modules/mongo/mongo.go:700.35,702.4 1 1
github.cbhq.net/engineering/docstore/modules/mongo/mongo.go:725.73,726.31 1 1
github.cbhq.net/engineering/docstore/modules/mongo/mongo.go:726.31,728.5 1 1
github.cbhq.net/engineering/docstore/modules/mongo/operators.go:29.67,30.37 1 1
github.cbhq.net/engineering/docstore/modules/mongo/operators.go:33.2,33.37 1 1
github.cbhq.net/engineering/docstore/modules/mongo/operators.go:38.2,38.40 1 1
github.cbhq.net/engineering/docstore/modules/mongo/operators.go:30.37,32.3 1 1
github.cbhq.net/engineering/docstore/modules/mongo/operators.go:33.37,35.3 1 1
github.cbhq.net/engineering/docstore/modules/mongo/operators.go:58.51,64.2 2 1
github.cbhq.net/engineering/docstore/modules/mongo/validation.go:33.115,36.16 2 1
github.cbhq.net/engineering/docstore/modules/mongo/validation.go:41.2,43.24 2 1
github.cbhq.net/engineering/docstore/modules/mongo/validation.go:51.2,51.13 1 1
github.cbhq.net/engineering/docstore/modules/mongo/validation.go:57.2,57.12 1 1
github.cbhq.net/engineering/docstore/modules/mongo/validation.go:36.16,38.3 1 0
github.cbhq.net/engineering/docstore/modules/mongo/validation.go:44.55,45.16 1 1
github.cbhq.net/engineering/docstore/modules/mongo/validation.go:46.32,47.85 1 1
github.cbhq.net/engineering/docstore/modules/mongo/validation.go:47.85,49.4 1 1
github.cbhq.net/engineering/docstore/modules/mongo/validation.go:51.13,55.3 1 0
github.cbhq.net/engineering/docstore/modules/mongo/validation.go:61.106,63.39 2 1
github.cbhq.net/engineering/docstore/modules/mongo/validation.go:72.2,72.12 1 1
github.cbhq.net/engineering/docstore/modules/mongo/validation.go:63.39,64.27 1 1
github.cbhq.net/engineering/docstore/modules/mongo/validation.go:64.27,66.35 2 1
github.cbhq.net/engineering/docstore/modules/mongo/validation.go:66.35,68.5 1 1
github.cbhq.net/engineering/docstore/modules/mongo/validation.go:76.110,77.39 1 1
github.cbhq.net/engineering/docstore/modules/mongo/validation.go:82.2,82.12 1 1
github.cbhq.net/engineering/docstore/modules/mongo/validation.go:77.39,78.101 1 1
github.cbhq.net/engineering/docstore/modules/mongo/validation.go:78.101,80.4 1 0
github.cbhq.net/engineering/docstore/modules/mongo/validation.go:86.109,88.2 1 1
github.cbhq.net/engineering/docstore/modules/mongo/validation.go:92.123,94.39 2 1
github.cbhq.net/engineering/docstore/modules/mongo/validation.go:102.2,102.12 1 1
github.cbhq.net/engineering/docstore/modules/mongo/validation.go:94.39,95.17 1 1
github.cbhq.net/engineering/docstore/modules/mongo/validation.go:95.17,96.34 1 1
github.cbhq.net/engineering/docstore/modules/mongo/validation.go:96.34,98.5 1 0
github.cbhq.net/engineering/docstore/modules/mongo/validation.go:108.110,114.42 4 1
github.cbhq.net/engineering/docstore/modules/mongo/validation.go:118.2,118.39 1 1
github.cbhq.net/engineering/docstore/modules/mongo/validation.go:129.2,131.3 1 1
github.cbhq.net/engineering/docstore/modules/mongo/validation.go:114.42,116.3 1 1
github.cbhq.net/engineering/docstore/modules/mongo/validation.go:118.39,119.32 1 1
github.cbhq.net/engineering/docstore/modules/mongo/validation.go:119.32,121.56 1 1
github.cbhq.net/engineering/docstore/modules/mongo/validation.go:125.4,125.14 1 1
github.cbhq.net/engineering/docstore/modules/mongo/validation.go:121.56,123.5 1 0
github.cbhq.net/engineering/docstore/modules/mongo/validation.go:134.104,135.50 1 1
github.cbhq.net/engineering/docstore/modules/mongo/validation.go:141.2,141.61 1 1
github.cbhq.net/engineering/docstore/modules/mongo/validation.go:135.50,136.47 1 1
github.cbhq.net/engineering/docstore/modules/mongo/validation.go:139.3,139.13 1 1
github.cbhq.net/engineering/docstore/modules/mongo/validation.go:136.47,138.4 1 0
github.cbhq.net/engineering/docstore/modules/mongo/validation.go:144.121,145.39 1 1
github.cbhq.net/engineering/docstore/modules/mongo/validation.go:163.2,163.12 1 1
github.cbhq.net/engineering/docstore/modules/mongo/validation.go:145.39,147.51 2 1
github.cbhq.net/engineering/docstore/modules/mongo/validation.go:158.3,159.17 2 1
github.cbhq.net/engineering/docstore/modules/mongo/validation.go:147.51,148.48 1 1
github.cbhq.net/engineering/docstore/modules/mongo/validation.go:155.4,155.14 1 1
github.cbhq.net/engineering/docstore/modules/mongo/validation.go:148.48,149.20 1 1
github.cbhq.net/engineering/docstore/modules/mongo/validation.go:153.5,153.23 1 1
github.cbhq.net/engineering/docstore/modules/mongo/validation.go:149.20,151.6 1 0
github.cbhq.net/engineering/docstore/modules/mongo/validation.go:159.17,161.4 1 0
github.cbhq.net/engineering/docstore/modules/mongo/validation.go:166.97,171.17 4 1
github.cbhq.net/engineering/docstore/modules/mongo/validation.go:175.2,176.15 2 1
github.cbhq.net/engineering/docstore/modules/mongo/validation.go:181.2,184.17 4 1
github.cbhq.net/engineering/docstore/modules/mongo/validation.go:187.2,188.15 2 1
github.cbhq.net/engineering/docstore/modules/mongo/validation.go:192.2,193.15 2 1
github.cbhq.net/engineering/docstore/modules/mongo/validation.go:200.2,201.39 2 1
github.cbhq.net/engineering/docstore/modules/mongo/validation.go:210.2,210.12 1 1
github.cbhq.net/engineering/docstore/modules/mongo/validation.go:171.17,173.3 1 1
github.cbhq.net/engineering/docstore/modules/mongo/validation.go:176.15,178.3 1 0
github.cbhq.net/engineering/docstore/modules/mongo/validation.go:184.17,186.3 1 0
github.cbhq.net/engineering/docstore/modules/mongo/validation.go:188.15,190.3 1 0
github.cbhq.net/engineering/docstore/modules/mongo/validation.go:193.15,195.3 1 0
github.cbhq.net/engineering/docstore/modules/mongo/validation.go:201.39,202.44 1 1
github.cbhq.net/engineering/docstore/modules/mongo/validation.go:202.44,207.4 1 1
github.cbhq.net/engineering/docstore/modules/mongo/validation.go:213.55,214.31 1 1
github.cbhq.net/engineering/docstore/modules/mongo/validation.go:218.2,218.27 1 1
github.cbhq.net/engineering/docstore/modules/mongo/validation.go:226.2,226.13 1 1
github.cbhq.net/engineering/docstore/modules/mongo/validation.go:214.31,216.3 1 1
github.cbhq.net/engineering/docstore/modules/mongo/validation.go:218.27,221.13 3 1
github.cbhq.net/engineering/docstore/modules/mongo/validation.go:221.13,223.4 1 1
github.cbhq.net/engineering/docstore/modules/mongo/validation.go:229.48,230.27 1 1
github.cbhq.net/engineering/docstore/modules/mongo/validation.go:236.2,236.14 1 1
github.cbhq.net/engineering/docstore/modules/mongo/validation.go:230.27,232.14 2 1
github.cbhq.net/engineering/docstore/modules/mongo/validation.go:232.14,234.4 1 0
github.cbhq.net/engineering/docstore/modules/mongo/validation.go:241.117,242.27 1 1
github.cbhq.net/engineering/docstore/modules/mongo/validation.go:262.2,262.12 1 1
github.cbhq.net/engineering/docstore/modules/mongo/validation.go:242.27,247.20 5 1
github.cbhq.net/engineering/docstore/modules/mongo/validation.go:257.3,258.17 2 1
github.cbhq.net/engineering/docstore/modules/mongo/validation.go:247.20,249.17 2 1
github.cbhq.net/engineering/docstore/modules/mongo/validation.go:252.4,253.20 2 1
github.cbhq.net/engineering/docstore/modules/mongo/validation.go:249.17,251.5 1 0
github.cbhq.net/engineering/docstore/modules/mongo/validation.go:253.20,255.5 1 1
github.cbhq.net/engineering/docstore/modules/mongo/validation.go:258.17,260.4 1 0
github.cbhq.net/engineering/docstore/modules/mongo/validation.go:265.49,267.2 1 1
github.cbhq.net/engineering/docstore/modules/mongo/validation.go:274.9,275.26 1 1
github.cbhq.net/engineering/docstore/modules/mongo/validation.go:279.2,281.41 2 1
github.cbhq.net/engineering/docstore/modules/mongo/validation.go:291.2,291.37 1 1
github.cbhq.net/engineering/docstore/modules/mongo/validation.go:301.2,301.12 1 1
github.cbhq.net/engineering/docstore/modules/mongo/validation.go:275.26,277.3 1 1
github.cbhq.net/engineering/docstore/modules/mongo/validation.go:281.41,282.111 1 1
github.cbhq.net/engineering/docstore/modules/mongo/validation.go:282.111,283.48 1 1
github.cbhq.net/engineering/docstore/modules/mongo/validation.go:287.4,287.14 1 1
github.cbhq.net/engineering/docstore/modules/mongo/validation.go:283.48,285.5 1 1
github.cbhq.net/engineering/docstore/modules/mongo/validation.go:291.37,299.3 2 1
github.cbhq.net/engineering/docstore/modules/mongo/validation.go:309.9,310.26 1 1
github.cbhq.net/engineering/docstore/modules/mongo/validation.go:314.2,316.115 2 1
github.cbhq.net/engineering/docstore/modules/mongo/validation.go:324.2,324.40 1 1
github.cbhq.net/engineering/docstore/modules/mongo/validation.go:334.2,334.12 1 1
github.cbhq.net/engineering/docstore/modules/mongo/validation.go:310.26,312.3 1 1
github.cbhq.net/engineering/docstore/modules/mongo/validation.go:316.115,317.47 1 1
github.cbhq.net/engineering/docstore/modules/mongo/validation.go:321.3,321.13 1 1
github.cbhq.net/engineering/docstore/modules/mongo/validation.go:317.47,319.4 1 1
github.cbhq.net/engineering/docstore/modules/mongo/validation.go:324.40,332.3 2 1
github.cbhq.net/engineering/docstore/modules/mongo/validation.go:342.9,343.26 1 1
github.cbhq.net/engineering/docstore/modules/mongo/validation.go:347.2,349.30 2 1
github.cbhq.net/engineering/docstore/modules/mongo/validation.go:367.2,367.12 1 1
github.cbhq.net/engineering/docstore/modules/mongo/validation.go:343.26,345.3 1 1
github.cbhq.net/engineering/docstore/modules/mongo/validation.go:349.30,351.47 2 1
github.cbhq.net/engineering/docstore/modules/mongo/validation.go:358.3,359.35 2 1
github.cbhq.net/engineering/docstore/modules/mongo/validation.go:351.47,356.4 1 1
github.cbhq.net/engineering/docstore/modules/mongo/validation.go:359.35,364.4 1 1
github.cbhq.net/engineering/docstore/testhelpers/testhelpers.go:28.49,35.2 4 0
github.cbhq.net/engineering/docstore/testhelpers/testhelpers.go:38.73,46.28 6 1
github.cbhq.net/engineering/docstore/testhelpers/testhelpers.go:50.2,50.32 1 1
github.cbhq.net/engineering/docstore/testhelpers/testhelpers.go:46.28,48.3 1 0
github.cbhq.net/engineering/docstore/testhelpers/testhelpers.go:50.32,53.27 1 1
github.cbhq.net/engineering/docstore/testhelpers/testhelpers.go:57.3,57.33 1 1
github.cbhq.net/engineering/docstore/testhelpers/testhelpers.go:81.3,81.14 1 1
github.cbhq.net/engineering/docstore/testhelpers/testhelpers.go:53.27,55.4 1 0
github.cbhq.net/engineering/docstore/testhelpers/testhelpers.go:57.33,63.32 3 1
github.cbhq.net/engineering/docstore/testhelpers/testhelpers.go:66.4,66.32 1 1
github.cbhq.net/engineering/docstore/testhelpers/testhelpers.go:70.4,73.20 3 1
github.cbhq.net/engineering/docstore/testhelpers/testhelpers.go:76.4,76.28 1 1
github.cbhq.net/engineering/docstore/testhelpers/testhelpers.go:63.32,65.5 1 1
github.cbhq.net/engineering/docstore/testhelpers/testhelpers.go:66.32,68.5 1 1
github.cbhq.net/engineering/docstore/testhelpers/testhelpers.go:73.20,75.5 1 0
github.cbhq.net/engineering/docstore/testhelpers/testhelpers.go:76.28,78.5 1 1
github.cbhq.net/engineering/docstore/testhelpers/testhelpers.go:82.8,87.31 3 1
github.cbhq.net/engineering/docstore/testhelpers/testhelpers.go:92.3,92.31 1 1
github.cbhq.net/engineering/docstore/testhelpers/testhelpers.go:98.3,100.19 3 1
github.cbhq.net/engineering/docstore/testhelpers/testhelpers.go:103.3,103.29 1 1
github.cbhq.net/engineering/docstore/testhelpers/testhelpers.go:87.31,91.4 3 1
github.cbhq.net/engineering/docstore/testhelpers/testhelpers.go:92.31,96.4 3 1
github.cbhq.net/engineering/docstore/testhelpers/testhelpers.go:100.19,102.4 1 0
github.cbhq.net/engineering/docstore/testhelpers/testhelpers.go:108.52,112.46 3 0
github.cbhq.net/engineering/docstore/testhelpers/testhelpers.go:116.2,121.16 4 0
github.cbhq.net/engineering/docstore/testhelpers/testhelpers.go:127.2,131.16 4 0
github.cbhq.net/engineering/docstore/testhelpers/testhelpers.go:138.2,139.16 2 0
github.cbhq.net/engineering/docstore/testhelpers/testhelpers.go:146.2,149.64 2 0
github.cbhq.net/engineering/docstore/testhelpers/testhelpers.go:112.46,114.3 1 0
github.cbhq.net/engineering/docstore/testhelpers/testhelpers.go:121.16,125.3 2 0
github.cbhq.net/engineering/docstore/testhelpers/testhelpers.go:131.16,135.3 2 0
github.cbhq.net/engineering/docstore/testhelpers/testhelpers.go:139.16,143.3 2 0
github.cbhq.net/engineering/docstore/testhelpers/testhelpers.go:154.69,157.16 3 0
github.cbhq.net/engineering/docstore/testhelpers/testhelpers.go:160.2,160.12 1 0
github.cbhq.net/engineering/docstore/testhelpers/testhelpers.go:157.16,159.3 1 0
github.cbhq.net/engineering/docstore/testhelpers/testhelpers.go:163.46,168.16 4 0
github.cbhq.net/engineering/docstore/testhelpers/testhelpers.go:172.2,173.21 2 0
github.cbhq.net/engineering/docstore/testhelpers/testhelpers.go:168.16,170.3 1 0
